#
# There is insufficient memory for the Java Runtime Environment to continue.
# Native memory allocation (malloc) failed to allocate 1557528 bytes. Error detail: Chunk::new
# Possible reasons:
#   The system is out of physical RAM or swap space
#   This process is running with CompressedOops enabled, and the Java Heap may be blocking the growth of the native heap
# Possible solutions:
#   Reduce memory load on the system
#   Increase physical memory or swap space
#   Check if swap backing store is full
#   Decrease Java heap size (-Xmx/-Xms)
#   Decrease number of Java threads
#   Decrease Java thread stack sizes (-Xss)
#   Set larger code cache with -XX:ReservedCodeCacheSize=
#   JVM is running with Zero Based Compressed Oops mode in which the Java heap is
#     placed in the first 32GB address space. The Java Heap base address is the
#     maximum limit for the native heap growth. Please use -XX:HeapBaseMinAddress
#     to set the Java Heap base and to place the Java Heap above 32GB virtual address.
# This output file may be truncated or incomplete.
#
#  Out of Memory Error (arena.cpp:186), pid=3688, tid=18260
#
# JRE version: OpenJDK Runtime Environment JBR-25.0.2+1-329.117-jcef (25.0.2+1) (build 25.0.2+1-b329.117)
# Java VM: OpenJDK 64-Bit Server VM JBR-25.0.2+1-329.117-jcef (25.0.2+1-b329.117, mixed mode, sharing, tiered, compressed oops, compressed class ptrs, g1 gc, windows-amd64)
# No core dump will be written. Minidumps are not enabled by default on client versions of Windows
#

---------------  S U M M A R Y ------------

Command Line: git4idea.http.GitAskPassApp Username for 'https://github.com': 

Host: 12th Gen Intel(R) Core(TM) i5-12400F, 12 cores, 15G,  Windows 11 , 64 bit Build 26100 (10.0.26100.7309)
Time: Sun Jul  5 19:30:22 2026 SE Asia Standard Time elapsed time: 2.254233 seconds (0d 0h 0m 2s)

---------------  T H R E A D  ---------------

Current thread (0x00000280fd1f2c90):  JavaThread "C2 CompilerThread0" daemon [_thread_in_native, id=18260, stack(0x000000df05700000,0x000000df05800000) (1024K)]


Current CompileTask:
C2:2254  247       4       java.lang.StringLatin1::toUpperCase (219 bytes)

Stack: [0x000000df05700000,0x000000df05800000]
Native frames: (J=compiled Java code, j=interpreted, Vv=VM code, C=native code)
V  [jvm.dll+0x7c0cc9]  (no source info available)
V  [jvm.dll+0x78a49d]  (no source info available)
V  [jvm.dll+0xa0e693]  (no source info available)
V  [jvm.dll+0xa10e8c]  (no source info available)
V  [jvm.dll+0xa11583]  (no source info available)
V  [jvm.dll+0x307b46]  (no source info available)
V  [jvm.dll+0x114676]  (no source info available)
V  [jvm.dll+0x1149a6]  (no source info available)
V  [jvm.dll+0x1a9114]  (no source info available)
V  [jvm.dll+0x3c1102]  (no source info available)
V  [jvm.dll+0x7c6628]  (no source info available)
V  [jvm.dll+0x2c9c67]  (no source info available)
V  [jvm.dll+0x2c8bdb]  (no source info available)
V  [jvm.dll+0x240560]  (no source info available)
V  [jvm.dll+0x2d8c64]  (no source info available)
V  [jvm.dll+0x2d6e8b]  (no source info available)
V  [jvm.dll+0x49dbc5]  (no source info available)
V  [jvm.dll+0x9ae57d]  (no source info available)
V  [jvm.dll+0x7bf1e5]  (no source info available)
C  [ucrtbase.dll+0x37b0]  (no source info available)
C  [KERNEL32.DLL+0x2e8d7]  (no source info available)
C  [ntdll.dll+0x8c53c]  (no source info available)

Lock stack of current Java thread (top to bottom):


---------------  P R O C E S S  ---------------

Threads class SMR info:
_java_thread_list=0x00000280fd6b8c80, length=12, elements={
0x00000280eea55380, 0x00000280fd1b2f20, 0x00000280fd1b65f0, 0x00000280fd1b8520,
0x00000280fd1b0f60, 0x00000280fd1b1730, 0x00000280fd1b26d0, 0x00000280fd1eacf0,
0x00000280fd1f2c90, 0x00000280fd1f7d30, 0x00000280fd1ebc90, 0x00000280fd1f6d10
}

Java Threads: ( => current thread )
  0x00000280eea55380 JavaThread "main"                              [_thread_in_Java, id=14540, stack(0x000000df04800000,0x000000df04900000) (1024K)]
  0x00000280fd1b2f20 JavaThread "Common-Cleaner"             daemon [_thread_blocked, id=18300, stack(0x000000df05000000,0x000000df05100000) (1024K)]
  0x00000280fd1b65f0 JavaThread "Reference Handler"          daemon [_thread_blocked, id=28136, stack(0x000000df05100000,0x000000df05200000) (1024K)]
  0x00000280fd1b8520 JavaThread "Finalizer"                  daemon [_thread_blocked, id=10788, stack(0x000000df05200000,0x000000df05300000) (1024K)]
  0x00000280fd1b0f60 JavaThread "Signal Dispatcher"          daemon [_thread_blocked, id=2252, stack(0x000000df05300000,0x000000df05400000) (1024K)]
  0x00000280fd1b1730 JavaThread "Attach Listener"            daemon [_thread_blocked, id=7816, stack(0x000000df05400000,0x000000df05500000) (1024K)]
  0x00000280fd1b26d0 JavaThread "Service Thread"             daemon [_thread_blocked, id=28908, stack(0x000000df05500000,0x000000df05600000) (1024K)]
  0x00000280fd1eacf0 JavaThread "Monitor Deflation Thread"   daemon [_thread_blocked, id=16316, stack(0x000000df05600000,0x000000df05700000) (1024K)]
=>0x00000280fd1f2c90 JavaThread "C2 CompilerThread0"         daemon [_thread_in_native, id=18260, stack(0x000000df05700000,0x000000df05800000) (1024K)]
  0x00000280fd1f7d30 JavaThread "C1 CompilerThread0"         daemon [_thread_blocked, id=648, stack(0x000000df05800000,0x000000df05900000) (1024K)]
  0x00000280fd1ebc90 JavaThread "Notification Thread"        daemon [_thread_blocked, id=23912, stack(0x000000df05900000,0x000000df05a00000) (1024K)]
  0x00000280fd1f6d10 JavaThread "C2 CompilerThread1"         daemon [_thread_blocked, id=29016, stack(0x000000df05a00000,0x000000df05b00000) (1024K)]
Total: 12

Other Threads:
  0x00000280fd199d20 VMThread "VM Thread"                           [id=16600, stack(0x000000df04f00000,0x000000df05000000) (1024K)]
  0x00000280fd05eba0 WatcherThread "VM Periodic Task Thread"        [id=15376, stack(0x000000df04e00000,0x000000df04f00000) (1024K)]
  0x00000280f0e78030 WorkerThread "GC Thread#0"                     [id=26576, stack(0x000000df04900000,0x000000df04a00000) (1024K)]
  0x00000280f0e90ca0 ConcurrentGCThread "G1 Main Marker"            [id=19716, stack(0x000000df04a00000,0x000000df04b00000) (1024K)]
  0x00000280f0e91840 WorkerThread "G1 Conc#0"                       [id=23108, stack(0x000000df04b00000,0x000000df04c00000) (1024K)]
  0x00000280fd04f410 ConcurrentGCThread "G1 Refine#0"               [id=26184, stack(0x000000df04c00000,0x000000df04d00000) (1024K)]
  0x00000280fd052480 ConcurrentGCThread "G1 Service"                [id=2236, stack(0x000000df04d00000,0x000000df04e00000) (1024K)]
Total: 7

Threads with active compile tasks:
C2 CompilerThread0  2288  247       4       java.lang.StringLatin1::toUpperCase (219 bytes)
Total: 1

VM state: not at safepoint (normal execution)

VM Mutex/Monitor currently owned by a thread: None

Heap address: 0x0000000702e00000, size: 4050 MB, Compressed Oops mode: Zero based, Oop shift amount: 3

CDS archive(s) mapped at: [0x000000002c000000-0x000000002dcd0000-0x000000002dcd0000), size 30212096, SharedBaseAddress: 0x000000002c000000, ArchiveRelocationMode: 1.
Compressed class space mapped at: 0x000000002e000000-0x000000006e000000, reserved size: 1073741824
UseCompressedClassPointers 1, UseCompactObjectHeaders 0
Narrow klass pointer bits 32, Max shift 3
Narrow klass base: 0x000000002c000000, Narrow klass shift: 0
Encoding Range: [0x000000002c000000 - 0x000000012c000000), (4294967296 bytes)
Klass Range:    [0x000000002c010000 - 0x000000006e000000), (1107230720 bytes)
Klass ID Range:  [65536 - 1107296249) (1107230713)
Protection zone: [0x000000002c000000 - 0x000000002c010000), (65536 bytes)

GC Precious Log:
 CardTable entry size: 512
 Card Set container configuration: InlinePtr #cards 4 size 8 Array Of Cards #cards 16 size 48 Howl #buckets 8 coarsen threshold 3686 Howl Bitmap #cards 512 size 80 coarsen threshold 460 Card regions per heap region 1 cards per card region 4096
 CPUs: 12 total, 12 available
 Memory: 16197M
 Large Page Support: Disabled
 NUMA Support: Disabled
 Compressed Oops: Enabled (Zero based)
 Heap Region Size: 2M
 Heap Min Capacity: 8M
 Heap Initial Capacity: 254M
 Heap Max Capacity: 4050M
 Pre-touch: Disabled
 Parallel Workers: 10
 Concurrent Workers: 3
 Concurrent Refinement Workers: 10
 Periodic GC: Disabled

Heap:
 garbage-first heap   total reserved 4147200K, committed 264192K, used 6404K [0x0000000702e00000, 0x0000000800000000)
  region size 2048K, 3 young (6144K), 0 survivors (0K)

Heap Regions: E=young(eden), S=young(survivor), O=old, HS=humongous(starts), HC=humongous(continues), CS=collection set, F=free, TAMS=top-at-mark-start, PB=parsable bottom
|   0|0x0000000702e00000, 0x0000000702e00000, 0x0000000703000000|  0%| F|  |TAMS 0x0000000702e00000| PB 0x0000000702e00000| Untracked |  0
|   1|0x0000000703000000, 0x0000000703000000, 0x0000000703200000|  0%| F|  |TAMS 0x0000000703000000| PB 0x0000000703000000| Untracked |  0
|   2|0x0000000703200000, 0x0000000703200000, 0x0000000703400000|  0%| F|  |TAMS 0x0000000703200000| PB 0x0000000703200000| Untracked |  0
|   3|0x0000000703400000, 0x0000000703400000, 0x0000000703600000|  0%| F|  |TAMS 0x0000000703400000| PB 0x0000000703400000| Untracked |  0
|   4|0x0000000703600000, 0x0000000703600000, 0x0000000703800000|  0%| F|  |TAMS 0x0000000703600000| PB 0x0000000703600000| Untracked |  0
|   5|0x0000000703800000, 0x0000000703800000, 0x0000000703a00000|  0%| F|  |TAMS 0x0000000703800000| PB 0x0000000703800000| Untracked |  0
|   6|0x0000000703a00000, 0x0000000703a00000, 0x0000000703c00000|  0%| F|  |TAMS 0x0000000703a00000| PB 0x0000000703a00000| Untracked |  0
|   7|0x0000000703c00000, 0x0000000703c00000, 0x0000000703e00000|  0%| F|  |TAMS 0x0000000703c00000| PB 0x0000000703c00000| Untracked |  0
|   8|0x0000000703e00000, 0x0000000703e00000, 0x0000000704000000|  0%| F|  |TAMS 0x0000000703e00000| PB 0x0000000703e00000| Untracked |  0
|   9|0x0000000704000000, 0x0000000704000000, 0x0000000704200000|  0%| F|  |TAMS 0x0000000704000000| PB 0x0000000704000000| Untracked |  0
|  10|0x0000000704200000, 0x0000000704200000, 0x0000000704400000|  0%| F|  |TAMS 0x0000000704200000| PB 0x0000000704200000| Untracked |  0
|  11|0x0000000704400000, 0x0000000704400000, 0x0000000704600000|  0%| F|  |TAMS 0x0000000704400000| PB 0x0000000704400000| Untracked |  0
|  12|0x0000000704600000, 0x0000000704600000, 0x0000000704800000|  0%| F|  |TAMS 0x0000000704600000| PB 0x0000000704600000| Untracked |  0
|  13|0x0000000704800000, 0x0000000704800000, 0x0000000704a00000|  0%| F|  |TAMS 0x0000000704800000| PB 0x0000000704800000| Untracked |  0
|  14|0x0000000704a00000, 0x0000000704a00000, 0x0000000704c00000|  0%| F|  |TAMS 0x0000000704a00000| PB 0x0000000704a00000| Untracked |  0
|  15|0x0000000704c00000, 0x0000000704c00000, 0x0000000704e00000|  0%| F|  |TAMS 0x0000000704c00000| PB 0x0000000704c00000| Untracked |  0
|  16|0x0000000704e00000, 0x0000000704e00000, 0x0000000705000000|  0%| F|  |TAMS 0x0000000704e00000| PB 0x0000000704e00000| Untracked |  0
|  17|0x0000000705000000, 0x0000000705000000, 0x0000000705200000|  0%| F|  |TAMS 0x0000000705000000| PB 0x0000000705000000| Untracked |  0
|  18|0x0000000705200000, 0x0000000705200000, 0x0000000705400000|  0%| F|  |TAMS 0x0000000705200000| PB 0x0000000705200000| Untracked |  0
|  19|0x0000000705400000, 0x0000000705400000, 0x0000000705600000|  0%| F|  |TAMS 0x0000000705400000| PB 0x0000000705400000| Untracked |  0
|  20|0x0000000705600000, 0x0000000705600000, 0x0000000705800000|  0%| F|  |TAMS 0x0000000705600000| PB 0x0000000705600000| Untracked |  0
|  21|0x0000000705800000, 0x0000000705800000, 0x0000000705a00000|  0%| F|  |TAMS 0x0000000705800000| PB 0x0000000705800000| Untracked |  0
|  22|0x0000000705a00000, 0x0000000705a00000, 0x0000000705c00000|  0%| F|  |TAMS 0x0000000705a00000| PB 0x0000000705a00000| Untracked |  0
|  23|0x0000000705c00000, 0x0000000705c00000, 0x0000000705e00000|  0%| F|  |TAMS 0x0000000705c00000| PB 0x0000000705c00000| Untracked |  0
|  24|0x0000000705e00000, 0x0000000705e00000, 0x0000000706000000|  0%| F|  |TAMS 0x0000000705e00000| PB 0x0000000705e00000| Untracked |  0
|  25|0x0000000706000000, 0x0000000706000000, 0x0000000706200000|  0%| F|  |TAMS 0x0000000706000000| PB 0x0000000706000000| Untracked |  0
|  26|0x0000000706200000, 0x0000000706200000, 0x0000000706400000|  0%| F|  |TAMS 0x0000000706200000| PB 0x0000000706200000| Untracked |  0
|  27|0x0000000706400000, 0x0000000706400000, 0x0000000706600000|  0%| F|  |TAMS 0x0000000706400000| PB 0x0000000706400000| Untracked |  0
|  28|0x0000000706600000, 0x0000000706600000, 0x0000000706800000|  0%| F|  |TAMS 0x0000000706600000| PB 0x0000000706600000| Untracked |  0
|  29|0x0000000706800000, 0x0000000706800000, 0x0000000706a00000|  0%| F|  |TAMS 0x0000000706800000| PB 0x0000000706800000| Untracked |  0
|  30|0x0000000706a00000, 0x0000000706a00000, 0x0000000706c00000|  0%| F|  |TAMS 0x0000000706a00000| PB 0x0000000706a00000| Untracked |  0
|  31|0x0000000706c00000, 0x0000000706c00000, 0x0000000706e00000|  0%| F|  |TAMS 0x0000000706c00000| PB 0x0000000706c00000| Untracked |  0
|  32|0x0000000706e00000, 0x0000000706e00000, 0x0000000707000000|  0%| F|  |TAMS 0x0000000706e00000| PB 0x0000000706e00000| Untracked |  0
|  33|0x0000000707000000, 0x0000000707000000, 0x0000000707200000|  0%| F|  |TAMS 0x0000000707000000| PB 0x0000000707000000| Untracked |  0
|  34|0x0000000707200000, 0x0000000707200000, 0x0000000707400000|  0%| F|  |TAMS 0x0000000707200000| PB 0x0000000707200000| Untracked |  0
|  35|0x0000000707400000, 0x0000000707400000, 0x0000000707600000|  0%| F|  |TAMS 0x0000000707400000| PB 0x0000000707400000| Untracked |  0
|  36|0x0000000707600000, 0x0000000707600000, 0x0000000707800000|  0%| F|  |TAMS 0x0000000707600000| PB 0x0000000707600000| Untracked |  0
|  37|0x0000000707800000, 0x0000000707800000, 0x0000000707a00000|  0%| F|  |TAMS 0x0000000707800000| PB 0x0000000707800000| Untracked |  0
|  38|0x0000000707a00000, 0x0000000707a00000, 0x0000000707c00000|  0%| F|  |TAMS 0x0000000707a00000| PB 0x0000000707a00000| Untracked |  0
|  39|0x0000000707c00000, 0x0000000707c00000, 0x0000000707e00000|  0%| F|  |TAMS 0x0000000707c00000| PB 0x0000000707c00000| Untracked |  0
|  40|0x0000000707e00000, 0x0000000707e00000, 0x0000000708000000|  0%| F|  |TAMS 0x0000000707e00000| PB 0x0000000707e00000| Untracked |  0
|  41|0x0000000708000000, 0x0000000708000000, 0x0000000708200000|  0%| F|  |TAMS 0x0000000708000000| PB 0x0000000708000000| Untracked |  0
|  42|0x0000000708200000, 0x0000000708200000, 0x0000000708400000|  0%| F|  |TAMS 0x0000000708200000| PB 0x0000000708200000| Untracked |  0
|  43|0x0000000708400000, 0x0000000708400000, 0x0000000708600000|  0%| F|  |TAMS 0x0000000708400000| PB 0x0000000708400000| Untracked |  0
|  44|0x0000000708600000, 0x0000000708600000, 0x0000000708800000|  0%| F|  |TAMS 0x0000000708600000| PB 0x0000000708600000| Untracked |  0
|  45|0x0000000708800000, 0x0000000708800000, 0x0000000708a00000|  0%| F|  |TAMS 0x0000000708800000| PB 0x0000000708800000| Untracked |  0
|  46|0x0000000708a00000, 0x0000000708a00000, 0x0000000708c00000|  0%| F|  |TAMS 0x0000000708a00000| PB 0x0000000708a00000| Untracked |  0
|  47|0x0000000708c00000, 0x0000000708c00000, 0x0000000708e00000|  0%| F|  |TAMS 0x0000000708c00000| PB 0x0000000708c00000| Untracked |  0
|  48|0x0000000708e00000, 0x0000000708e00000, 0x0000000709000000|  0%| F|  |TAMS 0x0000000708e00000| PB 0x0000000708e00000| Untracked |  0
|  49|0x0000000709000000, 0x0000000709000000, 0x0000000709200000|  0%| F|  |TAMS 0x0000000709000000| PB 0x0000000709000000| Untracked |  0
|  50|0x0000000709200000, 0x0000000709200000, 0x0000000709400000|  0%| F|  |TAMS 0x0000000709200000| PB 0x0000000709200000| Untracked |  0
|  51|0x0000000709400000, 0x0000000709400000, 0x0000000709600000|  0%| F|  |TAMS 0x0000000709400000| PB 0x0000000709400000| Untracked |  0
|  52|0x0000000709600000, 0x0000000709600000, 0x0000000709800000|  0%| F|  |TAMS 0x0000000709600000| PB 0x0000000709600000| Untracked |  0
|  53|0x0000000709800000, 0x0000000709800000, 0x0000000709a00000|  0%| F|  |TAMS 0x0000000709800000| PB 0x0000000709800000| Untracked |  0
|  54|0x0000000709a00000, 0x0000000709a00000, 0x0000000709c00000|  0%| F|  |TAMS 0x0000000709a00000| PB 0x0000000709a00000| Untracked |  0
|  55|0x0000000709c00000, 0x0000000709c00000, 0x0000000709e00000|  0%| F|  |TAMS 0x0000000709c00000| PB 0x0000000709c00000| Untracked |  0
|  56|0x0000000709e00000, 0x0000000709e00000, 0x000000070a000000|  0%| F|  |TAMS 0x0000000709e00000| PB 0x0000000709e00000| Untracked |  0
|  57|0x000000070a000000, 0x000000070a000000, 0x000000070a200000|  0%| F|  |TAMS 0x000000070a000000| PB 0x000000070a000000| Untracked |  0
|  58|0x000000070a200000, 0x000000070a200000, 0x000000070a400000|  0%| F|  |TAMS 0x000000070a200000| PB 0x000000070a200000| Untracked |  0
|  59|0x000000070a400000, 0x000000070a400000, 0x000000070a600000|  0%| F|  |TAMS 0x000000070a400000| PB 0x000000070a400000| Untracked |  0
|  60|0x000000070a600000, 0x000000070a600000, 0x000000070a800000|  0%| F|  |TAMS 0x000000070a600000| PB 0x000000070a600000| Untracked |  0
|  61|0x000000070a800000, 0x000000070a800000, 0x000000070aa00000|  0%| F|  |TAMS 0x000000070a800000| PB 0x000000070a800000| Untracked |  0
|  62|0x000000070aa00000, 0x000000070aa00000, 0x000000070ac00000|  0%| F|  |TAMS 0x000000070aa00000| PB 0x000000070aa00000| Untracked |  0
|  63|0x000000070ac00000, 0x000000070ac00000, 0x000000070ae00000|  0%| F|  |TAMS 0x000000070ac00000| PB 0x000000070ac00000| Untracked |  0
|  64|0x000000070ae00000, 0x000000070ae00000, 0x000000070b000000|  0%| F|  |TAMS 0x000000070ae00000| PB 0x000000070ae00000| Untracked |  0
|  65|0x000000070b000000, 0x000000070b000000, 0x000000070b200000|  0%| F|  |TAMS 0x000000070b000000| PB 0x000000070b000000| Untracked |  0
|  66|0x000000070b200000, 0x000000070b200000, 0x000000070b400000|  0%| F|  |TAMS 0x000000070b200000| PB 0x000000070b200000| Untracked |  0
|  67|0x000000070b400000, 0x000000070b400000, 0x000000070b600000|  0%| F|  |TAMS 0x000000070b400000| PB 0x000000070b400000| Untracked |  0
|  68|0x000000070b600000, 0x000000070b600000, 0x000000070b800000|  0%| F|  |TAMS 0x000000070b600000| PB 0x000000070b600000| Untracked |  0
|  69|0x000000070b800000, 0x000000070b800000, 0x000000070ba00000|  0%| F|  |TAMS 0x000000070b800000| PB 0x000000070b800000| Untracked |  0
|  70|0x000000070ba00000, 0x000000070ba00000, 0x000000070bc00000|  0%| F|  |TAMS 0x000000070ba00000| PB 0x000000070ba00000| Untracked |  0
|  71|0x000000070bc00000, 0x000000070bc00000, 0x000000070be00000|  0%| F|  |TAMS 0x000000070bc00000| PB 0x000000070bc00000| Untracked |  0
|  72|0x000000070be00000, 0x000000070be00000, 0x000000070c000000|  0%| F|  |TAMS 0x000000070be00000| PB 0x000000070be00000| Untracked |  0
|  73|0x000000070c000000, 0x000000070c000000, 0x000000070c200000|  0%| F|  |TAMS 0x000000070c000000| PB 0x000000070c000000| Untracked |  0
|  74|0x000000070c200000, 0x000000070c200000, 0x000000070c400000|  0%| F|  |TAMS 0x000000070c200000| PB 0x000000070c200000| Untracked |  0
|  75|0x000000070c400000, 0x000000070c400000, 0x000000070c600000|  0%| F|  |TAMS 0x000000070c400000| PB 0x000000070c400000| Untracked |  0
|  76|0x000000070c600000, 0x000000070c600000, 0x000000070c800000|  0%| F|  |TAMS 0x000000070c600000| PB 0x000000070c600000| Untracked |  0
|  77|0x000000070c800000, 0x000000070c800000, 0x000000070ca00000|  0%| F|  |TAMS 0x000000070c800000| PB 0x000000070c800000| Untracked |  0
|  78|0x000000070ca00000, 0x000000070ca00000, 0x000000070cc00000|  0%| F|  |TAMS 0x000000070ca00000| PB 0x000000070ca00000| Untracked |  0
|  79|0x000000070cc00000, 0x000000070cc00000, 0x000000070ce00000|  0%| F|  |TAMS 0x000000070cc00000| PB 0x000000070cc00000| Untracked |  0
|  80|0x000000070ce00000, 0x000000070ce00000, 0x000000070d000000|  0%| F|  |TAMS 0x000000070ce00000| PB 0x000000070ce00000| Untracked |  0
|  81|0x000000070d000000, 0x000000070d000000, 0x000000070d200000|  0%| F|  |TAMS 0x000000070d000000| PB 0x000000070d000000| Untracked |  0
|  82|0x000000070d200000, 0x000000070d200000, 0x000000070d400000|  0%| F|  |TAMS 0x000000070d200000| PB 0x000000070d200000| Untracked |  0
|  83|0x000000070d400000, 0x000000070d400000, 0x000000070d600000|  0%| F|  |TAMS 0x000000070d400000| PB 0x000000070d400000| Untracked |  0
|  84|0x000000070d600000, 0x000000070d600000, 0x000000070d800000|  0%| F|  |TAMS 0x000000070d600000| PB 0x000000070d600000| Untracked |  0
|  85|0x000000070d800000, 0x000000070d800000, 0x000000070da00000|  0%| F|  |TAMS 0x000000070d800000| PB 0x000000070d800000| Untracked |  0
|  86|0x000000070da00000, 0x000000070da00000, 0x000000070dc00000|  0%| F|  |TAMS 0x000000070da00000| PB 0x000000070da00000| Untracked |  0
|  87|0x000000070dc00000, 0x000000070dc00000, 0x000000070de00000|  0%| F|  |TAMS 0x000000070dc00000| PB 0x000000070dc00000| Untracked |  0
|  88|0x000000070de00000, 0x000000070de00000, 0x000000070e000000|  0%| F|  |TAMS 0x000000070de00000| PB 0x000000070de00000| Untracked |  0
|  89|0x000000070e000000, 0x000000070e000000, 0x000000070e200000|  0%| F|  |TAMS 0x000000070e000000| PB 0x000000070e000000| Untracked |  0
|  90|0x000000070e200000, 0x000000070e200000, 0x000000070e400000|  0%| F|  |TAMS 0x000000070e200000| PB 0x000000070e200000| Untracked |  0
|  91|0x000000070e400000, 0x000000070e400000, 0x000000070e600000|  0%| F|  |TAMS 0x000000070e400000| PB 0x000000070e400000| Untracked |  0
|  92|0x000000070e600000, 0x000000070e600000, 0x000000070e800000|  0%| F|  |TAMS 0x000000070e600000| PB 0x000000070e600000| Untracked |  0
|  93|0x000000070e800000, 0x000000070e800000, 0x000000070ea00000|  0%| F|  |TAMS 0x000000070e800000| PB 0x000000070e800000| Untracked |  0
|  94|0x000000070ea00000, 0x000000070ea00000, 0x000000070ec00000|  0%| F|  |TAMS 0x000000070ea00000| PB 0x000000070ea00000| Untracked |  0
|  95|0x000000070ec00000, 0x000000070ec00000, 0x000000070ee00000|  0%| F|  |TAMS 0x000000070ec00000| PB 0x000000070ec00000| Untracked |  0
|  96|0x000000070ee00000, 0x000000070ee00000, 0x000000070f000000|  0%| F|  |TAMS 0x000000070ee00000| PB 0x000000070ee00000| Untracked |  0
|  97|0x000000070f000000, 0x000000070f000000, 0x000000070f200000|  0%| F|  |TAMS 0x000000070f000000| PB 0x000000070f000000| Untracked |  0
|  98|0x000000070f200000, 0x000000070f200000, 0x000000070f400000|  0%| F|  |TAMS 0x000000070f200000| PB 0x000000070f200000| Untracked |  0
|  99|0x000000070f400000, 0x000000070f400000, 0x000000070f600000|  0%| F|  |TAMS 0x000000070f400000| PB 0x000000070f400000| Untracked |  0
| 100|0x000000070f600000, 0x000000070f600000, 0x000000070f800000|  0%| F|  |TAMS 0x000000070f600000| PB 0x000000070f600000| Untracked |  0
| 101|0x000000070f800000, 0x000000070f800000, 0x000000070fa00000|  0%| F|  |TAMS 0x000000070f800000| PB 0x000000070f800000| Untracked |  0
| 102|0x000000070fa00000, 0x000000070fa00000, 0x000000070fc00000|  0%| F|  |TAMS 0x000000070fa00000| PB 0x000000070fa00000| Untracked |  0
| 103|0x000000070fc00000, 0x000000070fc00000, 0x000000070fe00000|  0%| F|  |TAMS 0x000000070fc00000| PB 0x000000070fc00000| Untracked |  0
| 104|0x000000070fe00000, 0x000000070fe00000, 0x0000000710000000|  0%| F|  |TAMS 0x000000070fe00000| PB 0x000000070fe00000| Untracked |  0
| 105|0x0000000710000000, 0x0000000710000000, 0x0000000710200000|  0%| F|  |TAMS 0x0000000710000000| PB 0x0000000710000000| Untracked |  0
| 106|0x0000000710200000, 0x0000000710200000, 0x0000000710400000|  0%| F|  |TAMS 0x0000000710200000| PB 0x0000000710200000| Untracked |  0
| 107|0x0000000710400000, 0x0000000710400000, 0x0000000710600000|  0%| F|  |TAMS 0x0000000710400000| PB 0x0000000710400000| Untracked |  0
| 108|0x0000000710600000, 0x0000000710600000, 0x0000000710800000|  0%| F|  |TAMS 0x0000000710600000| PB 0x0000000710600000| Untracked |  0
| 109|0x0000000710800000, 0x0000000710800000, 0x0000000710a00000|  0%| F|  |TAMS 0x0000000710800000| PB 0x0000000710800000| Untracked |  0
| 110|0x0000000710a00000, 0x0000000710a00000, 0x0000000710c00000|  0%| F|  |TAMS 0x0000000710a00000| PB 0x0000000710a00000| Untracked |  0
| 111|0x0000000710c00000, 0x0000000710c00000, 0x0000000710e00000|  0%| F|  |TAMS 0x0000000710c00000| PB 0x0000000710c00000| Untracked |  0
| 112|0x0000000710e00000, 0x0000000710e00000, 0x0000000711000000|  0%| F|  |TAMS 0x0000000710e00000| PB 0x0000000710e00000| Untracked |  0
| 113|0x0000000711000000, 0x0000000711000000, 0x0000000711200000|  0%| F|  |TAMS 0x0000000711000000| PB 0x0000000711000000| Untracked |  0
| 114|0x0000000711200000, 0x0000000711200000, 0x0000000711400000|  0%| F|  |TAMS 0x0000000711200000| PB 0x0000000711200000| Untracked |  0
| 115|0x0000000711400000, 0x0000000711400000, 0x0000000711600000|  0%| F|  |TAMS 0x0000000711400000| PB 0x0000000711400000| Untracked |  0
| 116|0x0000000711600000, 0x0000000711600000, 0x0000000711800000|  0%| F|  |TAMS 0x0000000711600000| PB 0x0000000711600000| Untracked |  0
| 117|0x0000000711800000, 0x0000000711800000, 0x0000000711a00000|  0%| F|  |TAMS 0x0000000711800000| PB 0x0000000711800000| Untracked |  0
| 118|0x0000000711a00000, 0x0000000711a00000, 0x0000000711c00000|  0%| F|  |TAMS 0x0000000711a00000| PB 0x0000000711a00000| Untracked |  0
| 119|0x0000000711c00000, 0x0000000711c00000, 0x0000000711e00000|  0%| F|  |TAMS 0x0000000711c00000| PB 0x0000000711c00000| Untracked |  0
| 120|0x0000000711e00000, 0x0000000711e00000, 0x0000000712000000|  0%| F|  |TAMS 0x0000000711e00000| PB 0x0000000711e00000| Untracked |  0
| 121|0x0000000712000000, 0x0000000712000000, 0x0000000712200000|  0%| F|  |TAMS 0x0000000712000000| PB 0x0000000712000000| Untracked |  0
| 122|0x0000000712200000, 0x0000000712200000, 0x0000000712400000|  0%| F|  |TAMS 0x0000000712200000| PB 0x0000000712200000| Untracked |  0
| 123|0x0000000712400000, 0x0000000712400000, 0x0000000712600000|  0%| F|  |TAMS 0x0000000712400000| PB 0x0000000712400000| Untracked |  0
| 124|0x0000000712600000, 0x00000007127f4188, 0x0000000712800000| 97%| E|  |TAMS 0x0000000712600000| PB 0x0000000712600000| Complete |  0
| 125|0x0000000712800000, 0x0000000712a00000, 0x0000000712a00000|100%| E|CS|TAMS 0x0000000712800000| PB 0x0000000712800000| Complete |  0
| 126|0x0000000712a00000, 0x0000000712c00000, 0x0000000712c00000|100%| E|CS|TAMS 0x0000000712a00000| PB 0x0000000712a00000| Complete |  0
|2023|0x00000007ffc00000, 0x00000007ffe00000, 0x00000007ffe00000|100%| O|  |TAMS 0x00000007ffc00000| PB 0x00000007ffc00000| Untracked |  0
|2024|0x00000007ffe00000, 0x00000007ffe41038, 0x0000000800000000| 12%| O|  |TAMS 0x00000007ffe00000| PB 0x00000007ffe00000| Untracked |  0

Card table byte_map: [0x00000280f5f50000,0x00000280f6740000] _byte_map_base: 0x00000280f2739000

Marking Bits: (CMBitMap*) 0x00000280f0e787c0
 Bits: [0x00000280f6740000, 0x00000280fa688000)

Polling page: 0x00000280eec80000

Metaspace:
Metaspace        used 854K, committed 960K, reserved 1114112K
 class space     used 69K, committed 128K, reserved 1048576K

Usage:
  Non-class:    784.31 KB used.
      Class:     69.98 KB used.
       Both:    854.30 KB used.

Virtual space:
  Non-class space:       64.00 MB reserved,     832.00 KB (  1%) committed,  1 nodes.
      Class space:        1.00 GB reserved,     128.00 KB ( <1%) committed,  1 nodes.
             Both:        1.06 GB reserved,     960.00 KB ( <1%) committed. 

Chunk freelists:
   Non-Class:  11.78 MB
       Class:  15.72 MB
        Both:  27.50 MB

MaxMetaspaceSize: unlimited
CompressedClassSpaceSize: 1.00 GB
Initial GC threshold: 21.00 MB
Current GC threshold: 21.00 MB
CDS: on
 - commit_granule_bytes: 65536.
 - commit_granule_words: 8192.
 - virtual_space_node_default_size: 8388608.
 - enlarge_chunks_in_place: 1.
UseCompressedClassPointers 1, UseCompactObjectHeaders 0
Narrow klass pointer bits 32, Max shift 3
Narrow klass base: 0x000000002c000000, Narrow klass shift: 0
Encoding Range: [0x000000002c000000 - 0x000000012c000000), (4294967296 bytes)
Klass Range:    [0x000000002c010000 - 0x000000006e000000), (1107230720 bytes)
Klass ID Range:  [65536 - 1107296249) (1107230713)
Protection zone: [0x000000002c000000 - 0x000000002c010000), (65536 bytes)


Internal statistics:

num_allocs_failed_limit: 0.
num_arena_births: 16.
num_arena_deaths: 0.
num_vsnodes_births: 2.
num_vsnodes_deaths: 0.
num_space_committed: 15.
num_space_uncommitted: 0.
num_chunks_returned_to_freelist: 0.
num_chunks_taken_from_freelist: 29.
num_chunk_merges: 0.
num_chunk_splits: 24.
num_chunks_enlarged: 19.
num_inconsistent_stats: 0.

CodeHeap 'non-profiled nmethods': size=120064Kb used=107Kb max_used=107Kb free=119956Kb
 bounds [0x0000028087ac0000, 0x0000028087d30000, 0x000002808f000000]
CodeHeap 'profiled nmethods': size=120000Kb used=414Kb max_used=414Kb free=119585Kb
 bounds [0x0000028080000000, 0x0000028080270000, 0x0000028087530000]
CodeHeap 'non-nmethods': size=5696Kb used=1341Kb max_used=1354Kb free=4354Kb
 bounds [0x0000028087530000, 0x00000280877a0000, 0x0000028087ac0000]
CodeCache: size=245760Kb, used=1862Kb, max_used=1875Kb, free=243895Kb
 total_blobs=876, nmethods=411, adapters=368, full_count=0
Compilation: enabled, stopped_count=0, restarted_count=0

Compilation events (20 events):
Event: 1.250 Thread 0x00000280fd1f7d30 nmethod 282 0x0000028080041388 code [0x0000028080041480, 0x0000028080041888]
Event: 1.250 Thread 0x00000280fd1f7d30  283       3       java.util.HashSet::iterator (13 bytes)
Event: 1.250 Thread 0x00000280fd1f7d30 nmethod 283 0x0000028080041908 code [0x0000028080041a00, 0x0000028080041c98]
Event: 1.250 Thread 0x00000280fd1f7d30  284       3       java.util.HashMap::keySet (25 bytes)
Event: 1.251 Thread 0x00000280fd1f7d30 nmethod 284 0x0000028080041d08 code [0x0000028080041e00, 0x0000028080042240]
Event: 1.251 Thread 0x00000280fd1f7d30  285       3       java.util.TreeMap::getEntryUsingComparator (74 bytes)
Event: 1.251 Thread 0x00000280fd1f7d30 nmethod 285 0x0000028080042288 code [0x0000028080042380, 0x0000028080042710]
Event: 1.251 Thread 0x00000280fd1f7d30  286       3       java.util.TreeMap::getEntry (77 bytes)
Event: 1.251 Thread 0x00000280fd1f7d30 nmethod 286 0x0000028080042788 code [0x0000028080042880, 0x0000028080042f18]
Event: 1.251 Thread 0x00000280fd1f7d30  287       3       java.util.TreeSet::contains (11 bytes)
Event: 1.251 Thread 0x00000280fd1f7d30 nmethod 287 0x0000028080042f88 code [0x0000028080043080, 0x0000028080043328]
Event: 1.251 Thread 0x00000280fd1f7d30  288       3       java.util.TreeMap::containsKey (14 bytes)
Event: 1.251 Thread 0x00000280fd1f7d30 nmethod 288 0x0000028080043388 code [0x0000028080043480, 0x0000028080043680]
Event: 1.251 Thread 0x00000280fd1f7d30  290       3       java.util.AbstractCollection::addAll (42 bytes)
Event: 1.252 Thread 0x00000280fd1f7d30 nmethod 290 0x0000028080043688 code [0x0000028080043780, 0x0000028080043c88]
Event: 1.252 Thread 0x00000280fd1f7d30  289       3       java.util.AbstractCollection::isEmpty (13 bytes)
Event: 1.252 Thread 0x00000280fd1f7d30 nmethod 289 0x0000028080043d08 code [0x0000028080043e00, 0x0000028080044010]
Event: 1.252 Thread 0x00000280fd1f7d30  291       1       java.lang.Boolean::booleanValue (5 bytes)
Event: 1.252 Thread 0x00000280fd1f7d30 nmethod 291 0x0000028087ad1e88 code [0x0000028087ad1f80, 0x0000028087ad2048]
Event: 1.253 Thread 0x00000280fd1f7d30  292       3       java.lang.String::startsWith (123 bytes)

GC Heap Usage History (0 events):
No events

Metaspace Usage History (0 events):
No events

Dll operation events (2 events):
Event: 0.014 Loaded shared library C:\Users\Admin\IntelliJ IDEA 2026.1.2\jbr\bin\java.dll
Event: 1.210 Loaded shared library C:\Users\Admin\IntelliJ IDEA 2026.1.2\jbr\bin\zip.dll

Deoptimization events (0 events):
No events

Classes loaded (6 events):
Event: 0.176 Loading class jdk/internal/vm/PostVMInitHook
Event: 0.176 Loading class jdk/internal/vm/PostVMInitHook done
Event: 1.210 Loading class jdk/internal/event/SecurityProviderServiceEvent
Event: 1.210 Loading class jdk/internal/event/Event
Event: 1.211 Loading class jdk/internal/event/Event done
Event: 1.211 Loading class jdk/internal/event/SecurityProviderServiceEvent done

Classes unloaded (0 events):
No events

Classes redefined (0 events):
No events

Internal exceptions (1 events):
Event: 1.238 Thread 0x00000280eea55380 Exception <a 'sun/nio/fs/WindowsException'{0x000000071296a2a8}> (0x000000071296a2a8) 
thrown [s\src\hotspot\share\prims\jni.cpp, line 535]

VM Operations (0 events):
No events

Memory protections (0 events):
No events

Nmethod flushes (0 events):
No events

Events (15 events):
Event: 0.166 Thread 0x00000280eea55380 Thread added: 0x00000280eea55380
Event: 0.172 Thread 0x00000280eea55380 Thread added: 0x00000280fd1b2f20
Event: 0.173 Thread 0x00000280eea55380 Thread added: 0x00000280fd1b65f0
Event: 0.173 Thread 0x00000280eea55380 Thread added: 0x00000280fd1b8520
Event: 0.173 Thread 0x00000280eea55380 Thread added: 0x00000280fd1b0f60
Event: 0.173 Thread 0x00000280eea55380 Thread added: 0x00000280fd1b1730
Event: 0.173 Thread 0x00000280eea55380 Thread added: 0x00000280fd1b26d0
Event: 0.173 Thread 0x00000280eea55380 Thread added: 0x00000280fd1eacf0
Event: 0.173 Thread 0x00000280eea55380 Thread added: 0x00000280fd1f2c90
Event: 0.173 Thread 0x00000280eea55380 Thread added: 0x00000280fd1f7d30
Event: 0.176 Thread 0x00000280eea55380 Thread added: 0x00000280fd1ebc90
Event: 0.179 Loaded shared library C:\Users\Admin\IntelliJ IDEA 2026.1.2\jbr\bin\net.dll
Event: 0.180 Loaded shared library C:\Users\Admin\IntelliJ IDEA 2026.1.2\jbr\bin\nio.dll
Event: 0.183 Loaded shared library C:\Users\Admin\IntelliJ IDEA 2026.1.2\jbr\bin\zip.dll
Event: 1.242 Loaded shared library C:\Users\Admin\IntelliJ IDEA 2026.1.2\jbr\bin\jimage.dll


Dynamic libraries:
0x00007ff62cca0000 - 0x00007ff62ccaa000 	C:\Users\Admin\IntelliJ IDEA 2026.1.2\jbr\bin\java.exe
0x00007ff94a580000 - 0x00007ff94a7e7000 	C:\WINDOWS\SYSTEM32\ntdll.dll
0x00007ff949910000 - 0x00007ff9499d9000 	C:\WINDOWS\System32\KERNEL32.DLL
0x00007ff947f20000 - 0x00007ff94830f000 	C:\WINDOWS\System32\KERNELBASE.dll
0x00007ff947ba0000 - 0x00007ff947ceb000 	C:\WINDOWS\System32\ucrtbase.dll
0x00007ff944380000 - 0x00007ff94439e000 	C:\Users\Admin\IntelliJ IDEA 2026.1.2\jbr\bin\VCRUNTIME140.dll
0x00007ff9019f0000 - 0x00007ff901a07000 	C:\Users\Admin\IntelliJ IDEA 2026.1.2\jbr\bin\jli.dll
0x00007ff94a2c0000 - 0x00007ff94a485000 	C:\WINDOWS\System32\USER32.dll
0x00007ff92c390000 - 0x00007ff92c623000 	C:\WINDOWS\WinSxS\amd64_microsoft.windows.common-controls_6595b64144ccf1df_6.0.26100.7309_none_3e05feeae336a044\COMCTL32.dll
0x00007ff9476d0000 - 0x00007ff9476f7000 	C:\WINDOWS\System32\win32u.dll
0x00007ff948320000 - 0x00007ff9483c9000 	C:\WINDOWS\System32\msvcrt.dll
0x00007ff9497e0000 - 0x00007ff94980b000 	C:\WINDOWS\System32\GDI32.dll
0x00007ff947910000 - 0x00007ff947a3c000 	C:\WINDOWS\System32\gdi32full.dll
0x00007ff947a40000 - 0x00007ff947ae3000 	C:\WINDOWS\System32\msvcp_win.dll
0x00007ff949b90000 - 0x00007ff949bc1000 	C:\WINDOWS\System32\IMM32.DLL
0x00007ff944370000 - 0x00007ff94437c000 	C:\Users\Admin\IntelliJ IDEA 2026.1.2\jbr\bin\vcruntime140_1.dll
0x00007ff92baf0000 - 0x00007ff92bb79000 	C:\Users\Admin\IntelliJ IDEA 2026.1.2\jbr\bin\msvcp140.dll
0x00007ff8aa040000 - 0x00007ff8aaf92000 	C:\Users\Admin\IntelliJ IDEA 2026.1.2\jbr\bin\server\jvm.dll
0x00007ff948dd0000 - 0x00007ff948e84000 	C:\WINDOWS\System32\ADVAPI32.dll
0x00007ff9499e0000 - 0x00007ff949a86000 	C:\WINDOWS\System32\sechost.dll
0x00007ff948f10000 - 0x00007ff949028000 	C:\WINDOWS\System32\RPCRT4.dll
0x00007ff94a4c0000 - 0x00007ff94a534000 	C:\WINDOWS\System32\WS2_32.dll
0x00007ff9472c0000 - 0x00007ff94731e000 	C:\WINDOWS\SYSTEM32\POWRPROF.dll
0x00007ff938630000 - 0x00007ff938665000 	C:\WINDOWS\SYSTEM32\WINMM.dll
0x00007ff940c80000 - 0x00007ff940c8b000 	C:\WINDOWS\SYSTEM32\VERSION.dll
0x00007ff9472a0000 - 0x00007ff9472b4000 	C:\WINDOWS\SYSTEM32\UMPDC.dll
0x00007ff946440000 - 0x00007ff94645b000 	C:\WINDOWS\SYSTEM32\kernel.appcore.dll
0x00007ff944330000 - 0x00007ff94433a000 	C:\Users\Admin\IntelliJ IDEA 2026.1.2\jbr\bin\jimage.dll
0x00007ff944eb0000 - 0x00007ff9450f2000 	C:\WINDOWS\SYSTEM32\DBGHELP.DLL
0x00007ff948850000 - 0x00007ff948bd5000 	C:\WINDOWS\System32\combase.dll
0x00007ff949bd0000 - 0x00007ff949ca6000 	C:\WINDOWS\System32\OLEAUT32.dll
0x00007ff92c2e0000 - 0x00007ff92c31c000 	C:\WINDOWS\SYSTEM32\dbgcore.DLL
0x00007ff947af0000 - 0x00007ff947b95000 	C:\WINDOWS\System32\bcryptPrimitives.dll
0x00007ff941840000 - 0x00007ff94185f000 	C:\Users\Admin\IntelliJ IDEA 2026.1.2\jbr\bin\java.dll
0x00007ff9485a0000 - 0x00007ff948737000 	C:\WINDOWS\System32\ole32.dll
0x00007ff949080000 - 0x00007ff9497d3000 	C:\WINDOWS\System32\SHELL32.dll
0x00007ff947cf0000 - 0x00007ff947e5a000 	C:\WINDOWS\System32\wintypes.dll
0x00007ff9452b0000 - 0x00007ff945b0e000 	C:\WINDOWS\SYSTEM32\windows.storage.dll
0x00007ff948750000 - 0x00007ff948845000 	C:\WINDOWS\System32\SHCORE.dll
0x00007ff949a90000 - 0x00007ff949af6000 	C:\WINDOWS\System32\shlwapi.dll
0x00007ff9475f0000 - 0x00007ff947619000 	C:\WINDOWS\SYSTEM32\profapi.dll
0x00007ff9416f0000 - 0x00007ff941702000 	C:\Users\Admin\IntelliJ IDEA 2026.1.2\jbr\bin\net.dll
0x00007ff946990000 - 0x00007ff9469fb000 	C:\WINDOWS\system32\mswsock.dll
0x00007ff9416d0000 - 0x00007ff9416e6000 	C:\Users\Admin\IntelliJ IDEA 2026.1.2\jbr\bin\nio.dll
0x00007ff941820000 - 0x00007ff941837000 	C:\Users\Admin\IntelliJ IDEA 2026.1.2\jbr\bin\zip.dll
0x00007ff946d80000 - 0x00007ff946d9b000 	C:\WINDOWS\SYSTEM32\CRYPTSP.dll
0x00007ff9463a0000 - 0x00007ff9463da000 	C:\WINDOWS\system32\rsaenh.dll
0x00007ff946a40000 - 0x00007ff946a6b000 	C:\WINDOWS\SYSTEM32\USERENV.dll
0x00007ff9475c0000 - 0x00007ff9475ea000 	C:\WINDOWS\SYSTEM32\bcrypt.dll
0x00007ff946be0000 - 0x00007ff946bec000 	C:\WINDOWS\SYSTEM32\CRYPTBASE.dll
0x00007ff945e30000 - 0x00007ff945e64000 	C:\WINDOWS\SYSTEM32\IPHLPAPI.DLL
0x00007ff948be0000 - 0x00007ff948bea000 	C:\WINDOWS\System32\NSI.dll

JVMTI agents: none

dbghelp: loaded successfully - version: 4.0.5 - missing functions: none
symbol engine: initialized successfully - sym options: 0x614 - pdb path: .;C:\Users\Admin\IntelliJ IDEA 2026.1.2\jbr\bin;C:\WINDOWS\SYSTEM32;C:\WINDOWS\WinSxS\amd64_microsoft.windows.common-controls_6595b64144ccf1df_6.0.26100.7309_none_3e05feeae336a044;C:\Users\Admin\IntelliJ IDEA 2026.1.2\jbr\bin\server

VM Arguments:
java_command: git4idea.http.GitAskPassApp Username for 'https://github.com': 
java_class_path (initial): C:/Users/Admin/IntelliJ IDEA 2026.1.2/plugins/vcs-git/lib/git4idea-rt.jar;C:/Users/Admin/IntelliJ IDEA 2026.1.2/lib/externalProcess-rt.jar
Launcher Type: SUN_STANDARD

[Global flags]
     intx CICompilerCount                          = 4                                         {product} {ergonomic}
     uint ConcGCThreads                            = 3                                         {product} {ergonomic}
     uint G1ConcRefinementThreads                  = 10                                        {product} {ergonomic}
   size_t G1HeapRegionSize                         = 2097152                                   {product} {ergonomic}
   size_t InitialHeapSize                          = 266338304                                 {product} {ergonomic}
   size_t MarkStackSize                            = 4194304                                   {product} {ergonomic}
   size_t MarkStackSizeMax                         = 536870912                                 {product} {ergonomic}
   size_t MaxHeapSize                              = 4246732800                                {product} {ergonomic}
   size_t MaxNewSize                               = 2548039680                                {product} {ergonomic}
   size_t MinHeapDeltaBytes                        = 2097152                                   {product} {ergonomic}
   size_t MinHeapSize                              = 8388608                                   {product} {ergonomic}
    uintx NonNMethodCodeHeapSize                   = 5832704                                {pd product} {ergonomic}
    uintx NonProfiledCodeHeapSize                  = 122945536                              {pd product} {ergonomic}
    uintx ProfiledCodeHeapSize                     = 122880000                              {pd product} {ergonomic}
    uintx ReservedCodeCacheSize                    = 251658240                              {pd product} {ergonomic}
     bool SegmentedCodeCache                       = true                                      {product} {ergonomic}
   size_t SoftMaxHeapSize                          = 4246732800                             {manageable} {ergonomic}
     bool UseCompressedOops                        = true                           {product lp64_product} {ergonomic}
     bool UseG1GC                                  = true                                      {product} {ergonomic}
     bool UseLargePagesIndividualAllocation        = false                                  {pd product} {ergonomic}

Logging:
Log output configuration:
 #0: stdout all=warning uptime,level,tags foldmultilines=false
 #1: stderr all=off uptime,level,tags foldmultilines=false

Release file:
JAVA_VERSION="25.0.2" 
MODULES="java.base java.datatransfer java.xml java.prefs java.desktop gluegen.rt java.compiler java.instrument java.logging java.management java.security.sasl java.naming java.rmi java.management.rmi java.net.http java.scripting java.security.jgss java.transaction.xa java.sql java.sql.rowset java.xml.crypto java.se java.smartcardio jogl.all jcef jdk.accessibility jdk.internal.jvmstat jdk.attach jdk.charsets jdk.internal.opt jdk.zipfs jdk.compiler jdk.crypto.cryptoki jdk.crypto.ec jdk.crypto.mscapi jdk.dynalink jdk.hotspot.agent jdk.httpserver jdk.internal.ed jdk.internal.le jdk.internal.md jdk.internal.vm.ci jdk.javadoc jdk.jcmd jdk.jdwp.agent jdk.jdi jdk.jfr jdk.localedata jdk.management jdk.management.agent jdk.management.jfr jdk.naming.dns jdk.naming.rmi jdk.net jdk.sctp jdk.security.auth jdk.security.jgss jdk.unsupported jdk.unsupported.desktop jdk.xml.dom" 
IMPLEMENTOR="JetBrains s.r.o." 
IMPLEMENTOR_VERSION="JBR-25.0.2+1-329.117-jcef" 
JAVA_RUNTIME_VERSION="25.0.2+1-b329.117" 
LIBC="default" 
OS_ARCH="x86_64" 
OS_NAME="Windows" 
SOURCE=".:git:b692a8ec6ff7+ jcef_git:git:4a605f44671a" 
JCEF_VERSION="137.0.17.1142+g68de80b" 
JCEF_COMMIT_HASH="68de80bc86de497c8d0632ad0f8fe33625b33bff" 
JCEF_VERSION_DETAILED=137.0.17-gf354b0e-chromium-137.0.7151.104-api-1.21-261-b81

Environment Variables:
PATH=C:/Program Files/Git/mingw64/libexec/git-core;C:/Program Files/Git/mingw64/libexec/git-core;C:\Program Files\Git\mingw64\bin;C:\Program Files\Git\usr\bin;C:\Users\Admin\bin;C:\Program Files (x86)\Common Files\Oracle\Java\java8path;C:\Program Files (x86)\Common Files\Oracle\Java\javapath;C:\Program Files\NVIDIA GPU Computing Toolkit\CUDA\v12.4\bin;C:\Program Files\NVIDIA GPU Computing Toolkit\CUDA\v12.4\libnvvp;C:\WINDOWS\system32;C:\WINDOWS;C:\WINDOWS\System32\Wbem;C:\WINDOWS\System32\WindowsPowerShell\v1.0\;C:\WINDOWS\System32\OpenSSH\;C:\Program Files\NVIDIA Corporation\NVIDIA App\NvDLISR;C:\Program Files\Cloudflare\Cloudflare WARP\;C:\Program Files\dotnet\;C:\Program Files (x86)\NVIDIA Corporation\PhysX\Common;C:\msys64\ucrt64\bin;C:\Program Files\Microsoft SQL Server\170\Tools\Binn\;C:\Program Files\Microsoft SQL Server\Client SDK\ODBC\170\Tools\Binn\;C:\Program Files (x86)\Microsoft SQL Server\170\Tools\Binn\;C:\Program Files\Microsoft SQL Server\Client SDK\ODBC\180\Tools\Binn\;C:\Program Files\Microsoft SQL Server\170\DTS\Binn\;C:\Program Files\Git\cmd;C:\Program Files\NVIDIA Corporation\Nsight Compute 2024.1.0\;C:\Program Files (x86)\Microsoft Visual Studio\2022\BuildTools\VC\Tools\MSVC\14.44.35207\bin\Hostx64\x64;C:\Program Files (x86)\Microsoft Visual Studio\2022\BuildTools\Common7\IDE;C:\Program Files\nodejs\;C:\Program Files\MySQL\MySQL Shell 8.0\bin\;C:\Users\Admin\AppData\Local\Programs\Python\Python311\Scripts\;C:\Users\Admin\AppData\Local\Programs\Python\Python311\;C:\Users\Admin\AppData\Local\Programs\Python\Python312\Scripts\;C:\Users\Admin\AppData\Local\Programs\Python\Python312\;C:\Users\Admin\AppData\Local\Microsoft\WindowsApps;C:\Users\Admin\AppData\Local\Programs\Microsoft VS Code\bin;C:\Users\Admin\AppData\Local\Programs\Azure Data Studio\bin;C:\Users\Admin\AppData\Local\Programs\Antigravity\bin;E:\JetBrains\PyCharm 2026.1\bin;E:\JetBrains\JetBrains Rider 2026.1.1\bin;C:\Users\Admin\AppData\Roaming\npm;E:\Antigravity IDE\bin;C:\Users\Admin\.dotnet\tools;C:\Users\Admin\AppData\Local\Microsoft\WinGet\Links;C:\Users\Admin\AppData\Local\Programs\Antigravity IDE\bin
USERNAME=Admin
DISPLAY=:0.0
LC_ALL=en_US.UTF-8
TERM=xterm-256color
TMPDIR=C:\Users\Admin\AppData\Local\Temp
OS=Windows_NT
PROCESSOR_IDENTIFIER=Intel64 Family 6 Model 151 Stepping 2, GenuineIntel
TMP=C:\Users\Admin\AppData\Local\Temp
TEMP=C:\Users\Admin\AppData\Local\Temp




Compilation memory statistics disabled.

Periodic native trim disabled

JNI global refs:
JNI global refs: 18, weak refs: 0

JNI global refs memory usage: 835, weak refs: 201

Process memory usage:
Resident Set Size: 68088K (0% of 16586160K total physical memory with 3418884K free physical memory)

OOME stack traces (most recent first):
Classloader memory used:
Loader bootstrap                                                                       : 703 K
Loader jdk.internal.loader.ClassLoaders$PlatformClassLoader                            : 216 K
Loader jdk.internal.loader.ClassLoaders$AppClassLoader                                 : 27328 B

---------------  S Y S T E M  ---------------

OS:
 Windows 11 , 64 bit Build 26100 (10.0.26100.7309)
OS uptime: 0 days 8:17 hours
Hyper-V role detected

CPU: total 12 (initial active 12) (6 cores per cpu, 2 threads per core) family 6 model 151 stepping 2 microcode 0x23, cx8, cmov, fxsr, ht, mmx, 3dnowpref, sse, sse2, sse3, ssse3, sse4.1, sse4.2, popcnt, lzcnt, tsc, tscinvbit, avx, avx2, aes, erms, clmul, bmi1, bmi2, adx, sha, fma, vzeroupper, clflush, clflushopt, clwb, hv, serialize, rdtscp, rdpid, fsrm, gfni, f16c, cet_ibt, cet_ss
Processor Information for the first 12 processors :
  Max Mhz: 2500, Current Mhz: 2500, Mhz Limit: 2500

Memory: 4k page, system-wide physical 16197M (3338M free)
TotalPageFile size 28485M (AvailPageFile size 6M)
current process WorkingSet (physical memory assigned to process): 67M, peak: 67M
current process commit charge ("private bytes"): 367M, peak: 367M

vm_info: OpenJDK 64-Bit Server VM (25.0.2+1-b329.117) for windows-amd64 JRE (25.0.2+1-b329.117), built on 2026-04-20 with MS VC++ 17.14 (VS2022)

END.
