#
# There is insufficient memory for the Java Runtime Environment to continue.
# Native memory allocation (malloc) failed to allocate 1204336 bytes. Error detail: Chunk::new
# Possible reasons:
#   The system is out of physical RAM or swap space
#   This process is running with CompressedOops enabled, and the Java Heap may be blocking the growth of the native heap
# Possible solutions:
#   Reduce memory load on the system
#   Increase physical memory or swap space
#   Check if swap backing store is full
#   Decrease Java heap size (-Xmx/-Xms)
#   Decrease number of Java threads
#   Decrease Java thread stack sizes (-Xss)
#   Set larger code cache with -XX:ReservedCodeCacheSize=
#   JVM is running with Unscaled Compressed Oops mode in which the Java heap is
#     placed in the first 4GB address space. The Java Heap base address is the
#     maximum limit for the native heap growth. Please use -XX:HeapBaseMinAddress
#     to set the Java Heap base and to place the Java Heap above 4GB virtual address.
# This output file may be truncated or incomplete.
#
#  Out of Memory Error (arena.cpp:168), pid=18148, tid=16532
#
# JRE version: OpenJDK Runtime Environment Microsoft-11933218 (21.0.8+9) (build 21.0.8+9-LTS)
# Java VM: OpenJDK 64-Bit Server VM Microsoft-11933218 (21.0.8+9-LTS, mixed mode, sharing, tiered, compressed oops, compressed class ptrs, g1 gc, windows-amd64)
# No core dump will be written. Minidumps are not enabled by default on client versions of Windows
#

---------------  S U M M A R Y ------------

Command Line: --add-opens=java.base/java.lang=ALL-UNNAMED --add-opens=java.base/java.lang.invoke=ALL-UNNAMED --add-opens=java.base/java.util=ALL-UNNAMED --add-opens=java.prefs/java.util.prefs=ALL-UNNAMED --add-exports=jdk.compiler/com.sun.tools.javac.api=ALL-UNNAMED --add-exports=jdk.compiler/com.sun.tools.javac.util=ALL-UNNAMED --add-opens=java.base/java.nio.charset=ALL-UNNAMED --add-opens=java.base/java.net=ALL-UNNAMED --add-opens=java.base/java.util.concurrent=ALL-UNNAMED --add-opens=java.base/java.util.concurrent.atomic=ALL-UNNAMED --add-opens=java.xml/javax.xml.namespace=ALL-UNNAMED --add-opens=java.base/java.time=ALL-UNNAMED -Xmx2048m -Dfile.encoding=UTF-8 -Duser.country=US -Duser.language=en -Duser.variant -javaagent:C:\Users\Admin\.gradle\wrapper\dists\gradle-9.6.0-bin\42k10rwplmzkhuboz9kdazi7s\gradle-9.6.0\lib\agents\gradle-instrumentation-agent-9.6.0.jar org.gradle.launcher.daemon.bootstrap.GradleDaemon 9.6.0

Host: 12th Gen Intel(R) Core(TM) i5-12400F, 12 cores, 15G,  Windows 11 , 64 bit Build 26100 (10.0.26100.7309)
Time: Sun Jul  5 19:09:29 2026 SE Asia Standard Time elapsed time: 22.538679 seconds (0d 0h 0m 22s)

---------------  T H R E A D  ---------------

Current thread (0x00000253f58da940):  JavaThread "C2 CompilerThread0" daemon [_thread_in_native, id=16532, stack(0x0000007983400000,0x0000007983500000) (1024K)]


Current CompileTask:
C2:22539 16013  s    4       com.android.build.api.artifact.impl.TypedStorageProvider::getArtifact$gradle_core (85 bytes)

Stack: [0x0000007983400000,0x0000007983500000]
Native frames: (J=compiled Java code, j=interpreted, Vv=VM code, C=native code)
V  [jvm.dll+0x6e1729]
V  [jvm.dll+0x8bf47b]
V  [jvm.dll+0x8c19aa]
V  [jvm.dll+0x8c2083]
V  [jvm.dll+0x289fd6]
V  [jvm.dll+0xc903d]
V  [jvm.dll+0xc958c]
V  [jvm.dll+0x3c76e2]
V  [jvm.dll+0x1ea5ad]
V  [jvm.dll+0x251db3]
V  [jvm.dll+0x251283]
V  [jvm.dll+0x1d18bf]
V  [jvm.dll+0x260f4a]
V  [jvm.dll+0x25f2b5]
V  [jvm.dll+0x40151d]
V  [jvm.dll+0x86975d]
V  [jvm.dll+0x6dff2d]
C  [ucrtbase.dll+0x37b0]
C  [KERNEL32.DLL+0x2e8d7]
C  [ntdll.dll+0x8c53c]


---------------  P R O C E S S  ---------------

Threads class SMR info:
_java_thread_list=0x00000253fdb2c490, length=44, elements={
0x00000253d891ee20, 0x00000253f58c6ff0, 0x00000253f58c7c40, 0x00000253f58d41d0,
0x00000253f58d6bd0, 0x00000253f58d77f0, 0x00000253f58d88a0, 0x00000253f58da940,
0x00000253f58dafe0, 0x00000253f5a6f9e0, 0x00000253f5a71420, 0x00000253f5a6e630,
0x00000253f5a6ecc0, 0x00000253f5a6f350, 0x00000253f5a70070, 0x00000253fc0b1660,
0x00000253fc0aef00, 0x00000253fc0b0fd0, 0x00000253fc0af590, 0x00000253fc0b30a0,
0x00000253fc0afc20, 0x00000253fc0b3730, 0x00000253fc0b4ae0, 0x00000253fc0b3dc0,
0x00000253fc0b4450, 0x00000253fd46ddb0, 0x00000253fd46c370, 0x00000253fd46d720,
0x00000253fd470ba0, 0x00000253fd471230, 0x00000253fd4725e0, 0x00000253fd472c70,
0x00000253fd470510, 0x00000253fd4718c0, 0x00000253fd46f7f0, 0x00000253fe9d03c0,
0x00000253fcb0be60, 0x00000253fcb0df30, 0x00000253ff9281b0, 0x00000253c3ae5380,
0x00000253c3ae60a0, 0x00000253c3ae3940, 0x00000253c3ae4cf0, 0x00000253c3ae5a10
}

Java Threads: ( => current thread )
  0x00000253d891ee20 JavaThread "main"                              [_thread_blocked, id=23632, stack(0x0000007982600000,0x0000007982700000) (1024K)]
  0x00000253f58c6ff0 JavaThread "Reference Handler"          daemon [_thread_blocked, id=4292, stack(0x0000007982e00000,0x0000007982f00000) (1024K)]
  0x00000253f58c7c40 JavaThread "Finalizer"                  daemon [_thread_blocked, id=28756, stack(0x0000007982f00000,0x0000007983000000) (1024K)]
  0x00000253f58d41d0 JavaThread "Signal Dispatcher"          daemon [_thread_blocked, id=16620, stack(0x0000007983000000,0x0000007983100000) (1024K)]
  0x00000253f58d6bd0 JavaThread "Attach Listener"            daemon [_thread_blocked, id=8548, stack(0x0000007983100000,0x0000007983200000) (1024K)]
  0x00000253f58d77f0 JavaThread "Service Thread"             daemon [_thread_blocked, id=18360, stack(0x0000007983200000,0x0000007983300000) (1024K)]
  0x00000253f58d88a0 JavaThread "Monitor Deflation Thread"   daemon [_thread_blocked, id=26680, stack(0x0000007983300000,0x0000007983400000) (1024K)]
=>0x00000253f58da940 JavaThread "C2 CompilerThread0"         daemon [_thread_in_native, id=16532, stack(0x0000007983400000,0x0000007983500000) (1024K)]
  0x00000253f58dafe0 JavaThread "C1 CompilerThread0"         daemon [_thread_blocked, id=924, stack(0x0000007983500000,0x0000007983600000) (1024K)]
  0x00000253f5a6f9e0 JavaThread "Common-Cleaner"             daemon [_thread_blocked, id=3864, stack(0x0000007983600000,0x0000007983700000) (1024K)]
  0x00000253f5a71420 JavaThread "Notification Thread"        daemon [_thread_blocked, id=20444, stack(0x0000007983700000,0x0000007983800000) (1024K)]
  0x00000253f5a6e630 JavaThread "Daemon health stats"               [_thread_blocked, id=2320, stack(0x0000007983f00000,0x0000007984000000) (1024K)]
  0x00000253f5a6ecc0 JavaThread "Incoming local TCP Connector on port 57764"        [_thread_in_native, id=25400, stack(0x0000007984000000,0x0000007984100000) (1024K)]
  0x00000253f5a6f350 JavaThread "Daemon periodic checks"            [_thread_blocked, id=25528, stack(0x0000007984100000,0x0000007984200000) (1024K)]
  0x00000253f5a70070 JavaThread "Daemon"                            [_thread_blocked, id=636, stack(0x0000007984200000,0x0000007984300000) (1024K)]
  0x00000253fc0b1660 JavaThread "Daemon worker"                     [_thread_blocked, id=28144, stack(0x0000007984500000,0x0000007984600000) (1024K)]
  0x00000253fc0aef00 JavaThread "Cache worker for journal cache (C:\Users\Admin\.gradle\caches\journal-1)"        [_thread_blocked, id=22388, stack(0x0000007984900000,0x0000007984a00000) (1024K)]
  0x00000253fc0b0fd0 JavaThread "File lock request listener"        [_thread_in_native, id=4336, stack(0x0000007984a00000,0x0000007984b00000) (1024K)]
  0x00000253fc0af590 JavaThread "Cache worker for file hash cache (C:\Users\Admin\.gradle\caches\9.6.0\fileHashes)"        [_thread_blocked, id=23320, stack(0x0000007984b00000,0x0000007984c00000) (1024K)]
  0x00000253fc0b30a0 JavaThread "File watcher server"        daemon [_thread_in_native, id=20112, stack(0x0000007985400000,0x0000007985500000) (1024K)]
  0x00000253fc0afc20 JavaThread "File watcher consumer"      daemon [_thread_blocked, id=11304, stack(0x0000007985500000,0x0000007985600000) (1024K)]
  0x00000253fc0b3730 JavaThread "jar transforms"                    [_thread_blocked, id=13772, stack(0x0000007985600000,0x0000007985700000) (1024K)]
  0x00000253fc0b4ae0 JavaThread "jar transforms Thread 2"           [_thread_blocked, id=14840, stack(0x0000007985700000,0x0000007985800000) (1024K)]
  0x00000253fc0b3dc0 JavaThread "jar transforms Thread 3"           [_thread_blocked, id=27624, stack(0x0000007985800000,0x0000007985900000) (1024K)]
  0x00000253fc0b4450 JavaThread "File lock release action executor"        [_thread_blocked, id=19296, stack(0x0000007985900000,0x0000007985a00000) (1024K)]
  0x00000253fd46ddb0 JavaThread "Cache worker for file content cache (C:\Users\Admin\.gradle\caches\9.6.0\fileContent)"        [_thread_blocked, id=26440, stack(0x0000007985a00000,0x0000007985b00000) (1024K)]
  0x00000253fd46c370 JavaThread "jar transforms Thread 4"           [_thread_blocked, id=21372, stack(0x0000007985e00000,0x0000007985f00000) (1024K)]
  0x00000253fd46d720 JavaThread "jar transforms Thread 5"           [_thread_blocked, id=3636, stack(0x0000007985f00000,0x0000007986000000) (1024K)]
  0x00000253fd470ba0 JavaThread "jar transforms Thread 6"           [_thread_blocked, id=12768, stack(0x0000007983800000,0x0000007983900000) (1024K)]
  0x00000253fd471230 JavaThread "jar transforms Thread 7"           [_thread_blocked, id=23492, stack(0x0000007983900000,0x0000007983a00000) (1024K)]
  0x00000253fd4725e0 JavaThread "jar transforms Thread 8"           [_thread_blocked, id=22912, stack(0x0000007986000000,0x0000007986100000) (1024K)]
  0x00000253fd472c70 JavaThread "jar transforms Thread 9"           [_thread_blocked, id=12268, stack(0x0000007986100000,0x0000007986200000) (1024K)]
  0x00000253fd470510 JavaThread "jar transforms Thread 10"          [_thread_blocked, id=25804, stack(0x0000007986300000,0x0000007986400000) (1024K)]
  0x00000253fd4718c0 JavaThread "jar transforms Thread 11"          [_thread_blocked, id=18236, stack(0x0000007986400000,0x0000007986500000) (1024K)]
  0x00000253fd46f7f0 JavaThread "jar transforms Thread 12"          [_thread_blocked, id=5240, stack(0x0000007986500000,0x0000007986600000) (1024K)]
  0x00000253fe9d03c0 JavaThread "Memory manager"                    [_thread_blocked, id=27828, stack(0x0000007987300000,0x0000007987400000) (1024K)]
  0x00000253fcb0be60 JavaThread "VFS cleanup"                       [_thread_blocked, id=22504, stack(0x0000007984600000,0x0000007984700000) (1024K)]
  0x00000253fcb0df30 JavaThread "Daemon Thread 2"                   [_thread_blocked, id=28552, stack(0x0000007984700000,0x0000007984800000) (1024K)]
  0x00000253ff9281b0 JavaThread "C2 CompilerThread1"         daemon [_thread_blocked, id=24980, stack(0x0000007986900000,0x0000007986a00000) (1024K)]
  0x00000253c3ae5380 JavaThread "Handler for socket connection from /127.0.0.1:57764 to /127.0.0.1:54286"        [_thread_in_native, id=25088, stack(0x0000007984300000,0x0000007984400000) (1024K)]
  0x00000253c3ae60a0 JavaThread "Cancel handler"                    [_thread_blocked, id=25380, stack(0x0000007984400000,0x0000007984500000) (1024K)]
  0x00000253c3ae3940 JavaThread "Asynchronous log dispatcher for DefaultDaemonConnection: socket connection from /127.0.0.1:57764 to /127.0.0.1:54286"        [_thread_blocked, id=28020, stack(0x0000007984800000,0x0000007984900000) (1024K)]
  0x00000253c3ae4cf0 JavaThread "Stdin handler"                     [_thread_blocked, id=24660, stack(0x0000007985200000,0x0000007985300000) (1024K)]
  0x00000253c3ae5a10 JavaThread "Daemon client event forwarder"        [_thread_blocked, id=27232, stack(0x0000007985300000,0x0000007985400000) (1024K)]
Total: 44

Other Threads:
  0x00000253f58aa9d0 VMThread "VM Thread"                           [id=28980, stack(0x0000007982d00000,0x0000007982e00000) (1024K)]
  0x00000253f5990090 WatcherThread "VM Periodic Task Thread"        [id=16656, stack(0x0000007982c00000,0x0000007982d00000) (1024K)]
  0x00000253d8978aa0 WorkerThread "GC Thread#0"                     [id=11884, stack(0x0000007982700000,0x0000007982800000) (1024K)]
  0x00000253fadfea40 WorkerThread "GC Thread#1"                     [id=17888, stack(0x0000007983a00000,0x0000007983b00000) (1024K)]
  0x00000253fadfede0 WorkerThread "GC Thread#2"                     [id=28396, stack(0x0000007983b00000,0x0000007983c00000) (1024K)]
  0x00000253fae00000 WorkerThread "GC Thread#3"                     [id=8436, stack(0x0000007983c00000,0x0000007983d00000) (1024K)]
  0x00000253fae003a0 WorkerThread "GC Thread#4"                     [id=15064, stack(0x0000007983d00000,0x0000007983e00000) (1024K)]
  0x00000253fadff180 WorkerThread "GC Thread#5"                     [id=20496, stack(0x0000007983e00000,0x0000007983f00000) (1024K)]
  0x00000253fc84ecf0 WorkerThread "GC Thread#6"                     [id=27196, stack(0x0000007984c00000,0x0000007984d00000) (1024K)]
  0x00000253fc84d730 WorkerThread "GC Thread#7"                     [id=15832, stack(0x0000007984d00000,0x0000007984e00000) (1024K)]
  0x00000253fc84cff0 WorkerThread "GC Thread#8"                     [id=8624, stack(0x0000007984e00000,0x0000007984f00000) (1024K)]
  0x00000253fc84dad0 WorkerThread "GC Thread#9"                     [id=25516, stack(0x0000007984f00000,0x0000007985000000) (1024K)]
  0x00000253d898a900 ConcurrentGCThread "G1 Main Marker"            [id=23960, stack(0x0000007982800000,0x0000007982900000) (1024K)]
  0x00000253d898c2b0 WorkerThread "G1 Conc#0"                       [id=28308, stack(0x0000007982900000,0x0000007982a00000) (1024K)]
  0x00000253fc84f430 WorkerThread "G1 Conc#1"                       [id=5096, stack(0x0000007985000000,0x0000007985100000) (1024K)]
  0x00000253fc84de70 WorkerThread "G1 Conc#2"                       [id=29556, stack(0x0000007985100000,0x0000007985200000) (1024K)]
  0x00000253f57ea2f0 ConcurrentGCThread "G1 Refine#0"               [id=11348, stack(0x0000007982a00000,0x0000007982b00000) (1024K)]
  0x00000253f57eab10 ConcurrentGCThread "G1 Service"                [id=24872, stack(0x0000007982b00000,0x0000007982c00000) (1024K)]
Total: 18

Threads with active compile tasks:
C2 CompilerThread0  22573 16013  s    4       com.android.build.api.artifact.impl.TypedStorageProvider::getArtifact$gradle_core (85 bytes)
Total: 1

VM state: not at safepoint (normal execution)

VM Mutex/Monitor currently owned by a thread: None

Heap address: 0x0000000080000000, size: 2048 MB, Compressed Oops mode: 32-bit

CDS archive(s) mapped at: [0x0000025380000000-0x0000025380c80000-0x0000025380c80000), size 13107200, SharedBaseAddress: 0x0000025380000000, ArchiveRelocationMode: 1.
Compressed class space mapped at: 0x0000025381000000-0x00000253c1000000, reserved size: 1073741824
Narrow klass base: 0x0000025380000000, Narrow klass shift: 0, Narrow klass range: 0x100000000

GC Precious Log:
 CardTable entry size: 512
 Card Set container configuration: InlinePtr #cards 5 size 8 Array Of Cards #cards 12 size 40 Howl #buckets 4 coarsen threshold 1843 Howl Bitmap #cards 512 size 80 coarsen threshold 460 Card regions per heap region 1 cards per card region 2048
 CPUs: 12 total, 12 available
 Memory: 16197M
 Large Page Support: Disabled
 NUMA Support: Disabled
 Compressed Oops: Enabled (32-bit)
 Heap Region Size: 1M
 Heap Min Capacity: 8M
 Heap Initial Capacity: 254M
 Heap Max Capacity: 2G
 Pre-touch: Disabled
 Parallel Workers: 10
 Concurrent Workers: 3
 Concurrent Refinement Workers: 10
 Periodic GC: Disabled

Heap:
 garbage-first heap   total 214016K, used 186807K [0x0000000080000000, 0x0000000100000000)
  region size 1024K, 71 young (72704K), 9 survivors (9216K)
 Metaspace       used 103620K, committed 106368K, reserved 1179648K
  class space    used 14552K, committed 15936K, reserved 1048576K

Heap Regions: E=young(eden), S=young(survivor), O=old, HS=humongous(starts), HC=humongous(continues), CS=collection set, F=free, TAMS=top-at-mark-start, PB=parsable bottom
|   0|0x0000000080000000, 0x0000000080100000, 0x0000000080100000|100%|HS|  |TAMS 0x0000000080000000| PB 0x0000000080000000| Complete 
|   1|0x0000000080100000, 0x0000000080200000, 0x0000000080200000|100%|HC|  |TAMS 0x0000000080100000| PB 0x0000000080100000| Complete 
|   2|0x0000000080200000, 0x0000000080300000, 0x0000000080300000|100%|HC|  |TAMS 0x0000000080200000| PB 0x0000000080200000| Complete 
|   3|0x0000000080300000, 0x0000000080400000, 0x0000000080400000|100%|HC|  |TAMS 0x0000000080300000| PB 0x0000000080300000| Complete 
|   4|0x0000000080400000, 0x0000000080500000, 0x0000000080500000|100%| O|  |TAMS 0x0000000080400000| PB 0x0000000080400000| Untracked 
|   5|0x0000000080500000, 0x0000000080600000, 0x0000000080600000|100%| O|  |TAMS 0x0000000080500000| PB 0x0000000080500000| Untracked 
|   6|0x0000000080600000, 0x0000000080700000, 0x0000000080700000|100%| O|  |TAMS 0x0000000080600000| PB 0x0000000080600000| Untracked 
|   7|0x0000000080700000, 0x0000000080800000, 0x0000000080800000|100%| O|  |TAMS 0x0000000080700000| PB 0x0000000080700000| Untracked 
|   8|0x0000000080800000, 0x0000000080900000, 0x0000000080900000|100%|HS|  |TAMS 0x0000000080800000| PB 0x0000000080800000| Complete 
|   9|0x0000000080900000, 0x0000000080a00000, 0x0000000080a00000|100%| O|  |TAMS 0x0000000080900000| PB 0x0000000080900000| Untracked 
|  10|0x0000000080a00000, 0x0000000080b00000, 0x0000000080b00000|100%| O|  |TAMS 0x0000000080a00000| PB 0x0000000080a00000| Untracked 
|  11|0x0000000080b00000, 0x0000000080c00000, 0x0000000080c00000|100%| O|  |TAMS 0x0000000080b00000| PB 0x0000000080b00000| Untracked 
|  12|0x0000000080c00000, 0x0000000080d00000, 0x0000000080d00000|100%|HS|  |TAMS 0x0000000080c00000| PB 0x0000000080c00000| Complete 
|  13|0x0000000080d00000, 0x0000000080e00000, 0x0000000080e00000|100%| O|  |TAMS 0x0000000080d00000| PB 0x0000000080d00000| Untracked 
|  14|0x0000000080e00000, 0x0000000080f00000, 0x0000000080f00000|100%| O|  |TAMS 0x0000000080e00000| PB 0x0000000080e00000| Untracked 
|  15|0x0000000080f00000, 0x0000000081000000, 0x0000000081000000|100%| O|  |TAMS 0x0000000080f00000| PB 0x0000000080f00000| Untracked 
|  16|0x0000000081000000, 0x0000000081100000, 0x0000000081100000|100%| O|  |TAMS 0x0000000081000000| PB 0x0000000081000000| Untracked 
|  17|0x0000000081100000, 0x0000000081200000, 0x0000000081200000|100%| O|  |TAMS 0x0000000081100000| PB 0x0000000081100000| Untracked 
|  18|0x0000000081200000, 0x0000000081300000, 0x0000000081300000|100%| O|  |TAMS 0x0000000081200000| PB 0x0000000081200000| Untracked 
|  19|0x0000000081300000, 0x0000000081400000, 0x0000000081400000|100%| O|  |TAMS 0x0000000081300000| PB 0x0000000081300000| Untracked 
|  20|0x0000000081400000, 0x0000000081500000, 0x0000000081500000|100%| O|  |TAMS 0x0000000081400000| PB 0x0000000081400000| Untracked 
|  21|0x0000000081500000, 0x0000000081600000, 0x0000000081600000|100%| O|  |TAMS 0x0000000081500000| PB 0x0000000081500000| Untracked 
|  22|0x0000000081600000, 0x0000000081700000, 0x0000000081700000|100%| O|  |TAMS 0x0000000081600000| PB 0x0000000081600000| Untracked 
|  23|0x0000000081700000, 0x0000000081800000, 0x0000000081800000|100%| O|  |TAMS 0x0000000081700000| PB 0x0000000081700000| Untracked 
|  24|0x0000000081800000, 0x0000000081900000, 0x0000000081900000|100%| O|  |TAMS 0x0000000081800000| PB 0x0000000081800000| Untracked 
|  25|0x0000000081900000, 0x0000000081a00000, 0x0000000081a00000|100%| O|  |TAMS 0x0000000081900000| PB 0x0000000081900000| Untracked 
|  26|0x0000000081a00000, 0x0000000081b00000, 0x0000000081b00000|100%| O|  |TAMS 0x0000000081a00000| PB 0x0000000081a00000| Untracked 
|  27|0x0000000081b00000, 0x0000000081c00000, 0x0000000081c00000|100%| O|  |TAMS 0x0000000081b00000| PB 0x0000000081b00000| Untracked 
|  28|0x0000000081c00000, 0x0000000081d00000, 0x0000000081d00000|100%| O|  |TAMS 0x0000000081c00000| PB 0x0000000081c00000| Untracked 
|  29|0x0000000081d00000, 0x0000000081e00000, 0x0000000081e00000|100%| O|  |TAMS 0x0000000081d00000| PB 0x0000000081d00000| Untracked 
|  30|0x0000000081e00000, 0x0000000081f00000, 0x0000000081f00000|100%| O|  |TAMS 0x0000000081e00000| PB 0x0000000081e00000| Untracked 
|  31|0x0000000081f00000, 0x0000000082000000, 0x0000000082000000|100%| O|  |TAMS 0x0000000081f00000| PB 0x0000000081f00000| Untracked 
|  32|0x0000000082000000, 0x0000000082100000, 0x0000000082100000|100%| O|  |TAMS 0x0000000082000000| PB 0x0000000082000000| Untracked 
|  33|0x0000000082100000, 0x0000000082200000, 0x0000000082200000|100%| O|  |TAMS 0x0000000082100000| PB 0x0000000082100000| Untracked 
|  34|0x0000000082200000, 0x0000000082300000, 0x0000000082300000|100%| O|  |TAMS 0x0000000082200000| PB 0x0000000082200000| Untracked 
|  35|0x0000000082300000, 0x0000000082400000, 0x0000000082400000|100%| O|  |TAMS 0x0000000082300000| PB 0x0000000082300000| Untracked 
|  36|0x0000000082400000, 0x0000000082500000, 0x0000000082500000|100%| O|  |TAMS 0x0000000082400000| PB 0x0000000082400000| Untracked 
|  37|0x0000000082500000, 0x0000000082600000, 0x0000000082600000|100%| O|  |TAMS 0x0000000082500000| PB 0x0000000082500000| Untracked 
|  38|0x0000000082600000, 0x0000000082700000, 0x0000000082700000|100%| O|  |TAMS 0x0000000082600000| PB 0x0000000082600000| Untracked 
|  39|0x0000000082700000, 0x0000000082800000, 0x0000000082800000|100%| O|  |TAMS 0x0000000082700000| PB 0x0000000082700000| Untracked 
|  40|0x0000000082800000, 0x0000000082900000, 0x0000000082900000|100%| O|  |TAMS 0x0000000082800000| PB 0x0000000082800000| Untracked 
|  41|0x0000000082900000, 0x0000000082a00000, 0x0000000082a00000|100%| O|  |TAMS 0x0000000082900000| PB 0x0000000082900000| Untracked 
|  42|0x0000000082a00000, 0x0000000082b00000, 0x0000000082b00000|100%| O|  |TAMS 0x0000000082a00000| PB 0x0000000082a00000| Untracked 
|  43|0x0000000082b00000, 0x0000000082c00000, 0x0000000082c00000|100%| O|  |TAMS 0x0000000082b00000| PB 0x0000000082b00000| Untracked 
|  44|0x0000000082c00000, 0x0000000082d00000, 0x0000000082d00000|100%| O|  |TAMS 0x0000000082c00000| PB 0x0000000082c00000| Untracked 
|  45|0x0000000082d00000, 0x0000000082d00000, 0x0000000082e00000|  0%| F|  |TAMS 0x0000000082d00000| PB 0x0000000082d00000| Untracked 
|  46|0x0000000082e00000, 0x0000000082e00000, 0x0000000082f00000|  0%| F|  |TAMS 0x0000000082e00000| PB 0x0000000082e00000| Untracked 
|  47|0x0000000082f00000, 0x0000000082f00000, 0x0000000083000000|  0%| F|  |TAMS 0x0000000082f00000| PB 0x0000000082f00000| Untracked 
|  48|0x0000000083000000, 0x0000000083100000, 0x0000000083100000|100%| O|  |TAMS 0x0000000083000000| PB 0x0000000083000000| Untracked 
|  49|0x0000000083100000, 0x0000000083200000, 0x0000000083200000|100%|HS|  |TAMS 0x0000000083100000| PB 0x0000000083100000| Complete 
|  50|0x0000000083200000, 0x0000000083300000, 0x0000000083300000|100%|HS|  |TAMS 0x0000000083200000| PB 0x0000000083200000| Complete 
|  51|0x0000000083300000, 0x0000000083400000, 0x0000000083400000|100%|HS|  |TAMS 0x0000000083300000| PB 0x0000000083300000| Complete 
|  52|0x0000000083400000, 0x0000000083500000, 0x0000000083500000|100%|HC|  |TAMS 0x0000000083400000| PB 0x0000000083400000| Complete 
|  53|0x0000000083500000, 0x0000000083600000, 0x0000000083600000|100%|HS|  |TAMS 0x0000000083500000| PB 0x0000000083500000| Complete 
|  54|0x0000000083600000, 0x0000000083600000, 0x0000000083700000|  0%| F|  |TAMS 0x0000000083600000| PB 0x0000000083600000| Untracked 
|  55|0x0000000083700000, 0x0000000083800000, 0x0000000083800000|100%| O|  |TAMS 0x0000000083700000| PB 0x0000000083700000| Untracked 
|  56|0x0000000083800000, 0x0000000083900000, 0x0000000083900000|100%|HS|  |TAMS 0x0000000083800000| PB 0x0000000083800000| Complete 
|  57|0x0000000083900000, 0x0000000083a00000, 0x0000000083a00000|100%|HS|  |TAMS 0x0000000083900000| PB 0x0000000083900000| Complete 
|  58|0x0000000083a00000, 0x0000000083b00000, 0x0000000083b00000|100%| O|  |TAMS 0x0000000083a00000| PB 0x0000000083a00000| Untracked 
|  59|0x0000000083b00000, 0x0000000083c00000, 0x0000000083c00000|100%| O|  |TAMS 0x0000000083b00000| PB 0x0000000083b00000| Untracked 
|  60|0x0000000083c00000, 0x0000000083d00000, 0x0000000083d00000|100%|HS|  |TAMS 0x0000000083c00000| PB 0x0000000083c00000| Complete 
|  61|0x0000000083d00000, 0x0000000083e00000, 0x0000000083e00000|100%|HC|  |TAMS 0x0000000083d00000| PB 0x0000000083d00000| Complete 
|  62|0x0000000083e00000, 0x0000000083f00000, 0x0000000083f00000|100%| O|  |TAMS 0x0000000083e00000| PB 0x0000000083e00000| Untracked 
|  63|0x0000000083f00000, 0x0000000084000000, 0x0000000084000000|100%| O|  |TAMS 0x0000000083f00000| PB 0x0000000083f00000| Untracked 
|  64|0x0000000084000000, 0x0000000084100000, 0x0000000084100000|100%| O|  |TAMS 0x0000000084000000| PB 0x0000000084000000| Untracked 
|  65|0x0000000084100000, 0x0000000084200000, 0x0000000084200000|100%| O|  |TAMS 0x0000000084100000| PB 0x0000000084100000| Untracked 
|  66|0x0000000084200000, 0x0000000084300000, 0x0000000084300000|100%| O|  |TAMS 0x0000000084200000| PB 0x0000000084200000| Untracked 
|  67|0x0000000084300000, 0x0000000084400000, 0x0000000084400000|100%| O|  |TAMS 0x0000000084300000| PB 0x0000000084300000| Untracked 
|  68|0x0000000084400000, 0x0000000084500000, 0x0000000084500000|100%| O|  |TAMS 0x0000000084400000| PB 0x0000000084400000| Untracked 
|  69|0x0000000084500000, 0x0000000084600000, 0x0000000084600000|100%|HS|  |TAMS 0x0000000084500000| PB 0x0000000084500000| Complete 
|  70|0x0000000084600000, 0x0000000084700000, 0x0000000084700000|100%| O|  |TAMS 0x0000000084600000| PB 0x0000000084600000| Untracked 
|  71|0x0000000084700000, 0x0000000084800000, 0x0000000084800000|100%| O|  |TAMS 0x0000000084700000| PB 0x0000000084700000| Untracked 
|  72|0x0000000084800000, 0x0000000084900000, 0x0000000084900000|100%| O|  |TAMS 0x0000000084800000| PB 0x0000000084800000| Untracked 
|  73|0x0000000084900000, 0x0000000084a00000, 0x0000000084a00000|100%| O|  |TAMS 0x0000000084900000| PB 0x0000000084900000| Untracked 
|  74|0x0000000084a00000, 0x0000000084b00000, 0x0000000084b00000|100%| O|  |TAMS 0x0000000084a00000| PB 0x0000000084a00000| Untracked 
|  75|0x0000000084b00000, 0x0000000084c00000, 0x0000000084c00000|100%| O|  |TAMS 0x0000000084b00000| PB 0x0000000084b00000| Untracked 
|  76|0x0000000084c00000, 0x0000000084d00000, 0x0000000084d00000|100%| O|  |TAMS 0x0000000084c00000| PB 0x0000000084c00000| Untracked 
|  77|0x0000000084d00000, 0x0000000084e00000, 0x0000000084e00000|100%| O|  |TAMS 0x0000000084d00000| PB 0x0000000084d00000| Untracked 
|  78|0x0000000084e00000, 0x0000000084f00000, 0x0000000084f00000|100%| O|  |TAMS 0x0000000084e00000| PB 0x0000000084e00000| Untracked 
|  79|0x0000000084f00000, 0x0000000085000000, 0x0000000085000000|100%| O|  |TAMS 0x0000000084f00000| PB 0x0000000084f00000| Untracked 
|  80|0x0000000085000000, 0x0000000085100000, 0x0000000085100000|100%|HS|  |TAMS 0x0000000085000000| PB 0x0000000085000000| Complete 
|  81|0x0000000085100000, 0x0000000085200000, 0x0000000085200000|100%| O|  |TAMS 0x0000000085100000| PB 0x0000000085100000| Untracked 
|  82|0x0000000085200000, 0x0000000085300000, 0x0000000085300000|100%| O|  |TAMS 0x0000000085200000| PB 0x0000000085200000| Untracked 
|  83|0x0000000085300000, 0x0000000085400000, 0x0000000085400000|100%| O|  |TAMS 0x0000000085300000| PB 0x0000000085300000| Untracked 
|  84|0x0000000085400000, 0x0000000085400000, 0x0000000085500000|  0%| F|  |TAMS 0x0000000085400000| PB 0x0000000085400000| Untracked 
|  85|0x0000000085500000, 0x0000000085600000, 0x0000000085600000|100%| O|  |TAMS 0x0000000085500000| PB 0x0000000085500000| Untracked 
|  86|0x0000000085600000, 0x0000000085600000, 0x0000000085700000|  0%| F|  |TAMS 0x0000000085600000| PB 0x0000000085600000| Untracked 
|  87|0x0000000085700000, 0x0000000085800000, 0x0000000085800000|100%| O|  |TAMS 0x0000000085700000| PB 0x0000000085700000| Untracked 
|  88|0x0000000085800000, 0x0000000085900000, 0x0000000085900000|100%| O|  |TAMS 0x0000000085800000| PB 0x0000000085800000| Untracked 
|  89|0x0000000085900000, 0x0000000085a00000, 0x0000000085a00000|100%| O|  |TAMS 0x0000000085900000| PB 0x0000000085900000| Untracked 
|  90|0x0000000085a00000, 0x0000000085a00000, 0x0000000085b00000|  0%| F|  |TAMS 0x0000000085a00000| PB 0x0000000085a00000| Untracked 
|  91|0x0000000085b00000, 0x0000000085b00000, 0x0000000085c00000|  0%| F|  |TAMS 0x0000000085b00000| PB 0x0000000085b00000| Untracked 
|  92|0x0000000085c00000, 0x0000000085c00000, 0x0000000085d00000|  0%| F|  |TAMS 0x0000000085c00000| PB 0x0000000085c00000| Untracked 
|  93|0x0000000085d00000, 0x0000000085d00000, 0x0000000085e00000|  0%| F|  |TAMS 0x0000000085d00000| PB 0x0000000085d00000| Untracked 
|  94|0x0000000085e00000, 0x0000000085f00000, 0x0000000085f00000|100%| O|  |TAMS 0x0000000085e00000| PB 0x0000000085e00000| Untracked 
|  95|0x0000000085f00000, 0x0000000086000000, 0x0000000086000000|100%| O|  |TAMS 0x0000000085f00000| PB 0x0000000085f00000| Untracked 
|  96|0x0000000086000000, 0x0000000086000000, 0x0000000086100000|  0%| F|  |TAMS 0x0000000086000000| PB 0x0000000086000000| Untracked 
|  97|0x0000000086100000, 0x0000000086200000, 0x0000000086200000|100%| O|  |TAMS 0x0000000086100000| PB 0x0000000086100000| Untracked 
|  98|0x0000000086200000, 0x0000000086200000, 0x0000000086300000|  0%| F|  |TAMS 0x0000000086200000| PB 0x0000000086200000| Untracked 
|  99|0x0000000086300000, 0x0000000086300000, 0x0000000086400000|  0%| F|  |TAMS 0x0000000086300000| PB 0x0000000086300000| Untracked 
| 100|0x0000000086400000, 0x0000000086400000, 0x0000000086500000|  0%| F|  |TAMS 0x0000000086400000| PB 0x0000000086400000| Untracked 
| 101|0x0000000086500000, 0x0000000086500000, 0x0000000086600000|  0%| F|  |TAMS 0x0000000086500000| PB 0x0000000086500000| Untracked 
| 102|0x0000000086600000, 0x0000000086700000, 0x0000000086700000|100%| O|  |TAMS 0x0000000086600000| PB 0x0000000086600000| Untracked 
| 103|0x0000000086700000, 0x0000000086800000, 0x0000000086800000|100%| O|  |TAMS 0x0000000086700000| PB 0x0000000086700000| Untracked 
| 104|0x0000000086800000, 0x0000000086800000, 0x0000000086900000|  0%| F|  |TAMS 0x0000000086800000| PB 0x0000000086800000| Untracked 
| 105|0x0000000086900000, 0x0000000086a00000, 0x0000000086a00000|100%| O|  |TAMS 0x0000000086900000| PB 0x0000000086900000| Untracked 
| 106|0x0000000086a00000, 0x0000000086b00000, 0x0000000086b00000|100%| O|  |TAMS 0x0000000086a00000| PB 0x0000000086a00000| Untracked 
| 107|0x0000000086b00000, 0x0000000086c00000, 0x0000000086c00000|100%| O|  |TAMS 0x0000000086b00000| PB 0x0000000086b00000| Untracked 
| 108|0x0000000086c00000, 0x0000000086d00000, 0x0000000086d00000|100%| O|  |TAMS 0x0000000086c00000| PB 0x0000000086c00000| Untracked 
| 109|0x0000000086d00000, 0x0000000086e00000, 0x0000000086e00000|100%| O|  |TAMS 0x0000000086d00000| PB 0x0000000086d00000| Untracked 
| 110|0x0000000086e00000, 0x0000000086f00000, 0x0000000086f00000|100%| O|  |TAMS 0x0000000086e00000| PB 0x0000000086e00000| Untracked 
| 111|0x0000000086f00000, 0x0000000087000000, 0x0000000087000000|100%| O|  |TAMS 0x0000000086f00000| PB 0x0000000086f00000| Untracked 
| 112|0x0000000087000000, 0x0000000087100000, 0x0000000087100000|100%| O|  |TAMS 0x0000000087000000| PB 0x0000000087000000| Untracked 
| 113|0x0000000087100000, 0x0000000087200000, 0x0000000087200000|100%| O|  |TAMS 0x0000000087100000| PB 0x0000000087100000| Untracked 
| 114|0x0000000087200000, 0x0000000087300000, 0x0000000087300000|100%| O|  |TAMS 0x0000000087200000| PB 0x0000000087200000| Untracked 
| 115|0x0000000087300000, 0x0000000087400000, 0x0000000087400000|100%| O|  |TAMS 0x0000000087300000| PB 0x0000000087300000| Untracked 
| 116|0x0000000087400000, 0x0000000087500000, 0x0000000087500000|100%| O|  |TAMS 0x0000000087400000| PB 0x0000000087400000| Untracked 
| 117|0x0000000087500000, 0x0000000087600000, 0x0000000087600000|100%| O|  |TAMS 0x0000000087500000| PB 0x0000000087500000| Untracked 
| 118|0x0000000087600000, 0x0000000087700000, 0x0000000087700000|100%| O|  |TAMS 0x0000000087600000| PB 0x0000000087600000| Untracked 
| 119|0x0000000087700000, 0x0000000087800000, 0x0000000087800000|100%| O|  |TAMS 0x0000000087700000| PB 0x0000000087700000| Untracked 
| 120|0x0000000087800000, 0x0000000087900000, 0x0000000087900000|100%| O|  |TAMS 0x0000000087800000| PB 0x0000000087800000| Untracked 
| 121|0x0000000087900000, 0x0000000087a00000, 0x0000000087a00000|100%| O|  |TAMS 0x0000000087900000| PB 0x0000000087900000| Untracked 
| 122|0x0000000087a00000, 0x0000000087b00000, 0x0000000087b00000|100%| O|  |TAMS 0x0000000087a00000| PB 0x0000000087a00000| Untracked 
| 123|0x0000000087b00000, 0x0000000087c00000, 0x0000000087c00000|100%| O|  |TAMS 0x0000000087b00000| PB 0x0000000087b00000| Untracked 
| 124|0x0000000087c00000, 0x0000000087d00000, 0x0000000087d00000|100%| O|  |TAMS 0x0000000087c00000| PB 0x0000000087c00000| Untracked 
| 125|0x0000000087d00000, 0x0000000087d6dc80, 0x0000000087e00000| 42%| O|  |TAMS 0x0000000087d00000| PB 0x0000000087d00000| Untracked 
| 126|0x0000000087e00000, 0x0000000087e00000, 0x0000000087f00000|  0%| F|  |TAMS 0x0000000087e00000| PB 0x0000000087e00000| Untracked 
| 127|0x0000000087f00000, 0x0000000087f00000, 0x0000000088000000|  0%| F|  |TAMS 0x0000000087f00000| PB 0x0000000087f00000| Untracked 
| 128|0x0000000088000000, 0x0000000088000000, 0x0000000088100000|  0%| F|  |TAMS 0x0000000088000000| PB 0x0000000088000000| Untracked 
| 129|0x0000000088100000, 0x0000000088100000, 0x0000000088200000|  0%| F|  |TAMS 0x0000000088100000| PB 0x0000000088100000| Untracked 
| 130|0x0000000088200000, 0x0000000088200000, 0x0000000088300000|  0%| F|  |TAMS 0x0000000088200000| PB 0x0000000088200000| Untracked 
| 131|0x0000000088300000, 0x0000000088400000, 0x0000000088400000|100%| S|CS|TAMS 0x0000000088300000| PB 0x0000000088300000| Complete 
| 132|0x0000000088400000, 0x0000000088500000, 0x0000000088500000|100%| S|CS|TAMS 0x0000000088400000| PB 0x0000000088400000| Complete 
| 133|0x0000000088500000, 0x0000000088600000, 0x0000000088600000|100%| S|CS|TAMS 0x0000000088500000| PB 0x0000000088500000| Complete 
| 134|0x0000000088600000, 0x0000000088700000, 0x0000000088700000|100%| S|CS|TAMS 0x0000000088600000| PB 0x0000000088600000| Complete 
| 135|0x0000000088700000, 0x0000000088800000, 0x0000000088800000|100%| S|CS|TAMS 0x0000000088700000| PB 0x0000000088700000| Complete 
| 136|0x0000000088800000, 0x0000000088900000, 0x0000000088900000|100%| S|CS|TAMS 0x0000000088800000| PB 0x0000000088800000| Complete 
| 137|0x0000000088900000, 0x0000000088a00000, 0x0000000088a00000|100%| S|CS|TAMS 0x0000000088900000| PB 0x0000000088900000| Complete 
| 138|0x0000000088a00000, 0x0000000088b00000, 0x0000000088b00000|100%| S|CS|TAMS 0x0000000088a00000| PB 0x0000000088a00000| Complete 
| 139|0x0000000088b00000, 0x0000000088c00000, 0x0000000088c00000|100%| S|CS|TAMS 0x0000000088b00000| PB 0x0000000088b00000| Complete 
| 140|0x0000000088c00000, 0x0000000088c00000, 0x0000000088d00000|  0%| F|  |TAMS 0x0000000088c00000| PB 0x0000000088c00000| Untracked 
| 141|0x0000000088d00000, 0x0000000088d00000, 0x0000000088e00000|  0%| F|  |TAMS 0x0000000088d00000| PB 0x0000000088d00000| Untracked 
| 142|0x0000000088e00000, 0x0000000088e00000, 0x0000000088f00000|  0%| F|  |TAMS 0x0000000088e00000| PB 0x0000000088e00000| Untracked 
| 143|0x0000000088f00000, 0x0000000089000000, 0x0000000089000000|100%| E|  |TAMS 0x0000000088f00000| PB 0x0000000088f00000| Complete 
| 144|0x0000000089000000, 0x0000000089100000, 0x0000000089100000|100%| E|  |TAMS 0x0000000089000000| PB 0x0000000089000000| Complete 
| 145|0x0000000089100000, 0x0000000089200000, 0x0000000089200000|100%| E|CS|TAMS 0x0000000089100000| PB 0x0000000089100000| Complete 
| 146|0x0000000089200000, 0x0000000089300000, 0x0000000089300000|100%| E|CS|TAMS 0x0000000089200000| PB 0x0000000089200000| Complete 
| 147|0x0000000089300000, 0x0000000089400000, 0x0000000089400000|100%| E|CS|TAMS 0x0000000089300000| PB 0x0000000089300000| Complete 
| 148|0x0000000089400000, 0x0000000089500000, 0x0000000089500000|100%| E|CS|TAMS 0x0000000089400000| PB 0x0000000089400000| Complete 
| 149|0x0000000089500000, 0x0000000089600000, 0x0000000089600000|100%| E|CS|TAMS 0x0000000089500000| PB 0x0000000089500000| Complete 
| 150|0x0000000089600000, 0x0000000089700000, 0x0000000089700000|100%| E|CS|TAMS 0x0000000089600000| PB 0x0000000089600000| Complete 
| 151|0x0000000089700000, 0x0000000089800000, 0x0000000089800000|100%| E|CS|TAMS 0x0000000089700000| PB 0x0000000089700000| Complete 
| 152|0x0000000089800000, 0x0000000089900000, 0x0000000089900000|100%| E|CS|TAMS 0x0000000089800000| PB 0x0000000089800000| Complete 
| 153|0x0000000089900000, 0x0000000089a00000, 0x0000000089a00000|100%| E|CS|TAMS 0x0000000089900000| PB 0x0000000089900000| Complete 
| 154|0x0000000089a00000, 0x0000000089b00000, 0x0000000089b00000|100%| E|CS|TAMS 0x0000000089a00000| PB 0x0000000089a00000| Complete 
| 155|0x0000000089b00000, 0x0000000089c00000, 0x0000000089c00000|100%| E|CS|TAMS 0x0000000089b00000| PB 0x0000000089b00000| Complete 
| 156|0x0000000089c00000, 0x0000000089d00000, 0x0000000089d00000|100%| E|CS|TAMS 0x0000000089c00000| PB 0x0000000089c00000| Complete 
| 157|0x0000000089d00000, 0x0000000089e00000, 0x0000000089e00000|100%| E|CS|TAMS 0x0000000089d00000| PB 0x0000000089d00000| Complete 
| 158|0x0000000089e00000, 0x0000000089f00000, 0x0000000089f00000|100%| E|CS|TAMS 0x0000000089e00000| PB 0x0000000089e00000| Complete 
| 159|0x0000000089f00000, 0x000000008a000000, 0x000000008a000000|100%| E|CS|TAMS 0x0000000089f00000| PB 0x0000000089f00000| Complete 
| 160|0x000000008a000000, 0x000000008a100000, 0x000000008a100000|100%| E|CS|TAMS 0x000000008a000000| PB 0x000000008a000000| Complete 
| 161|0x000000008a100000, 0x000000008a200000, 0x000000008a200000|100%| E|CS|TAMS 0x000000008a100000| PB 0x000000008a100000| Complete 
| 162|0x000000008a200000, 0x000000008a300000, 0x000000008a300000|100%| E|CS|TAMS 0x000000008a200000| PB 0x000000008a200000| Complete 
| 163|0x000000008a300000, 0x000000008a400000, 0x000000008a400000|100%| E|CS|TAMS 0x000000008a300000| PB 0x000000008a300000| Complete 
| 164|0x000000008a400000, 0x000000008a500000, 0x000000008a500000|100%| E|CS|TAMS 0x000000008a400000| PB 0x000000008a400000| Complete 
| 165|0x000000008a500000, 0x000000008a600000, 0x000000008a600000|100%| E|CS|TAMS 0x000000008a500000| PB 0x000000008a500000| Complete 
| 166|0x000000008a600000, 0x000000008a700000, 0x000000008a700000|100%| E|CS|TAMS 0x000000008a600000| PB 0x000000008a600000| Complete 
| 167|0x000000008a700000, 0x000000008a800000, 0x000000008a800000|100%| E|CS|TAMS 0x000000008a700000| PB 0x000000008a700000| Complete 
| 168|0x000000008a800000, 0x000000008a900000, 0x000000008a900000|100%| E|CS|TAMS 0x000000008a800000| PB 0x000000008a800000| Complete 
| 169|0x000000008a900000, 0x000000008aa00000, 0x000000008aa00000|100%| E|CS|TAMS 0x000000008a900000| PB 0x000000008a900000| Complete 
| 170|0x000000008aa00000, 0x000000008ab00000, 0x000000008ab00000|100%| E|CS|TAMS 0x000000008aa00000| PB 0x000000008aa00000| Complete 
| 171|0x000000008ab00000, 0x000000008ac00000, 0x000000008ac00000|100%| E|CS|TAMS 0x000000008ab00000| PB 0x000000008ab00000| Complete 
| 172|0x000000008ac00000, 0x000000008ad00000, 0x000000008ad00000|100%| E|CS|TAMS 0x000000008ac00000| PB 0x000000008ac00000| Complete 
| 173|0x000000008ad00000, 0x000000008ae00000, 0x000000008ae00000|100%| E|CS|TAMS 0x000000008ad00000| PB 0x000000008ad00000| Complete 
| 174|0x000000008ae00000, 0x000000008af00000, 0x000000008af00000|100%| E|CS|TAMS 0x000000008ae00000| PB 0x000000008ae00000| Complete 
| 175|0x000000008af00000, 0x000000008b000000, 0x000000008b000000|100%| E|CS|TAMS 0x000000008af00000| PB 0x000000008af00000| Complete 
| 176|0x000000008b000000, 0x000000008b100000, 0x000000008b100000|100%| E|CS|TAMS 0x000000008b000000| PB 0x000000008b000000| Complete 
| 177|0x000000008b100000, 0x000000008b200000, 0x000000008b200000|100%| E|CS|TAMS 0x000000008b100000| PB 0x000000008b100000| Complete 
| 178|0x000000008b200000, 0x000000008b300000, 0x000000008b300000|100%| E|CS|TAMS 0x000000008b200000| PB 0x000000008b200000| Complete 
| 179|0x000000008b300000, 0x000000008b400000, 0x000000008b400000|100%| E|CS|TAMS 0x000000008b300000| PB 0x000000008b300000| Complete 
| 180|0x000000008b400000, 0x000000008b500000, 0x000000008b500000|100%| E|CS|TAMS 0x000000008b400000| PB 0x000000008b400000| Complete 
| 181|0x000000008b500000, 0x000000008b600000, 0x000000008b600000|100%| E|CS|TAMS 0x000000008b500000| PB 0x000000008b500000| Complete 
| 182|0x000000008b600000, 0x000000008b700000, 0x000000008b700000|100%| E|CS|TAMS 0x000000008b600000| PB 0x000000008b600000| Complete 
| 183|0x000000008b700000, 0x000000008b800000, 0x000000008b800000|100%| E|CS|TAMS 0x000000008b700000| PB 0x000000008b700000| Complete 
| 184|0x000000008b800000, 0x000000008b900000, 0x000000008b900000|100%| E|CS|TAMS 0x000000008b800000| PB 0x000000008b800000| Complete 
| 185|0x000000008b900000, 0x000000008ba00000, 0x000000008ba00000|100%| E|CS|TAMS 0x000000008b900000| PB 0x000000008b900000| Complete 
| 186|0x000000008ba00000, 0x000000008bb00000, 0x000000008bb00000|100%| E|CS|TAMS 0x000000008ba00000| PB 0x000000008ba00000| Complete 
| 187|0x000000008bb00000, 0x000000008bc00000, 0x000000008bc00000|100%| E|CS|TAMS 0x000000008bb00000| PB 0x000000008bb00000| Complete 
| 188|0x000000008bc00000, 0x000000008bd00000, 0x000000008bd00000|100%| E|CS|TAMS 0x000000008bc00000| PB 0x000000008bc00000| Complete 
| 189|0x000000008bd00000, 0x000000008be00000, 0x000000008be00000|100%| E|CS|TAMS 0x000000008bd00000| PB 0x000000008bd00000| Complete 
| 190|0x000000008be00000, 0x000000008bf00000, 0x000000008bf00000|100%| E|CS|TAMS 0x000000008be00000| PB 0x000000008be00000| Complete 
| 191|0x000000008bf00000, 0x000000008c000000, 0x000000008c000000|100%| E|CS|TAMS 0x000000008bf00000| PB 0x000000008bf00000| Complete 
| 192|0x000000008c000000, 0x000000008c100000, 0x000000008c100000|100%| E|CS|TAMS 0x000000008c000000| PB 0x000000008c000000| Complete 
| 193|0x000000008c100000, 0x000000008c200000, 0x000000008c200000|100%| E|CS|TAMS 0x000000008c100000| PB 0x000000008c100000| Complete 
| 194|0x000000008c200000, 0x000000008c300000, 0x000000008c300000|100%| E|CS|TAMS 0x000000008c200000| PB 0x000000008c200000| Complete 
| 195|0x000000008c300000, 0x000000008c400000, 0x000000008c400000|100%| E|CS|TAMS 0x000000008c300000| PB 0x000000008c300000| Complete 
| 196|0x000000008c400000, 0x000000008c500000, 0x000000008c500000|100%| E|CS|TAMS 0x000000008c400000| PB 0x000000008c400000| Complete 
| 197|0x000000008c500000, 0x000000008c600000, 0x000000008c600000|100%| E|CS|TAMS 0x000000008c500000| PB 0x000000008c500000| Complete 
| 198|0x000000008c600000, 0x000000008c700000, 0x000000008c700000|100%| E|CS|TAMS 0x000000008c600000| PB 0x000000008c600000| Complete 
| 199|0x000000008c700000, 0x000000008c800000, 0x000000008c800000|100%| E|CS|TAMS 0x000000008c700000| PB 0x000000008c700000| Complete 
| 200|0x000000008c800000, 0x000000008c900000, 0x000000008c900000|100%| E|CS|TAMS 0x000000008c800000| PB 0x000000008c800000| Complete 
| 231|0x000000008e700000, 0x000000008e800000, 0x000000008e800000|100%| E|CS|TAMS 0x000000008e700000| PB 0x000000008e700000| Complete 
| 232|0x000000008e800000, 0x000000008e900000, 0x000000008e900000|100%| E|CS|TAMS 0x000000008e800000| PB 0x000000008e800000| Complete 
| 253|0x000000008fd00000, 0x000000008fe00000, 0x000000008fe00000|100%| E|CS|TAMS 0x000000008fd00000| PB 0x000000008fd00000| Complete 
|2043|0x00000000ffb00000, 0x00000000ffc00000, 0x00000000ffc00000|100%| O|  |TAMS 0x00000000ffb00000| PB 0x00000000ffb00000| Untracked 
|2044|0x00000000ffc00000, 0x00000000ffd00000, 0x00000000ffd00000|100%| O|  |TAMS 0x00000000ffc00000| PB 0x00000000ffc00000| Untracked 
|2045|0x00000000ffd00000, 0x00000000ffe00000, 0x00000000ffe00000|100%| O|  |TAMS 0x00000000ffd00000| PB 0x00000000ffd00000| Untracked 
|2046|0x00000000ffe00000, 0x00000000fff00000, 0x00000000fff00000|100%| O|  |TAMS 0x00000000ffe00000| PB 0x00000000ffe00000| Untracked 
|2047|0x00000000fff00000, 0x0000000100000000, 0x0000000100000000|100%| E|CS|TAMS 0x00000000fff00000| PB 0x00000000fff00000| Complete 

Card table byte_map: [0x00000253f0860000,0x00000253f0c60000] _byte_map_base: 0x00000253f0460000

Marking Bits: (CMBitMap*) 0x00000253d89791a0
 Bits: [0x00000253f0c60000, 0x00000253f2c60000)

Polling page: 0x00000253d6690000

Metaspace:

Usage:
  Non-class:     86.98 MB used.
      Class:     14.21 MB used.
       Both:    101.19 MB used.

Virtual space:
  Non-class space:      128.00 MB reserved,      88.31 MB ( 69%) committed,  2 nodes.
      Class space:        1.00 GB reserved,      15.56 MB (  2%) committed,  1 nodes.
             Both:        1.12 GB reserved,     103.88 MB (  9%) committed. 

Chunk freelists:
   Non-Class:  7.55 MB
       Class:  485.00 KB
        Both:  8.02 MB

MaxMetaspaceSize: unlimited
CompressedClassSpaceSize: 1.00 GB
Initial GC threshold: 21.00 MB
Current GC threshold: 172.31 MB
CDS: on
 - commit_granule_bytes: 65536.
 - commit_granule_words: 8192.
 - virtual_space_node_default_size: 8388608.
 - enlarge_chunks_in_place: 1.
 - use_allocation_guard: 0.


Internal statistics:

num_allocs_failed_limit: 9.
num_arena_births: 4970.
num_arena_deaths: 24.
num_vsnodes_births: 3.
num_vsnodes_deaths: 0.
num_space_committed: 1662.
num_space_uncommitted: 0.
num_chunks_returned_to_freelist: 41.
num_chunks_taken_from_freelist: 10107.
num_chunk_merges: 13.
num_chunk_splits: 6464.
num_chunks_enlarged: 3919.
num_inconsistent_stats: 0.

CodeHeap 'non-profiled nmethods': size=120000Kb used=9236Kb max_used=9236Kb free=110763Kb
 bounds [0x00000253e8af0000, 0x00000253e9400000, 0x00000253f0020000]
CodeHeap 'profiled nmethods': size=120000Kb used=25728Kb max_used=25728Kb free=94271Kb
 bounds [0x00000253e1020000, 0x00000253e2950000, 0x00000253e8550000]
CodeHeap 'non-nmethods': size=5760Kb used=2204Kb max_used=2263Kb free=3555Kb
 bounds [0x00000253e8550000, 0x00000253e87c0000, 0x00000253e8af0000]
CodeCache: size=245760Kb, used=37168Kb, max_used=37227Kb, free=208589Kb
 total_blobs=14584, nmethods=13672, adapters=815, full_count=0
Compilation: enabled, stopped_count=0, restarted_count=0

Compilation events (20 events):
Event: 21.443 Thread 0x00000253f58dafe0 16025       3       java.lang.invoke.LambdaForm$DMH/0x0000025381640000::invokeStatic (30 bytes)
Event: 21.443 Thread 0x00000253ff9281b0 nmethod 15995 0x00000253e93ee310 code [0x00000253e93ee5c0, 0x00000253e93eeff0]
Event: 21.443 Thread 0x00000253f58dafe0 nmethod 16025 0x00000253e293bf90 code [0x00000253e293c160, 0x00000253e293c6f8]
Event: 21.443 Thread 0x00000253ff9281b0 16020       4       com.android.build.api.artifact.impl.TypedStorageProvider$getArtifact$1$1::invoke (5 bytes)
Event: 21.443 Thread 0x00000253f58dafe0 16027       3       java.util.regex.Pattern$GroupHead::<init> (10 bytes)
Event: 21.444 Thread 0x00000253f58dafe0 nmethod 16027 0x00000253e293c890 code [0x00000253e293ca40, 0x00000253e293cc78]
Event: 21.444 Thread 0x00000253f58dafe0 16028       3       java.util.regex.Pattern$GroupTail::<init> (17 bytes)
Event: 21.444 Thread 0x00000253f58dafe0 nmethod 16028 0x00000253e293cd90 code [0x00000253e293cf40, 0x00000253e293d180]
Event: 21.445 Thread 0x00000253f58da940 nmethod 15999 0x00000253e93ef890 code [0x00000253e93efae0, 0x00000253e93f0510]
Event: 21.445 Thread 0x00000253f58da940 16013  s    4       com.android.build.api.artifact.impl.TypedStorageProvider::getArtifact$gradle_core (85 bytes)
Event: 21.448 Thread 0x00000253ff928f50 nmethod 15998 0x00000253e93f0b90 code [0x00000253e93f0e60, 0x00000253e93f1a28]
Event: 21.451 Thread 0x00000253ff928f50 16029       4       org.gradle.internal.configuration.inputs.NoOpInputsListener::fileSystemEntryObserved (1 bytes)
Event: 21.451 Thread 0x00000253ff928f50 nmethod 16029 0x00000253e93f2610 code [0x00000253e93f27a0, 0x00000253e93f2828]
Event: 21.455 Thread 0x00000253ff9281b0 nmethod 16020 0x00000253e93f2910 code [0x00000253e93f2b80, 0x00000253e93f3d48]
Event: 21.527 Thread 0x00000253f58dafe0 16031   !   3       org.gradle.internal.build.ExecutionResult::forEach (76 bytes)
Event: 21.527 Thread 0x00000253f58dafe0 nmethod 16031 0x00000253e293d290 code [0x00000253e293d520, 0x00000253e293e0e0]
Event: 21.527 Thread 0x00000253f58dafe0 16030       3       org.gradle.internal.build.ExecutionResult$Success::rethrow (1 bytes)
Event: 21.527 Thread 0x00000253f58dafe0 nmethod 16030 0x00000253e293e510 code [0x00000253e293e6a0, 0x00000253e293e7a8]
Event: 21.527 Thread 0x00000253f58dafe0 16032       3       org.gradle.api.services.internal.DefaultBuildServicesRegistry$$Lambda/0x0000025381f2d600::accept (16 bytes)
Event: 21.527 Thread 0x00000253f58dafe0 nmethod 16032 0x00000253e293e810 code [0x00000253e293e9c0, 0x00000253e293ec18]

GC Heap History (20 events):
Event: 10.003 GC heap before
{Heap before GC invocations=33 (full 0):
 garbage-first heap   total 152576K, used 138799K [0x0000000080000000, 0x0000000100000000)
  region size 1024K, 50 young (51200K), 6 survivors (6144K)
 Metaspace       used 94811K, committed 97408K, reserved 1179648K
  class space    used 13577K, committed 14912K, reserved 1048576K
}
Event: 10.007 GC heap after
{Heap after GC invocations=34 (full 0):
 garbage-first heap   total 152576K, used 97193K [0x0000000080000000, 0x0000000100000000)
  region size 1024K, 7 young (7168K), 7 survivors (7168K)
 Metaspace       used 94811K, committed 97408K, reserved 1179648K
  class space    used 13577K, committed 14912K, reserved 1048576K
}
Event: 10.314 GC heap before
{Heap before GC invocations=34 (full 0):
 garbage-first heap   total 152576K, used 136105K [0x0000000080000000, 0x0000000100000000)
  region size 1024K, 45 young (46080K), 7 survivors (7168K)
 Metaspace       used 97827K, committed 100480K, reserved 1179648K
  class space    used 13952K, committed 15232K, reserved 1048576K
}
Event: 10.316 GC heap after
{Heap after GC invocations=35 (full 0):
 garbage-first heap   total 152576K, used 99187K [0x0000000080000000, 0x0000000100000000)
  region size 1024K, 2 young (2048K), 2 survivors (2048K)
 Metaspace       used 97827K, committed 100480K, reserved 1179648K
  class space    used 13952K, committed 15232K, reserved 1048576K
}
Event: 11.442 GC heap before
{Heap before GC invocations=36 (full 0):
 garbage-first heap   total 165888K, used 141171K [0x0000000080000000, 0x0000000100000000)
  region size 1024K, 43 young (44032K), 2 survivors (2048K)
 Metaspace       used 100106K, committed 102784K, reserved 1179648K
  class space    used 14293K, committed 15616K, reserved 1048576K
}
Event: 11.444 GC heap after
{Heap after GC invocations=37 (full 0):
 garbage-first heap   total 165888K, used 101817K [0x0000000080000000, 0x0000000100000000)
  region size 1024K, 5 young (5120K), 5 survivors (5120K)
 Metaspace       used 100106K, committed 102784K, reserved 1179648K
  class space    used 14293K, committed 15616K, reserved 1048576K
}
Event: 11.975 GC heap before
{Heap before GC invocations=37 (full 0):
 garbage-first heap   total 165888K, used 150969K [0x0000000080000000, 0x0000000100000000)
  region size 1024K, 53 young (54272K), 5 survivors (5120K)
 Metaspace       used 100608K, committed 103232K, reserved 1179648K
  class space    used 14299K, committed 15616K, reserved 1048576K
}
Event: 11.979 GC heap after
{Heap after GC invocations=38 (full 0):
 garbage-first heap   total 165888K, used 105972K [0x0000000080000000, 0x0000000100000000)
  region size 1024K, 7 young (7168K), 7 survivors (7168K)
 Metaspace       used 100608K, committed 103232K, reserved 1179648K
  class space    used 14299K, committed 15616K, reserved 1048576K
}
Event: 13.182 GC heap before
{Heap before GC invocations=38 (full 0):
 garbage-first heap   total 165888K, used 148980K [0x0000000080000000, 0x0000000100000000)
  region size 1024K, 49 young (50176K), 7 survivors (7168K)
 Metaspace       used 100936K, committed 103552K, reserved 1179648K
  class space    used 14310K, committed 15616K, reserved 1048576K
}
Event: 13.187 GC heap after
{Heap after GC invocations=39 (full 0):
 garbage-first heap   total 165888K, used 111442K [0x0000000080000000, 0x0000000100000000)
  region size 1024K, 6 young (6144K), 6 survivors (6144K)
 Metaspace       used 100936K, committed 103552K, reserved 1179648K
  class space    used 14310K, committed 15616K, reserved 1048576K
}
Event: 13.914 GC heap before
{Heap before GC invocations=40 (full 0):
 garbage-first heap   total 186368K, used 149330K [0x0000000080000000, 0x0000000100000000)
  region size 1024K, 43 young (44032K), 6 survivors (6144K)
 Metaspace       used 101232K, committed 103872K, reserved 1179648K
  class space    used 14324K, committed 15616K, reserved 1048576K
}
Event: 13.917 GC heap after
{Heap after GC invocations=41 (full 0):
 garbage-first heap   total 186368K, used 116578K [0x0000000080000000, 0x0000000100000000)
  region size 1024K, 6 young (6144K), 6 survivors (6144K)
 Metaspace       used 101232K, committed 103872K, reserved 1179648K
  class space    used 14324K, committed 15616K, reserved 1048576K
}
Event: 17.737 GC heap before
{Heap before GC invocations=41 (full 0):
 garbage-first heap   total 186368K, used 166754K [0x0000000080000000, 0x0000000100000000)
  region size 1024K, 55 young (56320K), 6 survivors (6144K)
 Metaspace       used 101517K, committed 104192K, reserved 1179648K
  class space    used 14346K, committed 15680K, reserved 1048576K
}
Event: 17.742 GC heap after
{Heap after GC invocations=42 (full 0):
 garbage-first heap   total 186368K, used 120913K [0x0000000080000000, 0x0000000100000000)
  region size 1024K, 6 young (6144K), 6 survivors (6144K)
 Metaspace       used 101517K, committed 104192K, reserved 1179648K
  class space    used 14346K, committed 15680K, reserved 1048576K
}
Event: 19.156 GC heap before
{Heap before GC invocations=42 (full 0):
 garbage-first heap   total 186368K, used 168017K [0x0000000080000000, 0x0000000100000000)
  region size 1024K, 53 young (54272K), 6 survivors (6144K)
 Metaspace       used 103057K, committed 105792K, reserved 1179648K
  class space    used 14550K, committed 15936K, reserved 1048576K
}
Event: 19.162 GC heap after
{Heap after GC invocations=43 (full 0):
 garbage-first heap   total 186368K, used 127665K [0x0000000080000000, 0x0000000100000000)
  region size 1024K, 7 young (7168K), 7 survivors (7168K)
 Metaspace       used 103057K, committed 105792K, reserved 1179648K
  class space    used 14550K, committed 15936K, reserved 1048576K
}
Event: 19.671 GC heap before
{Heap before GC invocations=44 (full 0):
 garbage-first heap   total 214016K, used 167601K [0x0000000080000000, 0x0000000100000000)
  region size 1024K, 46 young (47104K), 7 survivors (7168K)
 Metaspace       used 103231K, committed 105920K, reserved 1179648K
  class space    used 14546K, committed 15936K, reserved 1048576K
}
Event: 19.674 GC heap after
{Heap after GC invocations=45 (full 0):
 garbage-first heap   total 214016K, used 131284K [0x0000000080000000, 0x0000000100000000)
  region size 1024K, 4 young (4096K), 4 survivors (4096K)
 Metaspace       used 103231K, committed 105920K, reserved 1179648K
  class space    used 14546K, committed 15936K, reserved 1048576K
}
Event: 21.067 GC heap before
{Heap before GC invocations=45 (full 0):
 garbage-first heap   total 214016K, used 192724K [0x0000000080000000, 0x0000000100000000)
  region size 1024K, 65 young (66560K), 4 survivors (4096K)
 Metaspace       used 103430K, committed 106176K, reserved 1179648K
  class space    used 14549K, committed 15936K, reserved 1048576K
}
Event: 21.072 GC heap after
{Heap after GC invocations=46 (full 0):
 garbage-first heap   total 214016K, used 125367K [0x0000000080000000, 0x0000000100000000)
  region size 1024K, 9 young (9216K), 9 survivors (9216K)
 Metaspace       used 103430K, committed 106176K, reserved 1179648K
  class space    used 14549K, committed 15936K, reserved 1048576K
}

Dll operation events (15 events):
Event: 0.005 Loaded shared library C:\Program Files\Android\openjdk\jdk-21.0.8\bin\java.dll
Event: 0.022 Loaded shared library C:\Program Files\Android\openjdk\jdk-21.0.8\bin\jsvml.dll
Event: 0.042 Loaded shared library C:\Program Files\Android\openjdk\jdk-21.0.8\bin\zip.dll
Event: 0.043 Loaded shared library C:\Program Files\Android\openjdk\jdk-21.0.8\bin\instrument.dll
Event: 0.045 Loaded shared library C:\Program Files\Android\openjdk\jdk-21.0.8\bin\net.dll
Event: 0.046 Loaded shared library C:\Program Files\Android\openjdk\jdk-21.0.8\bin\nio.dll
Event: 0.048 Loaded shared library C:\Program Files\Android\openjdk\jdk-21.0.8\bin\zip.dll
Event: 0.127 Loaded shared library C:\Program Files\Android\openjdk\jdk-21.0.8\bin\jimage.dll
Event: 0.236 Loaded shared library C:\Program Files\Android\openjdk\jdk-21.0.8\bin\verify.dll
Event: 0.255 Loaded shared library C:\Users\Admin\.gradle\native\660c5614fbf4a5f2a75b1949f50a0caf5cd603558e7d8a26e50b933a0cfb79d1\windows-amd64\native-platform.dll
Event: 0.264 Loaded shared library C:\Users\Admin\.gradle\native\0.2.8\x86_64-windows-gnu\gradle-fileevents.dll
Event: 0.734 Loaded shared library C:\Program Files\Android\openjdk\jdk-21.0.8\bin\management.dll
Event: 0.735 Loaded shared library C:\Program Files\Android\openjdk\jdk-21.0.8\bin\management_ext.dll
Event: 0.816 Loaded shared library C:\Program Files\Android\openjdk\jdk-21.0.8\bin\extnet.dll
Event: 0.929 Loaded shared library C:\Program Files\Android\openjdk\jdk-21.0.8\bin\sunmscapi.dll

Deoptimization events (20 events):
Event: 21.103 Thread 0x00000253fcb12df0 DEOPT PACKING pc=0x00000253e909609c sp=0x00000079879fbac0
Event: 21.103 Thread 0x00000253fcb12df0 DEOPT UNPACKING pc=0x00000253e85a46a2 sp=0x00000079879fb9b8 mode 2
Event: 21.103 Thread 0x00000253fcb12df0 Uncommon trap: trap_request=0xffffffc6 fr.pc=0x00000253e90b7a08 relative=0x0000000000000a48
Event: 21.103 Thread 0x00000253fcb12df0 Uncommon trap: reason=bimorphic_or_optimized_type_check action=maybe_recompile pc=0x00000253e90b7a08 method=com.google.common.collect.AbstractMapBasedMultimap.get(Ljava/lang/Object;)Ljava/util/Collection; @ 5 c2
Event: 21.103 Thread 0x00000253fcb12df0 DEOPT PACKING pc=0x00000253e90b7a08 sp=0x00000079879fbaa0
Event: 21.103 Thread 0x00000253fcb12df0 DEOPT UNPACKING pc=0x00000253e85a46a2 sp=0x00000079879fb9f8 mode 2
Event: 21.236 Thread 0x00000253c3ae5380 DEOPT PACKING pc=0x00000253e2601fee sp=0x00000079843fe960
Event: 21.236 Thread 0x00000253c3ae5380 DEOPT UNPACKING pc=0x00000253e85a4e42 sp=0x00000079843fde28 mode 0
Event: 21.266 Thread 0x00000253fc0b1660 Uncommon trap: trap_request=0xffffff45 fr.pc=0x00000253e91f34c4 relative=0x0000000000000404
Event: 21.266 Thread 0x00000253fc0b1660 Uncommon trap: reason=unstable_if action=reinterpret pc=0x00000253e91f34c4 method=it.unimi.dsi.fastutil.longs.LongOpenHashSet.contains(J)Z @ 69 c2
Event: 21.266 Thread 0x00000253fc0b1660 DEOPT PACKING pc=0x00000253e91f34c4 sp=0x00000079845f8be0
Event: 21.266 Thread 0x00000253fc0b1660 DEOPT UNPACKING pc=0x00000253e85a46a2 sp=0x00000079845f8b10 mode 2
Event: 21.270 Thread 0x00000253fc0b1660 Uncommon trap: trap_request=0xffffff45 fr.pc=0x00000253e91e820c relative=0x00000000000001ec
Event: 21.270 Thread 0x00000253fc0b1660 Uncommon trap: reason=unstable_if action=reinterpret pc=0x00000253e91e820c method=it.unimi.dsi.fastutil.longs.LongOpenHashSet.contains(J)Z @ 69 c2
Event: 21.270 Thread 0x00000253fc0b1660 DEOPT PACKING pc=0x00000253e91e820c sp=0x00000079845f8cd0
Event: 21.270 Thread 0x00000253fc0b1660 DEOPT UNPACKING pc=0x00000253e85a46a2 sp=0x00000079845f8c60 mode 2
Event: 21.324 Thread 0x00000253fc0b1660 Uncommon trap: trap_request=0xffffffdc fr.pc=0x00000253e93c6680 relative=0x00000000000003a0
Event: 21.324 Thread 0x00000253fc0b1660 Uncommon trap: reason=class_check action=make_not_entrant pc=0x00000253e93c6680 method=com.google.common.collect.Platform.copy([Ljava/lang/Object;II[Ljava/lang/Object;)[Ljava/lang/Object; @ 7 c2
Event: 21.324 Thread 0x00000253fc0b1660 DEOPT PACKING pc=0x00000253e93c6680 sp=0x00000079845f6d00
Event: 21.324 Thread 0x00000253fc0b1660 DEOPT UNPACKING pc=0x00000253e85a46a2 sp=0x00000079845f6c30 mode 2

Classes loaded (20 events):
Event: 19.001 Loading class java/util/ArrayListCustomizer
Event: 19.001 Loading class java/util/ArrayListCustomizer done
Event: 19.004 Loading class java/util/Stack
Event: 19.004 Loading class java/util/Stack done
Event: 19.022 Loading class java/util/LinkedHashSetBeanInfo
Event: 19.022 Loading class java/util/LinkedHashSetBeanInfo done
Event: 19.022 Loading class java/util/LinkedHashSetBeanInfo
Event: 19.022 Loading class java/util/LinkedHashSetBeanInfo done
Event: 19.022 Loading class java/util/HashSetBeanInfo
Event: 19.022 Loading class java/util/HashSetBeanInfo done
Event: 19.023 Loading class java/util/HashSetBeanInfo
Event: 19.023 Loading class java/util/HashSetBeanInfo done
Event: 19.023 Loading class java/util/HashSetCustomizer
Event: 19.023 Loading class java/util/HashSetCustomizer done
Event: 19.023 Loading class java/util/HashSetCustomizer
Event: 19.023 Loading class java/util/HashSetCustomizer done
Event: 19.023 Loading class java/util/LinkedHashSetCustomizer
Event: 19.023 Loading class java/util/LinkedHashSetCustomizer done
Event: 19.023 Loading class java/util/LinkedHashSetCustomizer
Event: 19.023 Loading class java/util/LinkedHashSetCustomizer done

Classes unloaded (12 events):
Event: 19.198 Thread 0x00000253f58aa9d0 Unloading class 0x0000025381f47400 'java/lang/invoke/LambdaForm$MH+0x0000025381f47400'
Event: 19.198 Thread 0x00000253f58aa9d0 Unloading class 0x0000025381f47000 'java/lang/invoke/LambdaForm$MH+0x0000025381f47000'
Event: 19.198 Thread 0x00000253f58aa9d0 Unloading class 0x0000025381f46c00 'java/lang/invoke/LambdaForm$MH+0x0000025381f46c00'
Event: 19.198 Thread 0x00000253f58aa9d0 Unloading class 0x0000025381f46800 'java/lang/invoke/LambdaForm$MH+0x0000025381f46800'
Event: 19.198 Thread 0x00000253f58aa9d0 Unloading class 0x0000025381f46400 'java/lang/invoke/LambdaForm$MH+0x0000025381f46400'
Event: 19.198 Thread 0x00000253f58aa9d0 Unloading class 0x0000025381f45800 'java/lang/invoke/LambdaForm$MH+0x0000025381f45800'
Event: 19.198 Thread 0x00000253f58aa9d0 Unloading class 0x0000025381ef8800 'java/lang/invoke/LambdaForm$MH+0x0000025381ef8800'
Event: 19.198 Thread 0x00000253f58aa9d0 Unloading class 0x0000025381e6c000 'java/lang/invoke/LambdaForm$MH+0x0000025381e6c000'
Event: 19.198 Thread 0x00000253f58aa9d0 Unloading class 0x0000025381e54c00 'java/lang/invoke/LambdaForm$MH+0x0000025381e54c00'
Event: 19.198 Thread 0x00000253f58aa9d0 Unloading class 0x0000025381e54800 'java/lang/invoke/LambdaForm$MH+0x0000025381e54800'
Event: 19.198 Thread 0x00000253f58aa9d0 Unloading class 0x0000025381e54000 'java/lang/invoke/LambdaForm$MH+0x0000025381e54000'
Event: 19.198 Thread 0x00000253f58aa9d0 Unloading class 0x0000025381d10400 'java/lang/invoke/LambdaForm$MH+0x0000025381d10400'

Classes redefined (0 events):
No events

Internal exceptions (20 events):
Event: 19.703 Thread 0x00000253fc0b1660 Implicit null exception at 0x00000253e932237f to 0x00000253e9322c72
Event: 19.724 Thread 0x00000253fc0b1660 Implicit null exception at 0x00000253e8ec6675 to 0x00000253e8ec6f02
Event: 19.740 Thread 0x00000253fc0b1660 Implicit null exception at 0x00000253e9098d6b to 0x00000253e9099592
Event: 19.839 Thread 0x00000253fc0b1660 Exception <a 'sun/nio/fs/WindowsException'{0x000000008bc89368}> (0x000000008bc89368) 
thrown [s\src\hotspot\share\prims\jni.cpp, line 520]
Event: 20.897 Thread 0x00000253fc0b1660 Exception <a 'sun/nio/fs/WindowsException'{0x000000008b64d638}> (0x000000008b64d638) 
thrown [s\src\hotspot\share\prims\jni.cpp, line 520]
Event: 20.897 Thread 0x00000253fc0b1660 Exception <a 'sun/nio/fs/WindowsException'{0x000000008b64eb08}> (0x000000008b64eb08) 
thrown [s\src\hotspot\share\prims\jni.cpp, line 520]
Event: 20.897 Thread 0x00000253fc0b1660 Exception <a 'sun/nio/fs/WindowsException'{0x000000008b64ffc8}> (0x000000008b64ffc8) 
thrown [s\src\hotspot\share\prims\jni.cpp, line 520]
Event: 20.898 Thread 0x00000253fc0b1660 Exception <a 'sun/nio/fs/WindowsException'{0x000000008b651468}> (0x000000008b651468) 
thrown [s\src\hotspot\share\prims\jni.cpp, line 520]
Event: 20.925 Thread 0x00000253fc0b1660 Exception <a 'sun/nio/fs/WindowsException'{0x000000008a800a30}> (0x000000008a800a30) 
thrown [s\src\hotspot\share\prims\jni.cpp, line 520]
Event: 20.925 Thread 0x00000253fc0b1660 Exception <a 'sun/nio/fs/WindowsException'{0x000000008a801f88}> (0x000000008a801f88) 
thrown [s\src\hotspot\share\prims\jni.cpp, line 520]
Event: 20.925 Thread 0x00000253fc0b1660 Exception <a 'sun/nio/fs/WindowsException'{0x000000008a804170}> (0x000000008a804170) 
thrown [s\src\hotspot\share\prims\jni.cpp, line 520]
Event: 21.180 Thread 0x00000253fc0b1660 Exception <a 'sun/nio/fs/WindowsException'{0x000000008c7d9b60}> (0x000000008c7d9b60) 
thrown [s\src\hotspot\share\prims\jni.cpp, line 520]
Event: 21.262 Thread 0x00000253fc0b1660 Exception <a 'sun/nio/fs/WindowsException'{0x000000008c1b2650}> (0x000000008c1b2650) 
thrown [s\src\hotspot\share\prims\jni.cpp, line 520]
Event: 21.262 Thread 0x00000253fc0b1660 Exception <a 'sun/nio/fs/WindowsException'{0x000000008c1b3ea0}> (0x000000008c1b3ea0) 
thrown [s\src\hotspot\share\prims\jni.cpp, line 520]
Event: 21.263 Thread 0x00000253fc0b1660 Exception <a 'sun/nio/fs/WindowsException'{0x000000008c1b5610}> (0x000000008c1b5610) 
thrown [s\src\hotspot\share\prims\jni.cpp, line 520]
Event: 21.263 Thread 0x00000253fc0b1660 Exception <a 'sun/nio/fs/WindowsException'{0x000000008c1b6d60}> (0x000000008c1b6d60) 
thrown [s\src\hotspot\share\prims\jni.cpp, line 520]
Event: 21.291 Thread 0x00000253fc0b1660 Exception <a 'sun/nio/fs/WindowsException'{0x000000008b35c0c0}> (0x000000008b35c0c0) 
thrown [s\src\hotspot\share\prims\jni.cpp, line 520]
Event: 21.291 Thread 0x00000253fc0b1660 Exception <a 'sun/nio/fs/WindowsException'{0x000000008b35d618}> (0x000000008b35d618) 
thrown [s\src\hotspot\share\prims\jni.cpp, line 520]
Event: 21.291 Thread 0x00000253fc0b1660 Exception <a 'sun/nio/fs/WindowsException'{0x000000008b35f800}> (0x000000008b35f800) 
thrown [s\src\hotspot\share\prims\jni.cpp, line 520]
Event: 21.527 Thread 0x00000253fc0b1660 Exception <a 'sun/nio/fs/WindowsException'{0x0000000089065d30}> (0x0000000089065d30) 
thrown [s\src\hotspot\share\prims\jni.cpp, line 520]

ZGC Phase Switch (0 events):
No events

VM Operations (20 events):
Event: 18.960 Executing VM operation: HandshakeAllThreads (Deoptimize) done
Event: 19.044 Executing VM operation: HandshakeAllThreads (Deoptimize)
Event: 19.044 Executing VM operation: HandshakeAllThreads (Deoptimize) done
Event: 19.156 Executing VM operation: G1CollectForAllocation (G1 Evacuation Pause)
Event: 19.162 Executing VM operation: G1CollectForAllocation (G1 Evacuation Pause) done
Event: 19.198 Executing VM operation: G1PauseRemark
Event: 19.209 Executing VM operation: G1PauseRemark done
Event: 19.236 Executing VM operation: G1PauseCleanup
Event: 19.236 Executing VM operation: G1PauseCleanup done
Event: 19.671 Executing VM operation: G1CollectForAllocation (G1 Evacuation Pause)
Event: 19.674 Executing VM operation: G1CollectForAllocation (G1 Evacuation Pause) done
Event: 20.684 Executing VM operation: Cleanup
Event: 20.684 Executing VM operation: Cleanup done
Event: 21.051 Executing VM operation: ICBufferFull
Event: 21.052 Executing VM operation: ICBufferFull done
Event: 21.067 Executing VM operation: G1CollectForAllocation (G1 Evacuation Pause)
Event: 21.072 Executing VM operation: G1CollectForAllocation (G1 Evacuation Pause) done
Event: 21.336 Executing VM operation: ICBufferFull
Event: 21.336 Executing VM operation: ICBufferFull done
Event: 22.344 Executing VM operation: Cleanup

Memory protections (0 events):
No events

Nmethod flushes (20 events):
Event: 19.208 Thread 0x00000253f58aa9d0 flushing  nmethod 0x00000253e139cf10
Event: 19.208 Thread 0x00000253f58aa9d0 flushing  nmethod 0x00000253e140ea10
Event: 19.208 Thread 0x00000253f58aa9d0 flushing  nmethod 0x00000253e1410110
Event: 19.208 Thread 0x00000253f58aa9d0 flushing  nmethod 0x00000253e1629d90
Event: 19.208 Thread 0x00000253f58aa9d0 flushing  nmethod 0x00000253e1662b90
Event: 19.208 Thread 0x00000253f58aa9d0 flushing  nmethod 0x00000253e17acb90
Event: 19.208 Thread 0x00000253f58aa9d0 flushing  nmethod 0x00000253e19e8810
Event: 19.208 Thread 0x00000253f58aa9d0 flushing  nmethod 0x00000253e1bedb10
Event: 19.208 Thread 0x00000253f58aa9d0 flushing  nmethod 0x00000253e1c0f590
Event: 19.208 Thread 0x00000253f58aa9d0 flushing  nmethod 0x00000253e1c0f990
Event: 19.208 Thread 0x00000253f58aa9d0 flushing  nmethod 0x00000253e1c0ff90
Event: 19.208 Thread 0x00000253f58aa9d0 flushing  nmethod 0x00000253e1c3a790
Event: 19.208 Thread 0x00000253f58aa9d0 flushing  nmethod 0x00000253e1c40c90
Event: 19.208 Thread 0x00000253f58aa9d0 flushing  nmethod 0x00000253e1c41390
Event: 19.208 Thread 0x00000253f58aa9d0 flushing  nmethod 0x00000253e1c46f90
Event: 19.208 Thread 0x00000253f58aa9d0 flushing  nmethod 0x00000253e1c47410
Event: 19.208 Thread 0x00000253f58aa9d0 flushing  nmethod 0x00000253e1c48a10
Event: 19.208 Thread 0x00000253f58aa9d0 flushing  nmethod 0x00000253e20dcc10
Event: 19.208 Thread 0x00000253f58aa9d0 flushing  nmethod 0x00000253e20e1a10
Event: 19.208 Thread 0x00000253f58aa9d0 flushing  nmethod 0x00000253e20e4110

Events (20 events):
Event: 21.256 Thread 0x00000253fc0b1660 Thread added: 0x00000253c3ae8e90
Event: 21.258 Thread 0x00000253fc0b1660 Thread added: 0x00000253c3ae8170
Event: 21.259 Thread 0x00000253fc0b1660 Thread added: 0x00000253c3aea240
Event: 21.273 Thread 0x00000253fc0b1660 Thread added: 0x00000253c3ae8800
Event: 21.275 Thread 0x00000253fc0b1660 Thread added: 0x00000253c3aea8d0
Event: 21.339 Thread 0x00000253fc0b1660 Thread added: 0x00000253c3ae9bb0
Event: 21.339 Thread 0x00000253fc0b1660 Thread added: 0x00000253c3ae9520
Event: 21.339 Thread 0x00000253fc0b1660 Thread added: 0x00000253c2d01ea0
Event: 21.339 Thread 0x00000253fc0b1660 Thread added: 0x00000253c2d02bc0
Event: 21.340 Thread 0x00000253fc0b1660 Thread added: 0x00000253c2d01810
Event: 21.340 Thread 0x00000253fc0b1660 Thread added: 0x00000253c2d00460
Event: 21.340 Thread 0x00000253fc0b1660 Thread added: 0x00000253c2d03250
Event: 21.340 Thread 0x00000253fc0b1660 Thread added: 0x00000253c2d00af0
Event: 21.340 Thread 0x00000253fc0b1660 Thread added: 0x00000253c2d01180
Event: 21.340 Thread 0x00000253fc0b1660 Thread added: 0x00000253c2d02530
Event: 21.386 Thread 0x00000253fc0b1660 Thread added: 0x00000253c2cffdd0
Event: 21.404 Thread 0x00000253fc0b1660 Thread added: 0x00000253c2d059b0
Event: 21.442 Thread 0x00000253c2cffdd0 Thread exited: 0x00000253c2cffdd0
Event: 21.529 Thread 0x00000253c2d059b0 Thread exited: 0x00000253c2d059b0
Event: 21.531 Thread 0x00000253c3ae8170 Thread exited: 0x00000253c3ae8170


Dynamic libraries:
0x00007ff6c8ab0000 - 0x00007ff6c8abe000 	C:\Program Files\Android\openjdk\jdk-21.0.8\bin\java.exe
0x00007ff94a580000 - 0x00007ff94a7e7000 	C:\WINDOWS\SYSTEM32\ntdll.dll
0x00007ff949910000 - 0x00007ff9499d9000 	C:\WINDOWS\System32\KERNEL32.DLL
0x00007ff947f20000 - 0x00007ff94830f000 	C:\WINDOWS\System32\KERNELBASE.dll
0x00007ff947ba0000 - 0x00007ff947ceb000 	C:\WINDOWS\System32\ucrtbase.dll
0x00007ff941840000 - 0x00007ff941858000 	C:\Program Files\Android\openjdk\jdk-21.0.8\bin\jli.dll
0x00007ff941820000 - 0x00007ff94183e000 	C:\Program Files\Android\openjdk\jdk-21.0.8\bin\VCRUNTIME140.dll
0x00007ff94a2c0000 - 0x00007ff94a485000 	C:\WINDOWS\System32\USER32.dll
0x00007ff92c390000 - 0x00007ff92c623000 	C:\WINDOWS\WinSxS\amd64_microsoft.windows.common-controls_6595b64144ccf1df_6.0.26100.7309_none_3e05feeae336a044\COMCTL32.dll
0x00007ff9476d0000 - 0x00007ff9476f7000 	C:\WINDOWS\System32\win32u.dll
0x00007ff9497e0000 - 0x00007ff94980b000 	C:\WINDOWS\System32\GDI32.dll
0x00007ff948320000 - 0x00007ff9483c9000 	C:\WINDOWS\System32\msvcrt.dll
0x00007ff947910000 - 0x00007ff947a3c000 	C:\WINDOWS\System32\gdi32full.dll
0x00007ff947a40000 - 0x00007ff947ae3000 	C:\WINDOWS\System32\msvcp_win.dll
0x00007ff949b90000 - 0x00007ff949bc1000 	C:\WINDOWS\System32\IMM32.DLL
0x00007ff944370000 - 0x00007ff94437c000 	C:\Program Files\Android\openjdk\jdk-21.0.8\bin\vcruntime140_1.dll
0x00007ff92baf0000 - 0x00007ff92bb79000 	C:\Program Files\Android\openjdk\jdk-21.0.8\bin\msvcp140.dll
0x00007ff8828c0000 - 0x00007ff88366c000 	C:\Program Files\Android\openjdk\jdk-21.0.8\bin\server\jvm.dll
0x00007ff948dd0000 - 0x00007ff948e84000 	C:\WINDOWS\System32\ADVAPI32.dll
0x00007ff9499e0000 - 0x00007ff949a86000 	C:\WINDOWS\System32\sechost.dll
0x00007ff948f10000 - 0x00007ff949028000 	C:\WINDOWS\System32\RPCRT4.dll
0x00007ff94a4c0000 - 0x00007ff94a534000 	C:\WINDOWS\System32\WS2_32.dll
0x00007ff9472c0000 - 0x00007ff94731e000 	C:\WINDOWS\SYSTEM32\POWRPROF.dll
0x00007ff938630000 - 0x00007ff938665000 	C:\WINDOWS\SYSTEM32\WINMM.dll
0x00007ff940c80000 - 0x00007ff940c8b000 	C:\WINDOWS\SYSTEM32\VERSION.dll
0x00007ff9472a0000 - 0x00007ff9472b4000 	C:\WINDOWS\SYSTEM32\UMPDC.dll
0x00007ff946440000 - 0x00007ff94645b000 	C:\WINDOWS\SYSTEM32\kernel.appcore.dll
0x00007ff942520000 - 0x00007ff94252a000 	C:\Program Files\Android\openjdk\jdk-21.0.8\bin\jimage.dll
0x00007ff944eb0000 - 0x00007ff9450f2000 	C:\WINDOWS\SYSTEM32\DBGHELP.DLL
0x00007ff948850000 - 0x00007ff948bd5000 	C:\WINDOWS\System32\combase.dll
0x00007ff949bd0000 - 0x00007ff949ca6000 	C:\WINDOWS\System32\OLEAUT32.dll
0x00007ff92c2e0000 - 0x00007ff92c31c000 	C:\WINDOWS\SYSTEM32\dbgcore.DLL
0x00007ff947af0000 - 0x00007ff947b95000 	C:\WINDOWS\System32\bcryptPrimitives.dll
0x00007ff92e8e0000 - 0x00007ff92e8f0000 	C:\Program Files\Android\openjdk\jdk-21.0.8\bin\instrument.dll
0x00007ff9416e0000 - 0x00007ff941701000 	C:\Program Files\Android\openjdk\jdk-21.0.8\bin\java.dll
0x00007ff949080000 - 0x00007ff9497d3000 	C:\WINDOWS\System32\SHELL32.dll
0x00007ff947cf0000 - 0x00007ff947e5a000 	C:\WINDOWS\System32\wintypes.dll
0x00007ff9452b0000 - 0x00007ff945b0e000 	C:\WINDOWS\SYSTEM32\windows.storage.dll
0x00007ff948750000 - 0x00007ff948845000 	C:\WINDOWS\System32\SHCORE.dll
0x00007ff949a90000 - 0x00007ff949af6000 	C:\WINDOWS\System32\shlwapi.dll
0x00007ff9475f0000 - 0x00007ff947619000 	C:\WINDOWS\SYSTEM32\profapi.dll
0x00007ff907b50000 - 0x00007ff907c26000 	C:\Program Files\Android\openjdk\jdk-21.0.8\bin\jsvml.dll
0x00007ff941600000 - 0x00007ff941618000 	C:\Program Files\Android\openjdk\jdk-21.0.8\bin\zip.dll
0x00007ff9416c0000 - 0x00007ff9416d1000 	C:\Program Files\Android\openjdk\jdk-21.0.8\bin\net.dll
0x00007ff9405e0000 - 0x00007ff940708000 	C:\WINDOWS\SYSTEM32\WINHTTP.dll
0x00007ff946990000 - 0x00007ff9469fb000 	C:\WINDOWS\system32\mswsock.dll
0x00007ff941620000 - 0x00007ff941636000 	C:\Program Files\Android\openjdk\jdk-21.0.8\bin\nio.dll
0x00007ff92f750000 - 0x00007ff92f760000 	C:\Program Files\Android\openjdk\jdk-21.0.8\bin\verify.dll
0x00007ff936940000 - 0x00007ff936967000 	C:\Users\Admin\.gradle\native\660c5614fbf4a5f2a75b1949f50a0caf5cd603558e7d8a26e50b933a0cfb79d1\windows-amd64\native-platform.dll
0x00007ff8dce80000 - 0x00007ff8dcef7000 	C:\Users\Admin\.gradle\native\0.2.8\x86_64-windows-gnu\gradle-fileevents.dll
0x00007ff936930000 - 0x00007ff93693a000 	C:\Program Files\Android\openjdk\jdk-21.0.8\bin\management.dll
0x00007ff92f760000 - 0x00007ff92f76c000 	C:\Program Files\Android\openjdk\jdk-21.0.8\bin\management_ext.dll
0x00007ff949900000 - 0x00007ff949908000 	C:\WINDOWS\System32\PSAPI.DLL
0x00007ff945e30000 - 0x00007ff945e64000 	C:\WINDOWS\SYSTEM32\IPHLPAPI.DLL
0x00007ff948be0000 - 0x00007ff948bea000 	C:\WINDOWS\System32\NSI.dll
0x00007ff92e8f0000 - 0x00007ff92e8f9000 	C:\Program Files\Android\openjdk\jdk-21.0.8\bin\extnet.dll
0x00007ff946d80000 - 0x00007ff946d9b000 	C:\WINDOWS\SYSTEM32\CRYPTSP.dll
0x00007ff9463a0000 - 0x00007ff9463da000 	C:\WINDOWS\system32\rsaenh.dll
0x00007ff946a40000 - 0x00007ff946a6b000 	C:\WINDOWS\SYSTEM32\USERENV.dll
0x00007ff9475c0000 - 0x00007ff9475ea000 	C:\WINDOWS\SYSTEM32\bcrypt.dll
0x00007ff946be0000 - 0x00007ff946bec000 	C:\WINDOWS\SYSTEM32\CRYPTBASE.dll
0x00007ff92e830000 - 0x00007ff92e83e000 	C:\Program Files\Android\openjdk\jdk-21.0.8\bin\sunmscapi.dll
0x00007ff947700000 - 0x00007ff947877000 	C:\WINDOWS\System32\CRYPT32.dll
0x00007ff946f40000 - 0x00007ff946f70000 	C:\WINDOWS\SYSTEM32\ncrypt.dll
0x00007ff946ef0000 - 0x00007ff946f2f000 	C:\WINDOWS\SYSTEM32\NTASN1.dll
0x00007ff904c40000 - 0x00007ff904c48000 	C:\WINDOWS\system32\wshunix.dll

JVMTI agents:
C:\Users\Admin\.gradle\wrapper\dists\gradle-9.6.0-bin\42k10rwplmzkhuboz9kdazi7s\gradle-9.6.0\lib\agents\gradle-instrumentation-agent-9.6.0.jar path:C:\Program Files\Android\openjdk\jdk-21.0.8\bin\instrument.dll, loaded, initialized, instrumentlib options:none

dbghelp: loaded successfully - version: 4.0.5 - missing functions: none
symbol engine: initialized successfully - sym options: 0x614 - pdb path: .;C:\Program Files\Android\openjdk\jdk-21.0.8\bin;C:\WINDOWS\SYSTEM32;C:\WINDOWS\WinSxS\amd64_microsoft.windows.common-controls_6595b64144ccf1df_6.0.26100.7309_none_3e05feeae336a044;C:\Program Files\Android\openjdk\jdk-21.0.8\bin\server;C:\Users\Admin\.gradle\native\660c5614fbf4a5f2a75b1949f50a0caf5cd603558e7d8a26e50b933a0cfb79d1\windows-amd64;C:\Users\Admin\.gradle\native\0.2.8\x86_64-windows-gnu

VM Arguments:
jvm_args: --add-opens=java.base/java.lang=ALL-UNNAMED --add-opens=java.base/java.lang.invoke=ALL-UNNAMED --add-opens=java.base/java.util=ALL-UNNAMED --add-opens=java.prefs/java.util.prefs=ALL-UNNAMED --add-exports=jdk.compiler/com.sun.tools.javac.api=ALL-UNNAMED --add-exports=jdk.compiler/com.sun.tools.javac.util=ALL-UNNAMED --add-opens=java.base/java.nio.charset=ALL-UNNAMED --add-opens=java.base/java.net=ALL-UNNAMED --add-opens=java.base/java.util.concurrent=ALL-UNNAMED --add-opens=java.base/java.util.concurrent.atomic=ALL-UNNAMED --add-opens=java.xml/javax.xml.namespace=ALL-UNNAMED --add-opens=java.base/java.time=ALL-UNNAMED -Xmx2048m -Dfile.encoding=UTF-8 -Duser.country=US -Duser.language=en -Duser.variant -javaagent:C:\Users\Admin\.gradle\wrapper\dists\gradle-9.6.0-bin\42k10rwplmzkhuboz9kdazi7s\gradle-9.6.0\lib\agents\gradle-instrumentation-agent-9.6.0.jar 
java_command: org.gradle.launcher.daemon.bootstrap.GradleDaemon 9.6.0
java_class_path (initial): C:\Users\Admin\.gradle\wrapper\dists\gradle-9.6.0-bin\42k10rwplmzkhuboz9kdazi7s\gradle-9.6.0\lib\gradle-daemon-main-9.6.0.jar
Launcher Type: SUN_STANDARD

[Global flags]
     intx CICompilerCount                          = 4                                         {product} {ergonomic}
     uint ConcGCThreads                            = 3                                         {product} {ergonomic}
     uint G1ConcRefinementThreads                  = 10                                        {product} {ergonomic}
   size_t G1HeapRegionSize                         = 1048576                                   {product} {ergonomic}
    uintx GCDrainStackTargetSize                   = 64                                        {product} {ergonomic}
   size_t InitialHeapSize                          = 266338304                                 {product} {ergonomic}
   size_t MarkStackSize                            = 4194304                                   {product} {ergonomic}
   size_t MaxHeapSize                              = 2147483648                                {product} {command line}
   size_t MaxNewSize                               = 1287651328                                {product} {ergonomic}
   size_t MinHeapDeltaBytes                        = 1048576                                   {product} {ergonomic}
   size_t MinHeapSize                              = 8388608                                   {product} {ergonomic}
    uintx NonNMethodCodeHeapSize                   = 5839372                                {pd product} {ergonomic}
    uintx NonProfiledCodeHeapSize                  = 122909434                              {pd product} {ergonomic}
    uintx ProfiledCodeHeapSize                     = 122909434                              {pd product} {ergonomic}
    uintx ReservedCodeCacheSize                    = 251658240                              {pd product} {ergonomic}
     bool SegmentedCodeCache                       = true                                      {product} {ergonomic}
   size_t SoftMaxHeapSize                          = 2147483648                             {manageable} {ergonomic}
     bool UseCompressedOops                        = true                           {product lp64_product} {ergonomic}
     bool UseG1GC                                  = true                                      {product} {ergonomic}
     bool UseLargePagesIndividualAllocation        = false                                  {pd product} {ergonomic}

Logging:
Log output configuration:
 #0: stdout all=warning uptime,level,tags foldmultilines=false
 #1: stderr all=off uptime,level,tags foldmultilines=false

Environment Variables:
PATH=C:\Program Files (x86)\Common Files\Oracle\Java\java8path;C:\Program Files (x86)\Common Files\Oracle\Java\javapath;C:\Program Files\NVIDIA GPU Computing Toolkit\CUDA\v12.4\bin;C:\Program Files\NVIDIA GPU Computing Toolkit\CUDA\v12.4\libnvvp;C:\WINDOWS\system32;C:\WINDOWS;C:\WINDOWS\System32\Wbem;C:\WINDOWS\System32\WindowsPowerShell\v1.0\;C:\WINDOWS\System32\OpenSSH\;C:\Program Files\NVIDIA Corporation\NVIDIA App\NvDLISR;C:\Program Files\Cloudflare\Cloudflare WARP\;C:\Program Files\dotnet\;C:\Program Files (x86)\NVIDIA Corporation\PhysX\Common;C:\msys64\ucrt64\bin;C:\Program Files\Microsoft SQL Server\170\Tools\Binn\;C:\Program Files\Microsoft SQL Server\Client SDK\ODBC\170\Tools\Binn\;C:\Program Files (x86)\Microsoft SQL Server\170\Tools\Binn\;C:\Program Files\Microsoft SQL Server\Client SDK\ODBC\180\Tools\Binn\;C:\Program Files\Microsoft SQL Server\170\DTS\Binn\;C:\Program Files\Git\cmd;C:\Program Files\NVIDIA Corporation\Nsight Compute 2024.1.0\;C:\Program Files (x86)\Microsoft Visual Studio\2022\BuildTools\VC\Tools\MSVC\14.44.35207\bin\Hostx64\x64;C:\Program Files (x86)\Microsoft Visual Studio\2022\BuildTools\Common7\IDE;C:\Program Files\nodejs\;C:\Program Files\MySQL\MySQL Shell 8.0\bin\;C:\Users\Admin\AppData\Local\Programs\Python\Python311\Scripts\;C:\Users\Admin\AppData\Local\Programs\Python\Python311\;C:\Users\Admin\AppData\Local\Programs\Python\Python312\Scripts\;C:\Users\Admin\AppData\Local\Programs\Python\Python312\;C:\Users\Admin\AppData\Local\Microsoft\WindowsApps;C:\Users\Admin\AppData\Local\Programs\Microsoft VS Code\bin;C:\Users\Admin\AppData\Local\Programs\Azure Data Studio\bin;C:\Users\Admin\AppData\Local\Programs\Antigravity\bin;E:\JetBrains\PyCharm 2026.1\bin;E:\JetBrains\JetBrains Rider 2026.1.1\bin;C:\Users\Admin\AppData\Roaming\npm;E:\Antigravity IDE\bin;C:\Users\Admin\.dotnet\tools;C:\Users\Admin\AppData\Local\Microsoft\WinGet\Links;C:\Users\Admin\AppData\Local\Programs\Antigravity IDE\bin
USERNAME=Admin
OS=Windows_NT
PROCESSOR_IDENTIFIER=Intel64 Family 6 Model 151 Stepping 2, GenuineIntel
TMP=C:\Users\Admin\AppData\Local\Temp
TEMP=C:\Users\Admin\AppData\Local\Temp




Periodic native trim disabled

---------------  S Y S T E M  ---------------

OS:
 Windows 11 , 64 bit Build 26100 (10.0.26100.7309)
OS uptime: 0 days 7:57 hours
Hyper-V role detected

CPU: total 12 (initial active 12) (6 cores per cpu, 2 threads per core) family 6 model 151 stepping 2 microcode 0x23, cx8, cmov, fxsr, ht, mmx, 3dnowpref, sse, sse2, sse3, ssse3, sse4.1, sse4.2, popcnt, lzcnt, tsc, tscinvbit, avx, avx2, aes, erms, clmul, bmi1, bmi2, adx, sha, fma, vzeroupper, clflush, clflushopt, clwb, hv, serialize, rdtscp, rdpid, fsrm, f16c, cet_ibt, cet_ss
Processor Information for the first 12 processors :
  Max Mhz: 2500, Current Mhz: 2500, Mhz Limit: 2500

Memory: 4k page, system-wide physical 16197M (844M free)
TotalPageFile size 28485M (AvailPageFile size 6M)
current process WorkingSet (physical memory assigned to process): 512M, peak: 529M
current process commit charge ("private bytes"): 556M, peak: 574M

vm_info: OpenJDK 64-Bit Server VM (21.0.8+9-LTS) for windows-amd64 JRE (21.0.8+9-LTS), built on 2025-07-10T20:22:44Z by "MicrosoftCorporation" with unknown MS VC++:1944

END.
