#
# There is insufficient memory for the Java Runtime Environment to continue.
# Native memory allocation (malloc) failed to allocate 1451536 bytes. Error detail: Chunk::new
# Possible reasons:
#   The system is out of physical RAM or swap space
#   This process is running with CompressedOops enabled, and the Java Heap may be blocking the growth of the native heap
# Possible solutions:
#   Reduce memory load on the system
#   Increase physical memory or swap space
#   Check if swap backing store is full
#   Decrease Java heap size (-Xmx/-Xms)
#   Decrease number of Java threads
#   Decrease Java thread stack sizes (-Xss)
#   Set larger code cache with -XX:ReservedCodeCacheSize=
#   JVM is running with Unscaled Compressed Oops mode in which the Java heap is
#     placed in the first 4GB address space. The Java Heap base address is the
#     maximum limit for the native heap growth. Please use -XX:HeapBaseMinAddress
#     to set the Java Heap base and to place the Java Heap above 4GB virtual address.
# This output file may be truncated or incomplete.
#
#  Out of Memory Error (arena.cpp:168), pid=24564, tid=28772
#
# JRE version: OpenJDK Runtime Environment Microsoft-11933218 (21.0.8+9) (build 21.0.8+9-LTS)
# Java VM: OpenJDK 64-Bit Server VM Microsoft-11933218 (21.0.8+9-LTS, mixed mode, sharing, tiered, compressed oops, compressed class ptrs, g1 gc, windows-amd64)
# No core dump will be written. Minidumps are not enabled by default on client versions of Windows
#

---------------  S U M M A R Y ------------

Command Line: --add-opens=java.base/java.lang=ALL-UNNAMED --add-opens=java.base/java.lang.invoke=ALL-UNNAMED --add-opens=java.base/java.util=ALL-UNNAMED --add-opens=java.prefs/java.util.prefs=ALL-UNNAMED --add-exports=jdk.compiler/com.sun.tools.javac.api=ALL-UNNAMED --add-exports=jdk.compiler/com.sun.tools.javac.util=ALL-UNNAMED --add-opens=java.base/java.nio.charset=ALL-UNNAMED --add-opens=java.base/java.net=ALL-UNNAMED --add-opens=java.base/java.util.concurrent=ALL-UNNAMED --add-opens=java.base/java.util.concurrent.atomic=ALL-UNNAMED --add-opens=java.xml/javax.xml.namespace=ALL-UNNAMED --add-opens=java.base/java.time=ALL-UNNAMED -Xmx2048m -Dfile.encoding=UTF-8 -Duser.country=US -Duser.language=en -Duser.variant -javaagent:C:\Users\Admin\.gradle\wrapper\dists\gradle-9.6.0-bin\42k10rwplmzkhuboz9kdazi7s\gradle-9.6.0\lib\agents\gradle-instrumentation-agent-9.6.0.jar org.gradle.launcher.daemon.bootstrap.GradleDaemon 9.6.0

Host: 12th Gen Intel(R) Core(TM) i5-12400F, 12 cores, 15G,  Windows 11 , 64 bit Build 26100 (10.0.26100.7309)
Time: Sun Jul  5 19:12:05 2026 SE Asia Standard Time elapsed time: 10.214309 seconds (0d 0h 0m 10s)

---------------  T H R E A D  ---------------

Current thread (0x000001ef878e8c50):  JavaThread "C2 CompilerThread2" daemon [_thread_in_native, id=28772, stack(0x000000e45dd00000,0x000000e45de00000) (1024K)]


Current CompileTask:
C2:10214 9850   !   4       java.nio.file.FileTreeWalker::next (144 bytes)

Stack: [0x000000e45dd00000,0x000000e45de00000]
Native frames: (J=compiled Java code, j=interpreted, Vv=VM code, C=native code)
V  [jvm.dll+0x6e1729]
V  [jvm.dll+0x8bf47b]
V  [jvm.dll+0x8c19aa]
V  [jvm.dll+0x8c2083]
V  [jvm.dll+0x289fd6]
V  [jvm.dll+0xc903d]
V  [jvm.dll+0xc958c]
V  [jvm.dll+0x3c76e2]
V  [jvm.dll+0x393f22]
V  [jvm.dll+0x39337a]
V  [jvm.dll+0x251c60]
V  [jvm.dll+0x251283]
V  [jvm.dll+0x1d18bf]
V  [jvm.dll+0x260f4a]
V  [jvm.dll+0x25f2b5]
V  [jvm.dll+0x40151d]
V  [jvm.dll+0x86975d]
V  [jvm.dll+0x6dff2d]
C  [ucrtbase.dll+0x37b0]
C  [KERNEL32.DLL+0x2e8d7]
C  [ntdll.dll+0x8c53c]


---------------  P R O C E S S  ---------------

Threads class SMR info:
_java_thread_list=0x000001ef87652f90, length=61, elements={
0x000001ef9fa4ed30, 0x000001efbcb10a10, 0x000001efbcb13fe0, 0x000001efbcb15a60,
0x000001efbcb16710, 0x000001efbcb20040, 0x000001efbcb23c20, 0x000001efbcb30e20,
0x000001efbcb398e0, 0x000001efbcc7c900, 0x000001efbcdc9eb0, 0x000001efff5cbe20,
0x000001ef847d6860, 0x000001effec0b2d0, 0x000001ef849d8b00, 0x000001ef8407dc20,
0x000001ef84bd2c80, 0x000001ef84bd39a0, 0x000001ef84bd4d50, 0x000001ef84bd1f60,
0x000001ef84bd4030, 0x000001ef84bd3310, 0x000001ef84bd46c0, 0x000001ef84bd53e0,
0x000001ef84bd25f0, 0x000001ef859ce290, 0x000001ef859ce920, 0x000001ef859cefb0,
0x000001ef859cf640, 0x000001ef859cfcd0, 0x000001ef859d0360, 0x000001ef859d09f0,
0x000001ef859d1080, 0x000001ef859cdc00, 0x000001ef859d37e0, 0x000001ef859d4500,
0x000001ef859d3150, 0x000001ef859d3e70, 0x000001ef859d4b90, 0x000001ef859d1710,
0x000001ef859d1da0, 0x000001ef859d2ac0, 0x000001ef859d5220, 0x000001ef859d2430,
0x000001ef88310380, 0x000001ef8830efd0, 0x000001ef8830cf00, 0x000001ef8830fcf0,
0x000001ef8830d590, 0x000001ef88313e90, 0x000001ef88311730, 0x000001ef88311dc0,
0x000001ef88314520, 0x000001ef88312ae0, 0x000001ef883110a0, 0x000001ef88312450,
0x000001ef88313170, 0x000001ef88313800, 0x000001ef8a4076f0, 0x000001ef86ef9790,
0x000001ef878e8c50
}

Java Threads: ( => current thread )
  0x000001ef9fa4ed30 JavaThread "main"                              [_thread_blocked, id=24168, stack(0x000000e459100000,0x000000e459200000) (1024K)]
  0x000001efbcb10a10 JavaThread "Reference Handler"          daemon [_thread_blocked, id=14316, stack(0x000000e459900000,0x000000e459a00000) (1024K)]
  0x000001efbcb13fe0 JavaThread "Finalizer"                  daemon [_thread_blocked, id=28688, stack(0x000000e459a00000,0x000000e459b00000) (1024K)]
  0x000001efbcb15a60 JavaThread "Signal Dispatcher"          daemon [_thread_blocked, id=28752, stack(0x000000e459b00000,0x000000e459c00000) (1024K)]
  0x000001efbcb16710 JavaThread "Attach Listener"            daemon [_thread_blocked, id=11864, stack(0x000000e459c00000,0x000000e459d00000) (1024K)]
  0x000001efbcb20040 JavaThread "Service Thread"             daemon [_thread_blocked, id=24620, stack(0x000000e459d00000,0x000000e459e00000) (1024K)]
  0x000001efbcb23c20 JavaThread "Monitor Deflation Thread"   daemon [_thread_blocked, id=14424, stack(0x000000e459e00000,0x000000e459f00000) (1024K)]
  0x000001efbcb30e20 JavaThread "C2 CompilerThread0"         daemon [_thread_in_native, id=24348, stack(0x000000e459f00000,0x000000e45a000000) (1024K)]
  0x000001efbcb398e0 JavaThread "C1 CompilerThread0"         daemon [_thread_blocked, id=24052, stack(0x000000e45a000000,0x000000e45a100000) (1024K)]
  0x000001efbcc7c900 JavaThread "Common-Cleaner"             daemon [_thread_blocked, id=19792, stack(0x000000e45a100000,0x000000e45a200000) (1024K)]
  0x000001efbcdc9eb0 JavaThread "Notification Thread"        daemon [_thread_blocked, id=28264, stack(0x000000e45a200000,0x000000e45a300000) (1024K)]
  0x000001efff5cbe20 JavaThread "Daemon health stats"               [_thread_blocked, id=25832, stack(0x000000e45aa00000,0x000000e45ab00000) (1024K)]
  0x000001ef847d6860 JavaThread "Incoming local TCP Connector on port 58660"        [_thread_in_native, id=26280, stack(0x000000e45ab00000,0x000000e45ac00000) (1024K)]
  0x000001effec0b2d0 JavaThread "Daemon periodic checks"            [_thread_blocked, id=16072, stack(0x000000e45ac00000,0x000000e45ad00000) (1024K)]
  0x000001ef849d8b00 JavaThread "Daemon"                            [_thread_blocked, id=25992, stack(0x000000e45ad00000,0x000000e45ae00000) (1024K)]
  0x000001ef8407dc20 JavaThread "Handler for socket connection from /127.0.0.1:58660 to /127.0.0.1:58661"        [_thread_in_native, id=26688, stack(0x000000e45ae00000,0x000000e45af00000) (1024K)]
  0x000001ef84bd2c80 JavaThread "Cancel handler"                    [_thread_blocked, id=28432, stack(0x000000e45af00000,0x000000e45b000000) (1024K)]
  0x000001ef84bd39a0 JavaThread "Daemon worker"                     [_thread_in_vm, id=8300, stack(0x000000e45b000000,0x000000e45b100000) (1024K)]
  0x000001ef84bd4d50 JavaThread "Asynchronous log dispatcher for DefaultDaemonConnection: socket connection from /127.0.0.1:58660 to /127.0.0.1:58661"        [_thread_blocked, id=2116, stack(0x000000e45b100000,0x000000e45b200000) (1024K)]
  0x000001ef84bd1f60 JavaThread "Stdin handler"                     [_thread_blocked, id=4836, stack(0x000000e45b200000,0x000000e45b300000) (1024K)]
  0x000001ef84bd4030 JavaThread "Daemon client event forwarder"        [_thread_blocked, id=29496, stack(0x000000e45b300000,0x000000e45b400000) (1024K)]
  0x000001ef84bd3310 JavaThread "Cache worker for journal cache (C:\Users\Admin\.gradle\caches\journal-1)"        [_thread_blocked, id=26144, stack(0x000000e45b400000,0x000000e45b500000) (1024K)]
  0x000001ef84bd46c0 JavaThread "File lock request listener"        [_thread_in_native, id=23208, stack(0x000000e45b500000,0x000000e45b600000) (1024K)]
  0x000001ef84bd53e0 JavaThread "Cache worker for file hash cache (C:\Users\Admin\.gradle\caches\9.6.0\fileHashes)"        [_thread_blocked, id=26944, stack(0x000000e45b600000,0x000000e45b700000) (1024K)]
  0x000001ef84bd25f0 JavaThread "Cache worker for file hash cache (C:\Users\Admin\IdeaProjects\SmartHomeApp\.gradle\9.6.0\fileHashes)"        [_thread_blocked, id=24412, stack(0x000000e45bd00000,0x000000e45be00000) (1024K)]
  0x000001ef859ce290 JavaThread "Cache worker for Build Output Cleanup Cache (C:\Users\Admin\IdeaProjects\SmartHomeApp\.gradle\buildOutputCleanup)"        [_thread_blocked, id=22444, stack(0x000000e45be00000,0x000000e45bf00000) (1024K)]
  0x000001ef859ce920 JavaThread "File lock release action executor"        [_thread_blocked, id=24212, stack(0x000000e45bf00000,0x000000e45c000000) (1024K)]
  0x000001ef859cefb0 JavaThread "File watcher server"        daemon [_thread_in_native, id=16388, stack(0x000000e45c000000,0x000000e45c100000) (1024K)]
  0x000001ef859cf640 JavaThread "File watcher consumer"      daemon [_thread_blocked, id=12304, stack(0x000000e45c100000,0x000000e45c200000) (1024K)]
  0x000001ef859cfcd0 JavaThread "jar transforms"                    [_thread_blocked, id=10368, stack(0x000000e45a300000,0x000000e45a400000) (1024K)]
  0x000001ef859d0360 JavaThread "jar transforms Thread 2"           [_thread_blocked, id=3144, stack(0x000000e45a400000,0x000000e45a500000) (1024K)]
  0x000001ef859d09f0 JavaThread "jar transforms Thread 3"           [_thread_blocked, id=3728, stack(0x000000e45c200000,0x000000e45c300000) (1024K)]
  0x000001ef859d1080 JavaThread "Cache worker for file content cache (C:\Users\Admin\.gradle\caches\9.6.0\fileContent)"        [_thread_blocked, id=29320, stack(0x000000e45c500000,0x000000e45c600000) (1024K)]
  0x000001ef859cdc00 JavaThread "Cache worker for checksums cache (C:\Users\Admin\IdeaProjects\SmartHomeApp\.gradle\9.6.0\checksums)"        [_thread_blocked, id=14508, stack(0x000000e45c600000,0x000000e45c700000) (1024K)]
  0x000001ef859d37e0 JavaThread "Cache worker for cache directory md-supplier (C:\Users\Admin\.gradle\caches\9.6.0\md-supplier)"        [_thread_blocked, id=24716, stack(0x000000e45c700000,0x000000e45c800000) (1024K)]
  0x000001ef859d4500 JavaThread "Cache worker for cache directory md-rule (C:\Users\Admin\.gradle\caches\9.6.0\md-rule)"        [_thread_blocked, id=4264, stack(0x000000e45c800000,0x000000e45c900000) (1024K)]
  0x000001ef859d3150 JavaThread "jar transforms Thread 4"           [_thread_blocked, id=28080, stack(0x000000e45c900000,0x000000e45ca00000) (1024K)]
  0x000001ef859d3e70 JavaThread "jar transforms Thread 5"           [_thread_blocked, id=13252, stack(0x000000e45ca00000,0x000000e45cb00000) (1024K)]
  0x000001ef859d4b90 JavaThread "jar transforms Thread 6"           [_thread_blocked, id=17088, stack(0x000000e45cb00000,0x000000e45cc00000) (1024K)]
  0x000001ef859d1710 JavaThread "jar transforms Thread 7"           [_thread_blocked, id=2988, stack(0x000000e45cc00000,0x000000e45cd00000) (1024K)]
  0x000001ef859d1da0 JavaThread "jar transforms Thread 8"           [_thread_blocked, id=27132, stack(0x000000e45cd00000,0x000000e45ce00000) (1024K)]
  0x000001ef859d2ac0 JavaThread "jar transforms Thread 9"           [_thread_blocked, id=27428, stack(0x000000e45ce00000,0x000000e45cf00000) (1024K)]
  0x000001ef859d5220 JavaThread "jar transforms Thread 10"          [_thread_blocked, id=1724, stack(0x000000e45cf00000,0x000000e45d000000) (1024K)]
  0x000001ef859d2430 JavaThread "jar transforms Thread 11"          [_thread_blocked, id=21436, stack(0x000000e45d000000,0x000000e45d100000) (1024K)]
  0x000001ef88310380 JavaThread "jar transforms Thread 12"          [_thread_blocked, id=27128, stack(0x000000e45d100000,0x000000e45d200000) (1024K)]
  0x000001ef8830efd0 JavaThread "Build operations"                  [_thread_blocked, id=24860, stack(0x000000e45d200000,0x000000e45d300000) (1024K)]
  0x000001ef8830cf00 JavaThread "Build operations Thread 2"         [_thread_blocked, id=23324, stack(0x000000e45d300000,0x000000e45d400000) (1024K)]
  0x000001ef8830fcf0 JavaThread "Build operations Thread 3"         [_thread_blocked, id=2512, stack(0x000000e45d400000,0x000000e45d500000) (1024K)]
  0x000001ef8830d590 JavaThread "Build operations Thread 4"         [_thread_blocked, id=28176, stack(0x000000e45c400000,0x000000e45c500000) (1024K)]
  0x000001ef88313e90 JavaThread "Build operations Thread 5"         [_thread_blocked, id=12340, stack(0x000000e45d500000,0x000000e45d600000) (1024K)]
  0x000001ef88311730 JavaThread "Build operations Thread 6"         [_thread_blocked, id=24040, stack(0x000000e45d600000,0x000000e45d700000) (1024K)]
  0x000001ef88311dc0 JavaThread "Build operations Thread 7"         [_thread_blocked, id=25772, stack(0x000000e45d700000,0x000000e45d800000) (1024K)]
  0x000001ef88314520 JavaThread "Build operations Thread 8"         [_thread_blocked, id=29136, stack(0x000000e45d800000,0x000000e45d900000) (1024K)]
  0x000001ef88312ae0 JavaThread "Build operations Thread 9"         [_thread_blocked, id=28084, stack(0x000000e45d900000,0x000000e45da00000) (1024K)]
  0x000001ef883110a0 JavaThread "Build operations Thread 10"        [_thread_blocked, id=9024, stack(0x000000e45da00000,0x000000e45db00000) (1024K)]
  0x000001ef88312450 JavaThread "Build operations Thread 11"        [_thread_blocked, id=27588, stack(0x000000e45db00000,0x000000e45dc00000) (1024K)]
  0x000001ef88313170 JavaThread "Build operations Thread 12"        [_thread_blocked, id=14788, stack(0x000000e45dc00000,0x000000e45dd00000) (1024K)]
  0x000001ef88313800 JavaThread "Memory manager"                    [_thread_blocked, id=26112, stack(0x000000e45de00000,0x000000e45df00000) (1024K)]
  0x000001ef8a4076f0 JavaThread "build event listener"              [_thread_blocked, id=23640, stack(0x000000e45df00000,0x000000e45e000000) (1024K)]
  0x000001ef86ef9790 JavaThread "C2 CompilerThread1"         daemon [_thread_in_native, id=7336, stack(0x000000e45c300000,0x000000e45c400000) (1024K)]
=>0x000001ef878e8c50 JavaThread "C2 CompilerThread2"         daemon [_thread_in_native, id=28772, stack(0x000000e45dd00000,0x000000e45de00000) (1024K)]
Total: 61

Other Threads:
  0x000001efbcaf56a0 VMThread "VM Thread"                           [id=8196, stack(0x000000e459800000,0x000000e459900000) (1024K)]
  0x000001efbcae3650 WatcherThread "VM Periodic Task Thread"        [id=4420, stack(0x000000e459700000,0x000000e459800000) (1024K)]
  0x000001ef9faa98c0 WorkerThread "GC Thread#0"                     [id=29660, stack(0x000000e459200000,0x000000e459300000) (1024K)]
  0x000001effe167580 WorkerThread "GC Thread#1"                     [id=11756, stack(0x000000e45a500000,0x000000e45a600000) (1024K)]
  0x000001effe46e500 WorkerThread "GC Thread#2"                     [id=5372, stack(0x000000e45a600000,0x000000e45a700000) (1024K)]
  0x000001effe46ecb0 WorkerThread "GC Thread#3"                     [id=6240, stack(0x000000e45a700000,0x000000e45a800000) (1024K)]
  0x000001effe46f050 WorkerThread "GC Thread#4"                     [id=24484, stack(0x000000e45a800000,0x000000e45a900000) (1024K)]
  0x000001effe347f80 WorkerThread "GC Thread#5"                     [id=28220, stack(0x000000e45a900000,0x000000e45aa00000) (1024K)]
  0x000001efff1ef470 WorkerThread "GC Thread#6"                     [id=15348, stack(0x000000e45b700000,0x000000e45b800000) (1024K)]
  0x000001efff1eed30 WorkerThread "GC Thread#7"                     [id=7816, stack(0x000000e45b800000,0x000000e45b900000) (1024K)]
  0x000001efff1ef810 WorkerThread "GC Thread#8"                     [id=22552, stack(0x000000e45b900000,0x000000e45ba00000) (1024K)]
  0x000001efff1edeb0 WorkerThread "GC Thread#9"                     [id=1892, stack(0x000000e45ba00000,0x000000e45bb00000) (1024K)]
  0x000001ef9fabaac0 ConcurrentGCThread "G1 Main Marker"            [id=14992, stack(0x000000e459300000,0x000000e459400000) (1024K)]
  0x000001ef9fabcef0 WorkerThread "G1 Conc#0"                       [id=27556, stack(0x000000e459400000,0x000000e459500000) (1024K)]
  0x000001efff1ee5f0 WorkerThread "G1 Conc#1"                       [id=23188, stack(0x000000e45bb00000,0x000000e45bc00000) (1024K)]
  0x000001efff1ee990 WorkerThread "G1 Conc#2"                       [id=22916, stack(0x000000e45bc00000,0x000000e45bd00000) (1024K)]
  0x000001efbca37a60 ConcurrentGCThread "G1 Refine#0"               [id=23500, stack(0x000000e459500000,0x000000e459600000) (1024K)]
  0x000001efbca38380 ConcurrentGCThread "G1 Service"                [id=6296, stack(0x000000e459600000,0x000000e459700000) (1024K)]
Total: 18

Threads with active compile tasks:
C2 CompilerThread0  10257 9899       4       java.lang.ClassLoader::preDefineClass (118 bytes)
C2 CompilerThread1  10257 9634   !   4       java.io.ObjectOutputStream::writeOrdinaryObject (196 bytes)
C2 CompilerThread2  10257 9850   !   4       java.nio.file.FileTreeWalker::next (144 bytes)
Total: 3

VM state: not at safepoint (normal execution)

VM Mutex/Monitor currently owned by a thread: None

Heap address: 0x0000000080000000, size: 2048 MB, Compressed Oops mode: 32-bit

CDS archive(s) mapped at: [0x000001efbd000000-0x000001efbdc80000-0x000001efbdc80000), size 13107200, SharedBaseAddress: 0x000001efbd000000, ArchiveRelocationMode: 1.
Compressed class space mapped at: 0x000001efbe000000-0x000001effe000000, reserved size: 1073741824
Narrow klass base: 0x000001efbd000000, Narrow klass shift: 0, Narrow klass range: 0x100000000

GC Precious Log:
 CardTable entry size: 512
 Card Set container configuration: InlinePtr #cards 5 size 8 Array Of Cards #cards 12 size 40 Howl #buckets 4 coarsen threshold 1843 Howl Bitmap #cards 512 size 80 coarsen threshold 460 Card regions per heap region 1 cards per card region 2048
 CPUs: 12 total, 12 available
 Memory: 16197M
 Large Page Support: Disabled
 NUMA Support: Disabled
 Compressed Oops: Enabled (32-bit)
 Heap Region Size: 1M
 Heap Min Capacity: 8M
 Heap Initial Capacity: 254M
 Heap Max Capacity: 2G
 Pre-touch: Disabled
 Parallel Workers: 10
 Concurrent Workers: 3
 Concurrent Refinement Workers: 10
 Periodic GC: Disabled

Heap:
 garbage-first heap   total 150528K, used 110093K [0x0000000080000000, 0x0000000100000000)
  region size 1024K, 33 young (33792K), 2 survivors (2048K)
 Metaspace       used 77118K, committed 79488K, reserved 1179648K
  class space    used 10870K, committed 12032K, reserved 1048576K

Heap Regions: E=young(eden), S=young(survivor), O=old, HS=humongous(starts), HC=humongous(continues), CS=collection set, F=free, TAMS=top-at-mark-start, PB=parsable bottom
|   0|0x0000000080000000, 0x0000000080100000, 0x0000000080100000|100%|HS|  |TAMS 0x0000000080000000| PB 0x0000000080000000| Complete 
|   1|0x0000000080100000, 0x0000000080200000, 0x0000000080200000|100%|HC|  |TAMS 0x0000000080100000| PB 0x0000000080100000| Complete 
|   2|0x0000000080200000, 0x0000000080300000, 0x0000000080300000|100%|HC|  |TAMS 0x0000000080200000| PB 0x0000000080200000| Complete 
|   3|0x0000000080300000, 0x0000000080400000, 0x0000000080400000|100%|HC|  |TAMS 0x0000000080300000| PB 0x0000000080300000| Complete 
|   4|0x0000000080400000, 0x0000000080500000, 0x0000000080500000|100%| O|  |TAMS 0x0000000080400000| PB 0x0000000080400000| Untracked 
|   5|0x0000000080500000, 0x0000000080600000, 0x0000000080600000|100%| O|  |TAMS 0x0000000080500000| PB 0x0000000080500000| Untracked 
|   6|0x0000000080600000, 0x0000000080700000, 0x0000000080700000|100%| O|  |TAMS 0x0000000080600000| PB 0x0000000080600000| Untracked 
|   7|0x0000000080700000, 0x0000000080800000, 0x0000000080800000|100%| O|  |TAMS 0x0000000080700000| PB 0x0000000080700000| Untracked 
|   8|0x0000000080800000, 0x0000000080900000, 0x0000000080900000|100%|HS|  |TAMS 0x0000000080800000| PB 0x0000000080800000| Complete 
|   9|0x0000000080900000, 0x0000000080a00000, 0x0000000080a00000|100%| O|  |TAMS 0x0000000080900000| PB 0x0000000080900000| Untracked 
|  10|0x0000000080a00000, 0x0000000080b00000, 0x0000000080b00000|100%| O|  |TAMS 0x0000000080a00000| PB 0x0000000080a00000| Untracked 
|  11|0x0000000080b00000, 0x0000000080c00000, 0x0000000080c00000|100%| O|  |TAMS 0x0000000080b00000| PB 0x0000000080b00000| Untracked 
|  12|0x0000000080c00000, 0x0000000080d00000, 0x0000000080d00000|100%| O|  |TAMS 0x0000000080c00000| PB 0x0000000080c00000| Untracked 
|  13|0x0000000080d00000, 0x0000000080e00000, 0x0000000080e00000|100%| O|  |TAMS 0x0000000080d00000| PB 0x0000000080d00000| Untracked 
|  14|0x0000000080e00000, 0x0000000080f00000, 0x0000000080f00000|100%| O|  |TAMS 0x0000000080e00000| PB 0x0000000080e00000| Untracked 
|  15|0x0000000080f00000, 0x0000000081000000, 0x0000000081000000|100%| O|  |TAMS 0x0000000080f00000| PB 0x0000000080f00000| Untracked 
|  16|0x0000000081000000, 0x0000000081100000, 0x0000000081100000|100%| O|  |TAMS 0x0000000081000000| PB 0x0000000081000000| Untracked 
|  17|0x0000000081100000, 0x0000000081200000, 0x0000000081200000|100%| O|  |TAMS 0x0000000081100000| PB 0x0000000081100000| Untracked 
|  18|0x0000000081200000, 0x0000000081300000, 0x0000000081300000|100%| O|  |TAMS 0x0000000081200000| PB 0x0000000081200000| Untracked 
|  19|0x0000000081300000, 0x0000000081400000, 0x0000000081400000|100%| O|  |TAMS 0x0000000081300000| PB 0x0000000081300000| Untracked 
|  20|0x0000000081400000, 0x0000000081500000, 0x0000000081500000|100%| O|  |TAMS 0x0000000081400000| PB 0x0000000081400000| Untracked 
|  21|0x0000000081500000, 0x0000000081600000, 0x0000000081600000|100%| O|  |TAMS 0x0000000081500000| PB 0x0000000081500000| Untracked 
|  22|0x0000000081600000, 0x0000000081700000, 0x0000000081700000|100%| O|  |TAMS 0x0000000081600000| PB 0x0000000081600000| Untracked 
|  23|0x0000000081700000, 0x0000000081800000, 0x0000000081800000|100%| O|  |TAMS 0x0000000081700000| PB 0x0000000081700000| Untracked 
|  24|0x0000000081800000, 0x0000000081900000, 0x0000000081900000|100%| O|  |TAMS 0x0000000081800000| PB 0x0000000081800000| Untracked 
|  25|0x0000000081900000, 0x0000000081a00000, 0x0000000081a00000|100%| O|  |TAMS 0x0000000081900000| PB 0x0000000081900000| Untracked 
|  26|0x0000000081a00000, 0x0000000081b00000, 0x0000000081b00000|100%| O|  |TAMS 0x0000000081a00000| PB 0x0000000081a00000| Untracked 
|  27|0x0000000081b00000, 0x0000000081c00000, 0x0000000081c00000|100%| O|  |TAMS 0x0000000081b00000| PB 0x0000000081b00000| Untracked 
|  28|0x0000000081c00000, 0x0000000081d00000, 0x0000000081d00000|100%| O|  |TAMS 0x0000000081c00000| PB 0x0000000081c00000| Untracked 
|  29|0x0000000081d00000, 0x0000000081e00000, 0x0000000081e00000|100%| O|  |TAMS 0x0000000081d00000| PB 0x0000000081d00000| Untracked 
|  30|0x0000000081e00000, 0x0000000081f00000, 0x0000000081f00000|100%| O|  |TAMS 0x0000000081e00000| PB 0x0000000081e00000| Untracked 
|  31|0x0000000081f00000, 0x0000000082000000, 0x0000000082000000|100%| O|  |TAMS 0x0000000081f00000| PB 0x0000000081f00000| Untracked 
|  32|0x0000000082000000, 0x0000000082100000, 0x0000000082100000|100%| O|  |TAMS 0x0000000082000000| PB 0x0000000082000000| Untracked 
|  33|0x0000000082100000, 0x0000000082200000, 0x0000000082200000|100%| O|  |TAMS 0x0000000082100000| PB 0x0000000082100000| Untracked 
|  34|0x0000000082200000, 0x0000000082300000, 0x0000000082300000|100%| O|  |TAMS 0x0000000082200000| PB 0x0000000082200000| Untracked 
|  35|0x0000000082300000, 0x0000000082400000, 0x0000000082400000|100%| O|  |TAMS 0x0000000082300000| PB 0x0000000082300000| Untracked 
|  36|0x0000000082400000, 0x0000000082500000, 0x0000000082500000|100%| O|  |TAMS 0x0000000082400000| PB 0x0000000082400000| Untracked 
|  37|0x0000000082500000, 0x0000000082600000, 0x0000000082600000|100%| O|  |TAMS 0x0000000082500000| PB 0x0000000082500000| Untracked 
|  38|0x0000000082600000, 0x0000000082700000, 0x0000000082700000|100%| O|  |TAMS 0x0000000082600000| PB 0x0000000082600000| Untracked 
|  39|0x0000000082700000, 0x0000000082800000, 0x0000000082800000|100%| O|  |TAMS 0x0000000082700000| PB 0x0000000082700000| Untracked 
|  40|0x0000000082800000, 0x0000000082900000, 0x0000000082900000|100%| O|  |TAMS 0x0000000082800000| PB 0x0000000082800000| Untracked 
|  41|0x0000000082900000, 0x0000000082a00000, 0x0000000082a00000|100%| O|  |TAMS 0x0000000082900000| PB 0x0000000082900000| Untracked 
|  42|0x0000000082a00000, 0x0000000082b00000, 0x0000000082b00000|100%|HS|  |TAMS 0x0000000082a00000| PB 0x0000000082a00000| Complete 
|  43|0x0000000082b00000, 0x0000000082c00000, 0x0000000082c00000|100%|HS|  |TAMS 0x0000000082b00000| PB 0x0000000082b00000| Complete 
|  44|0x0000000082c00000, 0x0000000082d00000, 0x0000000082d00000|100%| O|  |TAMS 0x0000000082c00000| PB 0x0000000082c00000| Untracked 
|  45|0x0000000082d00000, 0x0000000082e00000, 0x0000000082e00000|100%| O|  |TAMS 0x0000000082d00000| PB 0x0000000082d00000| Untracked 
|  46|0x0000000082e00000, 0x0000000082f00000, 0x0000000082f00000|100%| O|  |TAMS 0x0000000082e00000| PB 0x0000000082e00000| Untracked 
|  47|0x0000000082f00000, 0x0000000083000000, 0x0000000083000000|100%| O|  |TAMS 0x0000000082f00000| PB 0x0000000082f00000| Untracked 
|  48|0x0000000083000000, 0x0000000083100000, 0x0000000083100000|100%| O|  |TAMS 0x0000000083000000| PB 0x0000000083000000| Untracked 
|  49|0x0000000083100000, 0x0000000083200000, 0x0000000083200000|100%| O|  |TAMS 0x0000000083100000| PB 0x0000000083100000| Untracked 
|  50|0x0000000083200000, 0x0000000083200000, 0x0000000083300000|  0%| F|  |TAMS 0x0000000083200000| PB 0x0000000083200000| Untracked 
|  51|0x0000000083300000, 0x0000000083400000, 0x0000000083400000|100%|HS|  |TAMS 0x0000000083300000| PB 0x0000000083300000| Complete 
|  52|0x0000000083400000, 0x0000000083500000, 0x0000000083500000|100%|HS|  |TAMS 0x0000000083400000| PB 0x0000000083400000| Complete 
|  53|0x0000000083500000, 0x0000000083600000, 0x0000000083600000|100%| O|  |TAMS 0x0000000083500000| PB 0x0000000083500000| Untracked 
|  54|0x0000000083600000, 0x0000000083700000, 0x0000000083700000|100%| O|  |TAMS 0x0000000083600000| PB 0x0000000083600000| Untracked 
|  55|0x0000000083700000, 0x0000000083800000, 0x0000000083800000|100%| O|  |TAMS 0x0000000083700000| PB 0x0000000083700000| Untracked 
|  56|0x0000000083800000, 0x0000000083900000, 0x0000000083900000|100%| O|  |TAMS 0x0000000083800000| PB 0x0000000083800000| Untracked 
|  57|0x0000000083900000, 0x0000000083a00000, 0x0000000083a00000|100%| O|  |TAMS 0x0000000083900000| PB 0x0000000083900000| Untracked 
|  58|0x0000000083a00000, 0x0000000083b00000, 0x0000000083b00000|100%|HS|  |TAMS 0x0000000083a00000| PB 0x0000000083a00000| Complete 
|  59|0x0000000083b00000, 0x0000000083c00000, 0x0000000083c00000|100%|HC|  |TAMS 0x0000000083b00000| PB 0x0000000083b00000| Complete 
|  60|0x0000000083c00000, 0x0000000083d00000, 0x0000000083d00000|100%| O|  |TAMS 0x0000000083c00000| PB 0x0000000083c00000| Untracked 
|  61|0x0000000083d00000, 0x0000000083e00000, 0x0000000083e00000|100%|HS|  |TAMS 0x0000000083d00000| PB 0x0000000083d00000| Complete 
|  62|0x0000000083e00000, 0x0000000083f00000, 0x0000000083f00000|100%|HS|  |TAMS 0x0000000083e00000| PB 0x0000000083e00000| Complete 
|  63|0x0000000083f00000, 0x0000000084000000, 0x0000000084000000|100%| O|  |TAMS 0x0000000083f00000| PB 0x0000000083f00000| Untracked 
|  64|0x0000000084000000, 0x0000000084100000, 0x0000000084100000|100%| O|  |TAMS 0x0000000084000000| PB 0x0000000084000000| Untracked 
|  65|0x0000000084100000, 0x0000000084200000, 0x0000000084200000|100%| O|  |TAMS 0x0000000084100000| PB 0x0000000084100000| Untracked 
|  66|0x0000000084200000, 0x0000000084300000, 0x0000000084300000|100%|HS|  |TAMS 0x0000000084200000| PB 0x0000000084200000| Complete 
|  67|0x0000000084300000, 0x0000000084400000, 0x0000000084400000|100%|HC|  |TAMS 0x0000000084300000| PB 0x0000000084300000| Complete 
|  68|0x0000000084400000, 0x0000000084500000, 0x0000000084500000|100%|HS|  |TAMS 0x0000000084400000| PB 0x0000000084400000| Complete 
|  69|0x0000000084500000, 0x0000000084600000, 0x0000000084600000|100%| O|  |TAMS 0x0000000084500000| PB 0x0000000084500000| Untracked 
|  70|0x0000000084600000, 0x0000000084700000, 0x0000000084700000|100%| O|  |TAMS 0x0000000084600000| PB 0x0000000084600000| Untracked 
|  71|0x0000000084700000, 0x0000000084800000, 0x0000000084800000|100%| O|  |TAMS 0x0000000084700000| PB 0x0000000084700000| Untracked 
|  72|0x0000000084800000, 0x0000000084900000, 0x0000000084900000|100%| O|  |TAMS 0x0000000084800000| PB 0x0000000084800000| Untracked 
|  73|0x0000000084900000, 0x0000000084983680, 0x0000000084a00000| 51%| O|  |TAMS 0x0000000084900000| PB 0x0000000084900000| Untracked 
|  74|0x0000000084a00000, 0x0000000084a00000, 0x0000000084b00000|  0%| F|  |TAMS 0x0000000084a00000| PB 0x0000000084a00000| Untracked 
|  75|0x0000000084b00000, 0x0000000084b00000, 0x0000000084c00000|  0%| F|  |TAMS 0x0000000084b00000| PB 0x0000000084b00000| Untracked 
|  76|0x0000000084c00000, 0x0000000084c00000, 0x0000000084d00000|  0%| F|  |TAMS 0x0000000084c00000| PB 0x0000000084c00000| Untracked 
|  77|0x0000000084d00000, 0x0000000084d00000, 0x0000000084e00000|  0%| F|  |TAMS 0x0000000084d00000| PB 0x0000000084d00000| Untracked 
|  78|0x0000000084e00000, 0x0000000084f00000, 0x0000000084f00000|100%| S|CS|TAMS 0x0000000084e00000| PB 0x0000000084e00000| Complete 
|  79|0x0000000084f00000, 0x0000000085000000, 0x0000000085000000|100%| S|CS|TAMS 0x0000000084f00000| PB 0x0000000084f00000| Complete 
|  80|0x0000000085000000, 0x0000000085000000, 0x0000000085100000|  0%| F|  |TAMS 0x0000000085000000| PB 0x0000000085000000| Untracked 
|  81|0x0000000085100000, 0x0000000085100000, 0x0000000085200000|  0%| F|  |TAMS 0x0000000085100000| PB 0x0000000085100000| Untracked 
|  82|0x0000000085200000, 0x0000000085200000, 0x0000000085300000|  0%| F|  |TAMS 0x0000000085200000| PB 0x0000000085200000| Untracked 
|  83|0x0000000085300000, 0x0000000085300000, 0x0000000085400000|  0%| F|  |TAMS 0x0000000085300000| PB 0x0000000085300000| Untracked 
|  84|0x0000000085400000, 0x0000000085400000, 0x0000000085500000|  0%| F|  |TAMS 0x0000000085400000| PB 0x0000000085400000| Untracked 
|  85|0x0000000085500000, 0x0000000085500000, 0x0000000085600000|  0%| F|  |TAMS 0x0000000085500000| PB 0x0000000085500000| Untracked 
|  86|0x0000000085600000, 0x0000000085600000, 0x0000000085700000|  0%| F|  |TAMS 0x0000000085600000| PB 0x0000000085600000| Untracked 
|  87|0x0000000085700000, 0x0000000085700000, 0x0000000085800000|  0%| F|  |TAMS 0x0000000085700000| PB 0x0000000085700000| Untracked 
|  88|0x0000000085800000, 0x0000000085800000, 0x0000000085900000|  0%| F|  |TAMS 0x0000000085800000| PB 0x0000000085800000| Untracked 
|  89|0x0000000085900000, 0x0000000085900000, 0x0000000085a00000|  0%| F|  |TAMS 0x0000000085900000| PB 0x0000000085900000| Untracked 
|  90|0x0000000085a00000, 0x0000000085a00000, 0x0000000085b00000|  0%| F|  |TAMS 0x0000000085a00000| PB 0x0000000085a00000| Untracked 
|  91|0x0000000085b00000, 0x0000000085b00000, 0x0000000085c00000|  0%| F|  |TAMS 0x0000000085b00000| PB 0x0000000085b00000| Untracked 
|  92|0x0000000085c00000, 0x0000000085c00000, 0x0000000085d00000|  0%| F|  |TAMS 0x0000000085c00000| PB 0x0000000085c00000| Untracked 
|  93|0x0000000085d00000, 0x0000000085d00000, 0x0000000085e00000|  0%| F|  |TAMS 0x0000000085d00000| PB 0x0000000085d00000| Untracked 
|  94|0x0000000085e00000, 0x0000000085e00000, 0x0000000085f00000|  0%| F|  |TAMS 0x0000000085e00000| PB 0x0000000085e00000| Untracked 
|  95|0x0000000085f00000, 0x0000000085f00000, 0x0000000086000000|  0%| F|  |TAMS 0x0000000085f00000| PB 0x0000000085f00000| Untracked 
|  96|0x0000000086000000, 0x0000000086000000, 0x0000000086100000|  0%| F|  |TAMS 0x0000000086000000| PB 0x0000000086000000| Untracked 
|  97|0x0000000086100000, 0x0000000086100000, 0x0000000086200000|  0%| F|  |TAMS 0x0000000086100000| PB 0x0000000086100000| Untracked 
|  98|0x0000000086200000, 0x0000000086200000, 0x0000000086300000|  0%| F|  |TAMS 0x0000000086200000| PB 0x0000000086200000| Untracked 
|  99|0x0000000086300000, 0x0000000086300000, 0x0000000086400000|  0%| F|  |TAMS 0x0000000086300000| PB 0x0000000086300000| Untracked 
| 100|0x0000000086400000, 0x0000000086400000, 0x0000000086500000|  0%| F|  |TAMS 0x0000000086400000| PB 0x0000000086400000| Untracked 
| 101|0x0000000086500000, 0x0000000086500000, 0x0000000086600000|  0%| F|  |TAMS 0x0000000086500000| PB 0x0000000086500000| Untracked 
| 102|0x0000000086600000, 0x0000000086600000, 0x0000000086700000|  0%| F|  |TAMS 0x0000000086600000| PB 0x0000000086600000| Untracked 
| 103|0x0000000086700000, 0x0000000086700000, 0x0000000086800000|  0%| F|  |TAMS 0x0000000086700000| PB 0x0000000086700000| Untracked 
| 104|0x0000000086800000, 0x0000000086800000, 0x0000000086900000|  0%| F|  |TAMS 0x0000000086800000| PB 0x0000000086800000| Untracked 
| 105|0x0000000086900000, 0x0000000086900000, 0x0000000086a00000|  0%| F|  |TAMS 0x0000000086900000| PB 0x0000000086900000| Untracked 
| 106|0x0000000086a00000, 0x0000000086a00000, 0x0000000086b00000|  0%| F|  |TAMS 0x0000000086a00000| PB 0x0000000086a00000| Untracked 
| 107|0x0000000086b00000, 0x0000000086b00000, 0x0000000086c00000|  0%| F|  |TAMS 0x0000000086b00000| PB 0x0000000086b00000| Untracked 
| 108|0x0000000086c00000, 0x0000000086c00000, 0x0000000086d00000|  0%| F|  |TAMS 0x0000000086c00000| PB 0x0000000086c00000| Untracked 
| 109|0x0000000086d00000, 0x0000000086d00000, 0x0000000086e00000|  0%| F|  |TAMS 0x0000000086d00000| PB 0x0000000086d00000| Untracked 
| 110|0x0000000086e00000, 0x0000000086e00000, 0x0000000086f00000|  0%| F|  |TAMS 0x0000000086e00000| PB 0x0000000086e00000| Untracked 
| 111|0x0000000086f00000, 0x0000000086f00000, 0x0000000087000000|  0%| F|  |TAMS 0x0000000086f00000| PB 0x0000000086f00000| Untracked 
| 112|0x0000000087000000, 0x0000000087004b58, 0x0000000087100000|  1%| E|  |TAMS 0x0000000087000000| PB 0x0000000087000000| Complete 
| 113|0x0000000087100000, 0x0000000087200000, 0x0000000087200000|100%| E|CS|TAMS 0x0000000087100000| PB 0x0000000087100000| Complete 
| 114|0x0000000087200000, 0x0000000087300000, 0x0000000087300000|100%| E|CS|TAMS 0x0000000087200000| PB 0x0000000087200000| Complete 
| 115|0x0000000087300000, 0x0000000087400000, 0x0000000087400000|100%| E|CS|TAMS 0x0000000087300000| PB 0x0000000087300000| Complete 
| 116|0x0000000087400000, 0x0000000087500000, 0x0000000087500000|100%| E|CS|TAMS 0x0000000087400000| PB 0x0000000087400000| Complete 
| 117|0x0000000087500000, 0x0000000087600000, 0x0000000087600000|100%| E|CS|TAMS 0x0000000087500000| PB 0x0000000087500000| Complete 
| 118|0x0000000087600000, 0x0000000087700000, 0x0000000087700000|100%| E|CS|TAMS 0x0000000087600000| PB 0x0000000087600000| Complete 
| 119|0x0000000087700000, 0x0000000087800000, 0x0000000087800000|100%| E|CS|TAMS 0x0000000087700000| PB 0x0000000087700000| Complete 
| 120|0x0000000087800000, 0x0000000087900000, 0x0000000087900000|100%| E|CS|TAMS 0x0000000087800000| PB 0x0000000087800000| Complete 
| 121|0x0000000087900000, 0x0000000087a00000, 0x0000000087a00000|100%| E|  |TAMS 0x0000000087900000| PB 0x0000000087900000| Complete 
| 122|0x0000000087a00000, 0x0000000087b00000, 0x0000000087b00000|100%| E|CS|TAMS 0x0000000087a00000| PB 0x0000000087a00000| Complete 
| 123|0x0000000087b00000, 0x0000000087c00000, 0x0000000087c00000|100%| E|CS|TAMS 0x0000000087b00000| PB 0x0000000087b00000| Complete 
| 124|0x0000000087c00000, 0x0000000087d00000, 0x0000000087d00000|100%| E|CS|TAMS 0x0000000087c00000| PB 0x0000000087c00000| Complete 
| 125|0x0000000087d00000, 0x0000000087e00000, 0x0000000087e00000|100%| E|CS|TAMS 0x0000000087d00000| PB 0x0000000087d00000| Complete 
| 126|0x0000000087e00000, 0x0000000087f00000, 0x0000000087f00000|100%| E|CS|TAMS 0x0000000087e00000| PB 0x0000000087e00000| Complete 
| 127|0x0000000087f00000, 0x0000000088000000, 0x0000000088000000|100%| E|CS|TAMS 0x0000000087f00000| PB 0x0000000087f00000| Complete 
| 128|0x0000000088000000, 0x0000000088100000, 0x0000000088100000|100%| E|CS|TAMS 0x0000000088000000| PB 0x0000000088000000| Complete 
| 129|0x0000000088100000, 0x0000000088200000, 0x0000000088200000|100%| E|CS|TAMS 0x0000000088100000| PB 0x0000000088100000| Complete 
| 130|0x0000000088200000, 0x0000000088300000, 0x0000000088300000|100%| E|CS|TAMS 0x0000000088200000| PB 0x0000000088200000| Complete 
| 131|0x0000000088300000, 0x0000000088400000, 0x0000000088400000|100%| E|CS|TAMS 0x0000000088300000| PB 0x0000000088300000| Complete 
| 132|0x0000000088400000, 0x0000000088500000, 0x0000000088500000|100%| E|CS|TAMS 0x0000000088400000| PB 0x0000000088400000| Complete 
| 133|0x0000000088500000, 0x0000000088600000, 0x0000000088600000|100%| E|CS|TAMS 0x0000000088500000| PB 0x0000000088500000| Complete 
| 134|0x0000000088600000, 0x0000000088700000, 0x0000000088700000|100%| E|CS|TAMS 0x0000000088600000| PB 0x0000000088600000| Complete 
| 135|0x0000000088700000, 0x0000000088800000, 0x0000000088800000|100%| E|CS|TAMS 0x0000000088700000| PB 0x0000000088700000| Complete 
| 136|0x0000000088800000, 0x0000000088900000, 0x0000000088900000|100%| E|CS|TAMS 0x0000000088800000| PB 0x0000000088800000| Complete 
| 222|0x000000008de00000, 0x000000008df00000, 0x000000008df00000|100%| E|CS|TAMS 0x000000008de00000| PB 0x000000008de00000| Complete 
| 223|0x000000008df00000, 0x000000008e000000, 0x000000008e000000|100%| E|CS|TAMS 0x000000008df00000| PB 0x000000008df00000| Complete 
| 224|0x000000008e000000, 0x000000008e100000, 0x000000008e100000|100%| E|CS|TAMS 0x000000008e000000| PB 0x000000008e000000| Complete 
| 252|0x000000008fc00000, 0x000000008fd00000, 0x000000008fd00000|100%| E|CS|TAMS 0x000000008fc00000| PB 0x000000008fc00000| Complete 
| 253|0x000000008fd00000, 0x000000008fe00000, 0x000000008fe00000|100%| E|CS|TAMS 0x000000008fd00000| PB 0x000000008fd00000| Complete 
|2043|0x00000000ffb00000, 0x00000000ffc00000, 0x00000000ffc00000|100%| E|CS|TAMS 0x00000000ffb00000| PB 0x00000000ffb00000| Complete 
|2044|0x00000000ffc00000, 0x00000000ffd00000, 0x00000000ffd00000|100%| O|  |TAMS 0x00000000ffc00000| PB 0x00000000ffc00000| Untracked 
|2045|0x00000000ffd00000, 0x00000000ffe00000, 0x00000000ffe00000|100%| O|  |TAMS 0x00000000ffd00000| PB 0x00000000ffd00000| Untracked 
|2046|0x00000000ffe00000, 0x00000000fff00000, 0x00000000fff00000|100%| O|  |TAMS 0x00000000ffe00000| PB 0x00000000ffe00000| Untracked 
|2047|0x00000000fff00000, 0x0000000100000000, 0x0000000100000000|100%| O|  |TAMS 0x00000000fff00000| PB 0x00000000fff00000| Untracked 

Card table byte_map: [0x000001efb7aa0000,0x000001efb7ea0000] _byte_map_base: 0x000001efb76a0000

Marking Bits: (CMBitMap*) 0x000001ef9faa9ed0
 Bits: [0x000001efb7ea0000, 0x000001efb9ea0000)

Polling page: 0x000001ef9d5f0000

Metaspace:

Usage:
  Non-class:     64.70 MB used.
      Class:     10.62 MB used.
       Both:     75.32 MB used.

Virtual space:
  Non-class space:      128.00 MB reserved,      65.88 MB ( 51%) committed,  2 nodes.
      Class space:        1.00 GB reserved,      11.75 MB (  1%) committed,  1 nodes.
             Both:        1.12 GB reserved,      77.62 MB (  7%) committed. 

Chunk freelists:
   Non-Class:  14.16 MB
       Class:  4.28 MB
        Both:  18.44 MB

MaxMetaspaceSize: unlimited
CompressedClassSpaceSize: 1.00 GB
Initial GC threshold: 21.00 MB
Current GC threshold: 121.06 MB
CDS: on
 - commit_granule_bytes: 65536.
 - commit_granule_words: 8192.
 - virtual_space_node_default_size: 8388608.
 - enlarge_chunks_in_place: 1.
 - use_allocation_guard: 0.


Internal statistics:

num_allocs_failed_limit: 9.
num_arena_births: 4238.
num_arena_deaths: 0.
num_vsnodes_births: 3.
num_vsnodes_deaths: 0.
num_space_committed: 1242.
num_space_uncommitted: 0.
num_chunks_returned_to_freelist: 9.
num_chunks_taken_from_freelist: 7969.
num_chunk_merges: 9.
num_chunk_splits: 5131.
num_chunks_enlarged: 3077.
num_inconsistent_stats: 0.

CodeHeap 'non-profiled nmethods': size=120000Kb used=5071Kb max_used=5071Kb free=114928Kb
 bounds [0x000001efafc20000, 0x000001efb0120000, 0x000001efb7150000]
CodeHeap 'profiled nmethods': size=120000Kb used=15916Kb max_used=15916Kb free=104083Kb
 bounds [0x000001efa8150000, 0x000001efa90e0000, 0x000001efaf680000]
CodeHeap 'non-nmethods': size=5760Kb used=2107Kb max_used=2180Kb free=3652Kb
 bounds [0x000001efaf680000, 0x000001efaf8f0000, 0x000001efafc20000]
CodeCache: size=245760Kb, used=23094Kb, max_used=23167Kb, free=222663Kb
 total_blobs=9373, nmethods=8536, adapters=740, full_count=0
Compilation: enabled, stopped_count=0, restarted_count=0

Compilation events (20 events):
Event: 9.159 Thread 0x000001efbcb398e0 9884       3       org.objectweb.asm.commons.LocalVariablesSorter::<init> (97 bytes)
Event: 9.160 Thread 0x000001efbcb398e0 nmethod 9884 0x000001efa90ce090 code [0x000001efa90ce280, 0x000001efa90ce778]
Event: 9.160 Thread 0x000001efbcb398e0 9885       3       org.objectweb.asm.Edge::<init> (20 bytes)
Event: 9.160 Thread 0x000001efbcb398e0 nmethod 9885 0x000001efa90ce990 code [0x000001efa90ceb40, 0x000001efa90ced68]
Event: 9.161 Thread 0x000001efbcb398e0 9886       3       jdk.internal.org.objectweb.asm.MethodVisitor::visitLdcInsn (87 bytes)
Event: 9.161 Thread 0x000001efbcb398e0 nmethod 9886 0x000001efa90cee10 code [0x000001efa90cf040, 0x000001efa90cf9a8]
Event: 9.163 Thread 0x000001efbcb398e0 9887       3       org.objectweb.asm.Frame::merge (395 bytes)
Event: 9.164 Thread 0x000001efbcb398e0 nmethod 9887 0x000001efa90cfb90 code [0x000001efa90cfe40, 0x000001efa90d0bd8]
Event: 9.164 Thread 0x000001efbcb398e0 9888       3       org.gradle.internal.instantiation.generator.AsmBackedClassGenerator$ClassBuilderImpl::mixInConventionAware (44 bytes)
Event: 9.164 Thread 0x000001efbcb398e0 nmethod 9888 0x000001efa90d1210 code [0x000001efa90d1440, 0x000001efa90d1b50]
Event: 9.164 Thread 0x000001efbcb398e0 9889       3       org.gradle.internal.instantiation.generator.AsmBackedClassGenerator$ClassBuilderImpl$$Lambda/0x000001efbe206fd0::<init> (10 bytes)
Event: 9.164 Thread 0x000001efbcb398e0 nmethod 9889 0x000001efa90d1e10 code [0x000001efa90d1fc0, 0x000001efa90d2178]
Event: 9.168 Thread 0x000001efbcb398e0 9890       3       org.gradle.internal.instantiation.generator.AsmBackedClassGenerator$ClassBuilderImpl::addExtensionsProperty (20 bytes)
Event: 9.169 Thread 0x000001efbcb398e0 nmethod 9890 0x000001efa90d2210 code [0x000001efa90d2420, 0x000001efa90d2ab0]
Event: 9.169 Thread 0x000001efbcb398e0 9891       3       org.gradle.internal.instantiation.generator.AsmBackedClassGenerator$ClassBuilderImpl$$Lambda/0x000001efbe205fc8::<init> (10 bytes)
Event: 9.169 Thread 0x000001efbcb398e0 nmethod 9891 0x000001efa90d2d10 code [0x000001efa90d2ec0, 0x000001efa90d3078]
Event: 9.169 Thread 0x000001efbcb30e20 9892       4       com.google.common.base.Preconditions::checkElementIndex (25 bytes)
Event: 9.170 Thread 0x000001efbcb30e20 nmethod 9892 0x000001efb0113610 code [0x000001efb01137a0, 0x000001efb0113850]
Event: 9.173 Thread 0x000001efbcb398e0 9893   !   3       org.slf4j.LoggerFactory::getProvider (102 bytes)
Event: 9.173 Thread 0x000001efbcb398e0 nmethod 9893 0x000001efa90d3110 code [0x000001efa90d3340, 0x000001efa90d39b8]

GC Heap History (20 events):
Event: 6.747 GC heap before
{Heap before GC invocations=17 (full 0):
 garbage-first heap   total 93184K, used 80396K [0x0000000080000000, 0x0000000100000000)
  region size 1024K, 33 young (33792K), 5 survivors (5120K)
 Metaspace       used 59899K, committed 62080K, reserved 1114112K
  class space    used 8673K, committed 9728K, reserved 1048576K
}
Event: 6.750 GC heap after
{Heap after GC invocations=18 (full 0):
 garbage-first heap   total 93184K, used 52935K [0x0000000080000000, 0x0000000100000000)
  region size 1024K, 2 young (2048K), 2 survivors (2048K)
 Metaspace       used 59899K, committed 62080K, reserved 1114112K
  class space    used 8673K, committed 9728K, reserved 1048576K
}
Event: 6.902 GC heap before
{Heap before GC invocations=18 (full 0):
 garbage-first heap   total 93184K, used 81607K [0x0000000080000000, 0x0000000100000000)
  region size 1024K, 31 young (31744K), 2 survivors (2048K)
 Metaspace       used 60119K, committed 62208K, reserved 1114112K
  class space    used 8673K, committed 9728K, reserved 1048576K
}
Event: 6.904 GC heap after
{Heap after GC invocations=19 (full 0):
 garbage-first heap   total 93184K, used 53487K [0x0000000080000000, 0x0000000100000000)
  region size 1024K, 2 young (2048K), 2 survivors (2048K)
 Metaspace       used 60119K, committed 62208K, reserved 1114112K
  class space    used 8673K, committed 9728K, reserved 1048576K
}
Event: 7.085 GC heap before
{Heap before GC invocations=20 (full 0):
 garbage-first heap   total 93184K, used 86255K [0x0000000080000000, 0x0000000100000000)
  region size 1024K, 32 young (32768K), 2 survivors (2048K)
 Metaspace       used 60507K, committed 62656K, reserved 1114112K
  class space    used 8729K, committed 9792K, reserved 1048576K
}
Event: 7.087 GC heap after
{Heap after GC invocations=21 (full 0):
 garbage-first heap   total 93184K, used 59328K [0x0000000080000000, 0x0000000100000000)
  region size 1024K, 4 young (4096K), 4 survivors (4096K)
 Metaspace       used 60507K, committed 62656K, reserved 1114112K
  class space    used 8729K, committed 9792K, reserved 1048576K
}
Event: 7.222 GC heap before
{Heap before GC invocations=21 (full 0):
 garbage-first heap   total 93184K, used 88000K [0x0000000080000000, 0x0000000100000000)
  region size 1024K, 27 young (27648K), 4 survivors (4096K)
 Metaspace       used 61617K, committed 63808K, reserved 1114112K
  class space    used 8851K, committed 9920K, reserved 1048576K
}
Event: 7.225 GC heap after
{Heap after GC invocations=22 (full 0):
 garbage-first heap   total 100352K, used 69582K [0x0000000080000000, 0x0000000100000000)
  region size 1024K, 4 young (4096K), 4 survivors (4096K)
 Metaspace       used 61617K, committed 63808K, reserved 1114112K
  class space    used 8851K, committed 9920K, reserved 1048576K
}
Event: 7.392 GC heap before
{Heap before GC invocations=22 (full 0):
 garbage-first heap   total 100352K, used 89038K [0x0000000080000000, 0x0000000100000000)
  region size 1024K, 24 young (24576K), 4 survivors (4096K)
 Metaspace       used 63457K, committed 65664K, reserved 1114112K
  class space    used 9062K, committed 10176K, reserved 1048576K
}
Event: 7.394 GC heap after
{Heap after GC invocations=23 (full 0):
 garbage-first heap   total 100352K, used 70124K [0x0000000080000000, 0x0000000100000000)
  region size 1024K, 1 young (1024K), 1 survivors (1024K)
 Metaspace       used 63457K, committed 65664K, reserved 1114112K
  class space    used 9062K, committed 10176K, reserved 1048576K
}
Event: 7.593 GC heap before
{Heap before GC invocations=24 (full 0):
 garbage-first heap   total 117760K, used 91628K [0x0000000080000000, 0x0000000100000000)
  region size 1024K, 22 young (22528K), 1 survivors (1024K)
 Metaspace       used 65472K, committed 67712K, reserved 1114112K
  class space    used 9325K, committed 10432K, reserved 1048576K
}
Event: 7.595 GC heap after
{Heap after GC invocations=25 (full 0):
 garbage-first heap   total 117760K, used 70639K [0x0000000080000000, 0x0000000100000000)
  region size 1024K, 2 young (2048K), 2 survivors (2048K)
 Metaspace       used 65472K, committed 67712K, reserved 1114112K
  class space    used 9325K, committed 10432K, reserved 1048576K
}
Event: 7.941 GC heap before
{Heap before GC invocations=25 (full 0):
 garbage-first heap   total 117760K, used 108527K [0x0000000080000000, 0x0000000100000000)
  region size 1024K, 38 young (38912K), 2 survivors (2048K)
 Metaspace       used 69563K, committed 71808K, reserved 1114112K
  class space    used 9899K, committed 11008K, reserved 1048576K
}
Event: 7.943 GC heap after
{Heap after GC invocations=26 (full 0):
 garbage-first heap   total 117760K, used 72882K [0x0000000080000000, 0x0000000100000000)
  region size 1024K, 4 young (4096K), 4 survivors (4096K)
 Metaspace       used 69563K, committed 71808K, reserved 1114112K
  class space    used 9899K, committed 11008K, reserved 1048576K
}
Event: 8.199 GC heap before
{Heap before GC invocations=26 (full 0):
 garbage-first heap   total 117760K, used 104626K [0x0000000080000000, 0x0000000100000000)
  region size 1024K, 35 young (35840K), 4 survivors (4096K)
 Metaspace       used 72002K, committed 74304K, reserved 1114112K
  class space    used 10228K, committed 11392K, reserved 1048576K
}
Event: 8.202 GC heap after
{Heap after GC invocations=27 (full 0):
 garbage-first heap   total 117760K, used 74303K [0x0000000080000000, 0x0000000100000000)
  region size 1024K, 4 young (4096K), 4 survivors (4096K)
 Metaspace       used 72002K, committed 74304K, reserved 1114112K
  class space    used 10228K, committed 11392K, reserved 1048576K
}
Event: 8.428 GC heap before
{Heap before GC invocations=28 (full 0):
 garbage-first heap   total 124928K, used 110143K [0x0000000080000000, 0x0000000100000000)
  region size 1024K, 35 young (35840K), 4 survivors (4096K)
 Metaspace       used 73283K, committed 75520K, reserved 1114112K
  class space    used 10407K, committed 11520K, reserved 1048576K
}
Event: 8.431 GC heap after
{Heap after GC invocations=29 (full 0):
 garbage-first heap   total 124928K, used 79006K [0x0000000080000000, 0x0000000100000000)
  region size 1024K, 5 young (5120K), 5 survivors (5120K)
 Metaspace       used 73283K, committed 75520K, reserved 1114112K
  class space    used 10407K, committed 11520K, reserved 1048576K
}
Event: 8.690 GC heap before
{Heap before GC invocations=29 (full 0):
 garbage-first heap   total 124928K, used 111774K [0x0000000080000000, 0x0000000100000000)
  region size 1024K, 37 young (37888K), 5 survivors (5120K)
 Metaspace       used 75601K, committed 77952K, reserved 1179648K
  class space    used 10688K, committed 11840K, reserved 1048576K
}
Event: 8.856 GC heap after
{Heap after GC invocations=30 (full 0):
 garbage-first heap   total 150528K, used 80397K [0x0000000080000000, 0x0000000100000000)
  region size 1024K, 2 young (2048K), 2 survivors (2048K)
 Metaspace       used 75601K, committed 77952K, reserved 1179648K
  class space    used 10688K, committed 11840K, reserved 1048576K
}

Dll operation events (15 events):
Event: 0.006 Loaded shared library C:\Program Files\Android\openjdk\jdk-21.0.8\bin\java.dll
Event: 0.031 Loaded shared library C:\Program Files\Android\openjdk\jdk-21.0.8\bin\jsvml.dll
Event: 0.062 Loaded shared library C:\Program Files\Android\openjdk\jdk-21.0.8\bin\zip.dll
Event: 0.064 Loaded shared library C:\Program Files\Android\openjdk\jdk-21.0.8\bin\instrument.dll
Event: 0.068 Loaded shared library C:\Program Files\Android\openjdk\jdk-21.0.8\bin\net.dll
Event: 0.069 Loaded shared library C:\Program Files\Android\openjdk\jdk-21.0.8\bin\nio.dll
Event: 0.072 Loaded shared library C:\Program Files\Android\openjdk\jdk-21.0.8\bin\zip.dll
Event: 0.191 Loaded shared library C:\Program Files\Android\openjdk\jdk-21.0.8\bin\jimage.dll
Event: 0.336 Loaded shared library C:\Program Files\Android\openjdk\jdk-21.0.8\bin\verify.dll
Event: 0.359 Loaded shared library C:\Users\Admin\.gradle\native\660c5614fbf4a5f2a75b1949f50a0caf5cd603558e7d8a26e50b933a0cfb79d1\windows-amd64\native-platform.dll
Event: 0.367 Loaded shared library C:\Users\Admin\.gradle\native\0.2.8\x86_64-windows-gnu\gradle-fileevents.dll
Event: 0.895 Loaded shared library C:\Program Files\Android\openjdk\jdk-21.0.8\bin\management.dll
Event: 0.897 Loaded shared library C:\Program Files\Android\openjdk\jdk-21.0.8\bin\management_ext.dll
Event: 0.996 Loaded shared library C:\Program Files\Android\openjdk\jdk-21.0.8\bin\extnet.dll
Event: 1.154 Loaded shared library C:\Program Files\Android\openjdk\jdk-21.0.8\bin\sunmscapi.dll

Deoptimization events (20 events):
Event: 8.471 Thread 0x000001ef84bd39a0 Uncommon trap: trap_request=0xffffffc6 fr.pc=0x000001efb0022f48 relative=0x0000000000000068
Event: 8.471 Thread 0x000001ef84bd39a0 Uncommon trap: reason=bimorphic_or_optimized_type_check action=maybe_recompile pc=0x000001efb0022f48 method=java.util.AbstractQueue.add(Ljava/lang/Object;)Z @ 2 c2
Event: 8.471 Thread 0x000001ef84bd39a0 DEOPT PACKING pc=0x000001efb0022f48 sp=0x000000e45b0f4db0
Event: 8.471 Thread 0x000001ef84bd39a0 DEOPT UNPACKING pc=0x000001efaf6d46a2 sp=0x000000e45b0f4d78 mode 2
Event: 8.953 Thread 0x000001ef84bd39a0 Uncommon trap: trap_request=0xffffffde fr.pc=0x000001efafdab844 relative=0x00000000000003c4
Event: 8.953 Thread 0x000001ef84bd39a0 Uncommon trap: reason=class_check action=maybe_recompile pc=0x000001efafdab844 method=java.lang.StringConcatHelper.stringOf(Ljava/lang/Object;)Ljava/lang/String; @ 5 c2
Event: 8.953 Thread 0x000001ef84bd39a0 DEOPT PACKING pc=0x000001efafdab844 sp=0x000000e45b0f5420
Event: 8.953 Thread 0x000001ef84bd39a0 DEOPT UNPACKING pc=0x000001efaf6d46a2 sp=0x000000e45b0f5360 mode 2
Event: 9.044 Thread 0x000001ef84bd39a0 Uncommon trap: trap_request=0xffffffcc fr.pc=0x000001efb007dd54 relative=0x0000000000000294
Event: 9.044 Thread 0x000001ef84bd39a0 Uncommon trap: reason=intrinsic_or_type_checked_inlining action=make_not_entrant pc=0x000001efb007dd54 method=java.util.Arrays.copyOfRange([Ljava/lang/Object;IILjava/lang/Class;)[Ljava/lang/Object; @ 84 c2
Event: 9.044 Thread 0x000001ef84bd39a0 DEOPT PACKING pc=0x000001efb007dd54 sp=0x000000e45b0f55c0
Event: 9.044 Thread 0x000001ef84bd39a0 DEOPT UNPACKING pc=0x000001efaf6d46a2 sp=0x000000e45b0f5560 mode 2
Event: 9.081 Thread 0x000001ef84bd53e0 DEOPT PACKING pc=0x000001efa878087e sp=0x000000e45b6fe700
Event: 9.081 Thread 0x000001ef84bd53e0 DEOPT UNPACKING pc=0x000001efaf6d4e42 sp=0x000000e45b6fdc70 mode 0
Event: 9.101 Thread 0x000001ef84bd53e0 DEOPT PACKING pc=0x000001efa878087e sp=0x000000e45b6fe700
Event: 9.101 Thread 0x000001ef84bd53e0 DEOPT UNPACKING pc=0x000001efaf6d4e42 sp=0x000000e45b6fdc70 mode 0
Event: 9.147 Thread 0x000001ef84bd39a0 Uncommon trap: trap_request=0xffffff45 fr.pc=0x000001efb00a522c relative=0x00000000000024cc
Event: 9.147 Thread 0x000001ef84bd39a0 Uncommon trap: reason=unstable_if action=reinterpret pc=0x000001efb00a522c method=java.lang.NamedPackage.<init>(Ljava/lang/String;Ljava/lang/Module;)V @ 8 c2
Event: 9.147 Thread 0x000001ef84bd39a0 DEOPT PACKING pc=0x000001efb00a522c sp=0x000000e45b0f7510
Event: 9.147 Thread 0x000001ef84bd39a0 DEOPT UNPACKING pc=0x000001efaf6d46a2 sp=0x000000e45b0f7308 mode 2

Classes loaded (20 events):
Event: 8.216 Loading class java/security/interfaces/DSAParams
Event: 8.216 Loading class java/security/interfaces/DSAParams done
Event: 8.216 Loading class java/security/spec/DSAParameterSpec
Event: 8.216 Loading class java/security/spec/DSAParameterSpec done
Event: 8.217 Loading class java/math/SignedMutableBigInteger
Event: 8.217 Loading class java/math/SignedMutableBigInteger done
Event: 8.279 Loading class java/security/KeyStore$ProtectionParameter
Event: 8.280 Loading class java/security/KeyStore$ProtectionParameter done
Event: 8.363 Loading class sun/misc/Unsafe
Event: 8.363 Loading class sun/misc/Unsafe done
Event: 8.392 Loading class sun/reflect/annotation/AnnotationInvocationHandler$1
Event: 8.392 Loading class sun/reflect/annotation/AnnotationInvocationHandler$1 done
Event: 8.416 Loading class java/lang/foreign/ValueLayout
Event: 8.416 Loading class java/lang/foreign/MemoryLayout
Event: 8.416 Loading class java/lang/foreign/MemoryLayout done
Event: 8.416 Loading class java/lang/foreign/ValueLayout done
Event: 8.632 Loading class java/security/KeyStore
Event: 8.632 Loading class java/security/KeyStore done
Event: 8.879 Loading class javax/xml/stream/XMLStreamException
Event: 8.879 Loading class javax/xml/stream/XMLStreamException done

Classes unloaded (0 events):
No events

Classes redefined (0 events):
No events

Internal exceptions (20 events):
Event: 7.012 Thread 0x000001ef84bd39a0 Exception <a 'java/lang/ClassNotFoundException'{0x0000000084469898}: groovy/lang/ReferenceCustomizer> (0x0000000084469898) 
thrown [s\src\hotspot\share\classfile\systemDictionary.cpp, line 312]
Event: 7.024 Thread 0x000001ef84bd4030 Exception <a 'java/lang/NoSuchMethodError'{0x0000000084310248}: static Lorg/gradle/internal/build/event/types/DefaultProjectConfigurationSuccessResult;.<clinit>()V> (0x0000000084310248) 
thrown [s\src\hotspot\share\prims\jni.cpp, line 1111]
Event: 7.024 Thread 0x000001ef84bd4030 Exception <a 'java/lang/NoSuchMethodError'{0x0000000084311610}: static Lorg/gradle/internal/build/event/types/AbstractProjectConfigurationResult;.<clinit>()V> (0x0000000084311610) 
thrown [s\src\hotspot\share\prims\jni.cpp, line 1111]
Event: 7.025 Thread 0x000001ef84bd4030 Exception <a 'java/lang/NoSuchMethodError'{0x000000008431b7d0}: static Lorg/gradle/internal/build/event/types/DefaultPluginApplicationResult;.<clinit>()V> (0x000000008431b7d0) 
thrown [s\src\hotspot\share\prims\jni.cpp, line 1111]
Event: 7.025 Thread 0x000001ef84bd4030 Exception <a 'java/lang/NoSuchMethodError'{0x0000000084326128}: static Lorg/gradle/internal/build/event/types/DefaultBinaryPluginIdentifier;.<clinit>()V> (0x0000000084326128) 
thrown [s\src\hotspot\share\prims\jni.cpp, line 1111]
Event: 7.027 Thread 0x000001ef84bd4030 Exception <a 'java/lang/NoSuchMethodError'{0x0000000084372e50}: static Lorg/gradle/internal/build/event/types/DefaultScriptPluginIdentifier;.<clinit>()V> (0x0000000084372e50) 
thrown [s\src\hotspot\share\prims\jni.cpp, line 1111]
Event: 7.279 Thread 0x000001ef84bd39a0 Implicit null exception at 0x000001efafcaddde to 0x000001efafcade61
Event: 7.328 Thread 0x000001ef84bd39a0 Exception <a 'java/lang/NoSuchMethodError'{0x00000000850b1ce8}: 'int java.lang.invoke.DirectMethodHandle$Holder.invokeSpecialIFC(java.lang.Object, java.lang.Object, java.lang.Object, java.lang.Object, java.lang.Object)'> (0x00000000850b1ce8) 
thrown [s\src\hotspot\share\interpreter\linkResolver.cpp, line 773]
Event: 7.634 Thread 0x000001ef84bd39a0 Exception <a 'java/lang/NoSuchMethodError'{0x000000008df080c8}: 'java.lang.Object java.lang.invoke.DirectMethodHandle$Holder.newInvokeSpecial(java.lang.Object, java.lang.Object, java.lang.Object, java.lang.Object, java.lang.Object, java.lang.Object, java.lang.Object, java.lang.Object, java.lang.Object, java.lang.Object, java.lang.Object, java.lang.Object, java.lang.Object, java.lang.Object, java.lang.Object, java.lang.Object)'> (0x000000008df080c8) 
thrown [s\src\hotspot\share\interpreter\linkResolver.cpp,
Event: 7.635 Thread 0x000001ef84bd39a0 Exception <a 'java/lang/NoSuchMethodError'{0x000000008df0f2a0}: 'java.lang.Object java.lang.invoke.DirectMethodHandle$Holder.invokeSpecial(java.lang.Object, java.lang.Object, java.lang.Object, java.lang.Object, java.lang.Object, java.lang.Object, java.lang.Object, java.lang.Object, java.lang.Object, java.lang.Object, java.lang.Object, java.lang.Object, java.lang.Object, java.lang.Object, java.lang.Object, java.lang.Object, java.lang.Object)'> (0x000000008df0f2a0) 
thrown [s\src\hotspot\share\interpreter\li
Event: 7.635 Thread 0x000001ef84bd39a0 Exception <a 'java/lang/NoSuchMethodError'{0x000000008df153e0}: 'java.lang.Object java.lang.invoke.DelegatingMethodHandle$Holder.reinvoke_L(java.lang.Object, java.lang.Object, java.lang.Object, java.lang.Object, java.lang.Object, java.lang.Object, java.lang.Object, java.lang.Object, java.lang.Object, java.lang.Object, java.lang.Object, java.lang.Object, java.lang.Object, java.lang.Object, java.lang.Object, java.lang.Object)'> (0x000000008df153e0) 
thrown [s\src\hotspot\share\interpreter\linkResolver.cpp, l
Event: 7.901 Thread 0x000001ef84bd39a0 Exception <a 'java/lang/NoSuchMethodError'{0x0000000084b284b0}: static Lorg/jetbrains/kotlin/gradle/plugin/internal/DefaultProjectIsolationStartParameterAccessor$Factory;.<clinit>()V> (0x0000000084b284b0) 
thrown [s\src\hotspot\share\prims\jni.cpp, line 1111]
Event: 7.902 Thread 0x000001ef84bd39a0 Exception <a 'java/lang/NoSuchMethodError'{0x0000000084b4ca60}: static Lorg/jetbrains/kotlin/gradle/plugin/internal/DefaultJavaExecTaskParametersCompatibility$Factory;.<clinit>()V> (0x0000000084b4ca60) 
thrown [s\src\hotspot\share\prims\jni.cpp, line 1111]
Event: 7.904 Thread 0x000001ef84bd39a0 Exception <a 'java/lang/NoSuchMethodError'{0x0000000084b82138}: static Lorg/jetbrains/kotlin/gradle/plugin/internal/DefaultMavenPublicationComponentAccessorFactory;.<clinit>()V> (0x0000000084b82138) 
thrown [s\src\hotspot\share\prims\jni.cpp, line 1111]
Event: 7.905 Thread 0x000001ef84bd39a0 Exception <a 'java/lang/NoSuchMethodError'{0x0000000084ba6eb8}: static Lorg/jetbrains/kotlin/gradle/plugin/diagnostics/DefaultProblemsReporter$Factory;.<clinit>()V> (0x0000000084ba6eb8) 
thrown [s\src\hotspot\share\prims\jni.cpp, line 1111]
Event: 7.906 Thread 0x000001ef84bd39a0 Exception <a 'java/lang/NoSuchMethodError'{0x0000000084bd82a8}: static Lorg/jetbrains/kotlin/gradle/plugin/internal/DefaultCompatibilityConventionRegistrar$Factory;.<clinit>()V> (0x0000000084bd82a8) 
thrown [s\src\hotspot\share\prims\jni.cpp, line 1111]
Event: 7.907 Thread 0x000001ef84bd39a0 Exception <a 'java/lang/NoSuchMethodError'{0x0000000084bfcc48}: static Lorg/jetbrains/kotlin/gradle/plugin/internal/DefaultConfigurationCacheStartParameterAccessorVariantFactory;.<clinit>()V> (0x0000000084bfcc48) 
thrown [s\src\hotspot\share\prims\jni.cpp, line 1111]
Event: 7.920 Thread 0x000001ef84bd39a0 Exception <a 'java/lang/IncompatibleClassChangeError'{0x000000008496f758}: Found class java.lang.Object, but interface was expected> (0x000000008496f758) 
thrown [s\src\hotspot\share\interpreter\linkResolver.cpp, line 840]
Event: 8.023 Thread 0x000001ef84bd39a0 Exception <a 'java/lang/NoSuchMethodError'{0x0000000086588be0}: static Ljava/lang/Object;.<clinit>()V> (0x0000000086588be0) 
thrown [s\src\hotspot\share\prims\jni.cpp, line 1111]
Event: 8.027 Thread 0x000001ef84bd39a0 Exception <a 'java/lang/NoSuchMethodError'{0x00000000865e0560}: static Lorg/jetbrains/kotlin/gradle/plugin/statistics/MetricContainer;.<clinit>()V> (0x00000000865e0560) 
thrown [s\src\hotspot\share\prims\jni.cpp, line 1111]

ZGC Phase Switch (0 events):
No events

VM Operations (20 events):
Event: 7.640 Executing VM operation: HandshakeAllThreads (Deoptimize) done
Event: 7.941 Executing VM operation: G1CollectForAllocation (G1 Evacuation Pause)
Event: 7.943 Executing VM operation: G1CollectForAllocation (G1 Evacuation Pause) done
Event: 8.042 Executing VM operation: HandshakeAllThreads (Deoptimize)
Event: 8.042 Executing VM operation: HandshakeAllThreads (Deoptimize) done
Event: 8.044 Executing VM operation: HandshakeAllThreads (Deoptimize)
Event: 8.044 Executing VM operation: HandshakeAllThreads (Deoptimize) done
Event: 8.124 Executing VM operation: HandshakeAllThreads (Deoptimize)
Event: 8.124 Executing VM operation: HandshakeAllThreads (Deoptimize) done
Event: 8.199 Executing VM operation: G1CollectForAllocation (G1 Evacuation Pause)
Event: 8.202 Executing VM operation: G1CollectForAllocation (G1 Evacuation Pause) done
Event: 8.226 Executing VM operation: G1PauseRemark
Event: 8.229 Executing VM operation: G1PauseRemark done
Event: 8.244 Executing VM operation: G1PauseCleanup
Event: 8.244 Executing VM operation: G1PauseCleanup done
Event: 8.428 Executing VM operation: G1CollectForAllocation (G1 Evacuation Pause)
Event: 8.431 Executing VM operation: G1CollectForAllocation (G1 Evacuation Pause) done
Event: 8.690 Executing VM operation: G1CollectForAllocation (G1 Evacuation Pause)
Event: 8.856 Executing VM operation: G1CollectForAllocation (G1 Evacuation Pause) done
Event: 9.871 Executing VM operation: Cleanup

Memory protections (0 events):
No events

Nmethod flushes (20 events):
Event: 8.228 Thread 0x000001efbcaf56a0 flushing  nmethod 0x000001efa8773290
Event: 8.228 Thread 0x000001efbcaf56a0 flushing  nmethod 0x000001efa8774390
Event: 8.228 Thread 0x000001efbcaf56a0 flushing  nmethod 0x000001efa886ef10
Event: 8.228 Thread 0x000001efbcaf56a0 flushing  nmethod 0x000001efa8870690
Event: 8.228 Thread 0x000001efbcaf56a0 flushing  nmethod 0x000001efa8a54210
Event: 8.228 Thread 0x000001efbcaf56a0 flushing  nmethod 0x000001efa8a5af90
Event: 8.228 Thread 0x000001efbcaf56a0 flushing  nmethod 0x000001efa8d1be10
Event: 8.228 Thread 0x000001efbcaf56a0 flushing  nmethod 0x000001efa8d1fa90
Event: 8.228 Thread 0x000001efbcaf56a0 flushing  nmethod 0x000001efa8183a90
Event: 8.228 Thread 0x000001efbcaf56a0 flushing  nmethod 0x000001efa8913090
Event: 8.228 Thread 0x000001efbcaf56a0 flushing  nmethod 0x000001efa8955990
Event: 8.228 Thread 0x000001efbcaf56a0 flushing  nmethod 0x000001efa8e2ba10
Event: 8.228 Thread 0x000001efbcaf56a0 flushing  nmethod 0x000001efa8823710
Event: 8.228 Thread 0x000001efbcaf56a0 flushing  nmethod 0x000001efa8843090
Event: 8.228 Thread 0x000001efbcaf56a0 flushing  nmethod 0x000001efa8b85a90
Event: 8.228 Thread 0x000001efbcaf56a0 flushing  nmethod 0x000001efa8c0f290
Event: 8.228 Thread 0x000001efbcaf56a0 flushing  nmethod 0x000001efa843a810
Event: 8.228 Thread 0x000001efbcaf56a0 flushing  nmethod 0x000001efa8527590
Event: 8.228 Thread 0x000001efbcaf56a0 flushing  nmethod 0x000001efa891f510
Event: 8.228 Thread 0x000001efbcaf56a0 flushing  nmethod 0x000001efa893ba10

Events (20 events):
Event: 4.759 Thread 0x000001ef84bd39a0 Thread added: 0x000001ef8830fcf0
Event: 6.252 Thread 0x000001ef87ca3550 Thread exited: 0x000001ef87ca3550
Event: 6.252 Thread 0x000001ef84ecf590 Thread exited: 0x000001ef84ecf590
Event: 6.342 Thread 0x000001efbcb398e0 Thread added: 0x000001ef875c6040
Event: 6.511 Thread 0x000001ef84bd39a0 Thread added: 0x000001ef8830d590
Event: 6.511 Thread 0x000001ef84bd39a0 Thread added: 0x000001ef88313e90
Event: 6.511 Thread 0x000001ef84bd39a0 Thread added: 0x000001ef88311730
Event: 6.511 Thread 0x000001ef84bd39a0 Thread added: 0x000001ef88311dc0
Event: 6.512 Thread 0x000001ef84bd39a0 Thread added: 0x000001ef88314520
Event: 6.512 Thread 0x000001ef84bd39a0 Thread added: 0x000001ef88312ae0
Event: 6.512 Thread 0x000001ef84bd39a0 Thread added: 0x000001ef883110a0
Event: 6.512 Thread 0x000001ef84bd39a0 Thread added: 0x000001ef88312450
Event: 6.512 Thread 0x000001ef84bd39a0 Thread added: 0x000001ef88313170
Event: 6.627 Thread 0x000001efbcb398e0 Thread added: 0x000001effe4cfc00
Event: 7.666 Thread 0x000001ef84bd39a0 Thread added: 0x000001ef88313800
Event: 8.043 Thread 0x000001ef84bd39a0 Thread added: 0x000001ef8a4076f0
Event: 8.876 Thread 0x000001effe4cfc00 Thread exited: 0x000001effe4cfc00
Event: 8.888 Thread 0x000001ef875c6040 Thread exited: 0x000001ef875c6040
Event: 8.913 Thread 0x000001efbcb398e0 Thread added: 0x000001ef86ef9790
Event: 8.917 Thread 0x000001efbcb398e0 Thread added: 0x000001ef878e8c50


Dynamic libraries:
0x00007ff6c8ab0000 - 0x00007ff6c8abe000 	C:\Program Files\Android\openjdk\jdk-21.0.8\bin\java.exe
0x00007ff94a580000 - 0x00007ff94a7e7000 	C:\WINDOWS\SYSTEM32\ntdll.dll
0x00007ff949910000 - 0x00007ff9499d9000 	C:\WINDOWS\System32\KERNEL32.DLL
0x00007ff947f20000 - 0x00007ff94830f000 	C:\WINDOWS\System32\KERNELBASE.dll
0x00007ff947ba0000 - 0x00007ff947ceb000 	C:\WINDOWS\System32\ucrtbase.dll
0x00007ff941710000 - 0x00007ff941728000 	C:\Program Files\Android\openjdk\jdk-21.0.8\bin\jli.dll
0x00007ff940cd0000 - 0x00007ff940cee000 	C:\Program Files\Android\openjdk\jdk-21.0.8\bin\VCRUNTIME140.dll
0x00007ff94a2c0000 - 0x00007ff94a485000 	C:\WINDOWS\System32\USER32.dll
0x00007ff92c390000 - 0x00007ff92c623000 	C:\WINDOWS\WinSxS\amd64_microsoft.windows.common-controls_6595b64144ccf1df_6.0.26100.7309_none_3e05feeae336a044\COMCTL32.dll
0x00007ff9476d0000 - 0x00007ff9476f7000 	C:\WINDOWS\System32\win32u.dll
0x00007ff948320000 - 0x00007ff9483c9000 	C:\WINDOWS\System32\msvcrt.dll
0x00007ff9497e0000 - 0x00007ff94980b000 	C:\WINDOWS\System32\GDI32.dll
0x00007ff947910000 - 0x00007ff947a3c000 	C:\WINDOWS\System32\gdi32full.dll
0x00007ff947a40000 - 0x00007ff947ae3000 	C:\WINDOWS\System32\msvcp_win.dll
0x00007ff949b90000 - 0x00007ff949bc1000 	C:\WINDOWS\System32\IMM32.DLL
0x00007ff942340000 - 0x00007ff94234c000 	C:\Program Files\Android\openjdk\jdk-21.0.8\bin\vcruntime140_1.dll
0x00007ff8dcee0000 - 0x00007ff8dcf69000 	C:\Program Files\Android\openjdk\jdk-21.0.8\bin\msvcp140.dll
0x00007ff8828c0000 - 0x00007ff88366c000 	C:\Program Files\Android\openjdk\jdk-21.0.8\bin\server\jvm.dll
0x00007ff948dd0000 - 0x00007ff948e84000 	C:\WINDOWS\System32\ADVAPI32.dll
0x00007ff9499e0000 - 0x00007ff949a86000 	C:\WINDOWS\System32\sechost.dll
0x00007ff948f10000 - 0x00007ff949028000 	C:\WINDOWS\System32\RPCRT4.dll
0x00007ff94a4c0000 - 0x00007ff94a534000 	C:\WINDOWS\System32\WS2_32.dll
0x00007ff9472c0000 - 0x00007ff94731e000 	C:\WINDOWS\SYSTEM32\POWRPROF.dll
0x00007ff938630000 - 0x00007ff938665000 	C:\WINDOWS\SYSTEM32\WINMM.dll
0x00007ff940c80000 - 0x00007ff940c8b000 	C:\WINDOWS\SYSTEM32\VERSION.dll
0x00007ff9472a0000 - 0x00007ff9472b4000 	C:\WINDOWS\SYSTEM32\UMPDC.dll
0x00007ff946440000 - 0x00007ff94645b000 	C:\WINDOWS\SYSTEM32\kernel.appcore.dll
0x00007ff9416b0000 - 0x00007ff9416ba000 	C:\Program Files\Android\openjdk\jdk-21.0.8\bin\jimage.dll
0x00007ff944eb0000 - 0x00007ff9450f2000 	C:\WINDOWS\SYSTEM32\DBGHELP.DLL
0x00007ff948850000 - 0x00007ff948bd5000 	C:\WINDOWS\System32\combase.dll
0x00007ff949bd0000 - 0x00007ff949ca6000 	C:\WINDOWS\System32\OLEAUT32.dll
0x00007ff92c2e0000 - 0x00007ff92c31c000 	C:\WINDOWS\SYSTEM32\dbgcore.DLL
0x00007ff947af0000 - 0x00007ff947b95000 	C:\WINDOWS\System32\bcryptPrimitives.dll
0x00007ff928760000 - 0x00007ff928770000 	C:\Program Files\Android\openjdk\jdk-21.0.8\bin\instrument.dll
0x00007ff928830000 - 0x00007ff928851000 	C:\Program Files\Android\openjdk\jdk-21.0.8\bin\java.dll
0x00007ff949080000 - 0x00007ff9497d3000 	C:\WINDOWS\System32\SHELL32.dll
0x00007ff947cf0000 - 0x00007ff947e5a000 	C:\WINDOWS\System32\wintypes.dll
0x00007ff9452b0000 - 0x00007ff945b0e000 	C:\WINDOWS\SYSTEM32\windows.storage.dll
0x00007ff948750000 - 0x00007ff948845000 	C:\WINDOWS\System32\SHCORE.dll
0x00007ff949a90000 - 0x00007ff949af6000 	C:\WINDOWS\System32\shlwapi.dll
0x00007ff9475f0000 - 0x00007ff947619000 	C:\WINDOWS\SYSTEM32\profapi.dll
0x00007ff8d4130000 - 0x00007ff8d4206000 	C:\Program Files\Android\openjdk\jdk-21.0.8\bin\jsvml.dll
0x00007ff91e010000 - 0x00007ff91e028000 	C:\Program Files\Android\openjdk\jdk-21.0.8\bin\zip.dll
0x00007ff920850000 - 0x00007ff920861000 	C:\Program Files\Android\openjdk\jdk-21.0.8\bin\net.dll
0x00007ff9405e0000 - 0x00007ff940708000 	C:\WINDOWS\SYSTEM32\WINHTTP.dll
0x00007ff946990000 - 0x00007ff9469fb000 	C:\WINDOWS\system32\mswsock.dll
0x00007ff920830000 - 0x00007ff920846000 	C:\Program Files\Android\openjdk\jdk-21.0.8\bin\nio.dll
0x00007ff92c190000 - 0x00007ff92c1a0000 	C:\Program Files\Android\openjdk\jdk-21.0.8\bin\verify.dll
0x00007ff936940000 - 0x00007ff936967000 	C:\Users\Admin\.gradle\native\660c5614fbf4a5f2a75b1949f50a0caf5cd603558e7d8a26e50b933a0cfb79d1\windows-amd64\native-platform.dll
0x00007ff8dce60000 - 0x00007ff8dced7000 	C:\Users\Admin\.gradle\native\0.2.8\x86_64-windows-gnu\gradle-fileevents.dll
0x00007ff92e830000 - 0x00007ff92e83a000 	C:\Program Files\Android\openjdk\jdk-21.0.8\bin\management.dll
0x00007ff92e7d0000 - 0x00007ff92e7dc000 	C:\Program Files\Android\openjdk\jdk-21.0.8\bin\management_ext.dll
0x00007ff949900000 - 0x00007ff949908000 	C:\WINDOWS\System32\PSAPI.DLL
0x00007ff945e30000 - 0x00007ff945e64000 	C:\WINDOWS\SYSTEM32\IPHLPAPI.DLL
0x00007ff948be0000 - 0x00007ff948bea000 	C:\WINDOWS\System32\NSI.dll
0x00007ff92bae0000 - 0x00007ff92bae9000 	C:\Program Files\Android\openjdk\jdk-21.0.8\bin\extnet.dll
0x00007ff946d80000 - 0x00007ff946d9b000 	C:\WINDOWS\SYSTEM32\CRYPTSP.dll
0x00007ff9463a0000 - 0x00007ff9463da000 	C:\WINDOWS\system32\rsaenh.dll
0x00007ff946a40000 - 0x00007ff946a6b000 	C:\WINDOWS\SYSTEM32\USERENV.dll
0x00007ff9475c0000 - 0x00007ff9475ea000 	C:\WINDOWS\SYSTEM32\bcrypt.dll
0x00007ff946be0000 - 0x00007ff946bec000 	C:\WINDOWS\SYSTEM32\CRYPTBASE.dll
0x00007ff91dfe0000 - 0x00007ff91dfee000 	C:\Program Files\Android\openjdk\jdk-21.0.8\bin\sunmscapi.dll
0x00007ff947700000 - 0x00007ff947877000 	C:\WINDOWS\System32\CRYPT32.dll
0x00007ff946f40000 - 0x00007ff946f70000 	C:\WINDOWS\SYSTEM32\ncrypt.dll
0x00007ff946ef0000 - 0x00007ff946f2f000 	C:\WINDOWS\SYSTEM32\NTASN1.dll
0x00007ff904c40000 - 0x00007ff904c48000 	C:\WINDOWS\system32\wshunix.dll

JVMTI agents:
C:\Users\Admin\.gradle\wrapper\dists\gradle-9.6.0-bin\42k10rwplmzkhuboz9kdazi7s\gradle-9.6.0\lib\agents\gradle-instrumentation-agent-9.6.0.jar path:C:\Program Files\Android\openjdk\jdk-21.0.8\bin\instrument.dll, loaded, initialized, instrumentlib options:none

dbghelp: loaded successfully - version: 4.0.5 - missing functions: none
symbol engine: initialized successfully - sym options: 0x614 - pdb path: .;C:\Program Files\Android\openjdk\jdk-21.0.8\bin;C:\WINDOWS\SYSTEM32;C:\WINDOWS\WinSxS\amd64_microsoft.windows.common-controls_6595b64144ccf1df_6.0.26100.7309_none_3e05feeae336a044;C:\Program Files\Android\openjdk\jdk-21.0.8\bin\server;C:\Users\Admin\.gradle\native\660c5614fbf4a5f2a75b1949f50a0caf5cd603558e7d8a26e50b933a0cfb79d1\windows-amd64;C:\Users\Admin\.gradle\native\0.2.8\x86_64-windows-gnu

VM Arguments:
jvm_args: --add-opens=java.base/java.lang=ALL-UNNAMED --add-opens=java.base/java.lang.invoke=ALL-UNNAMED --add-opens=java.base/java.util=ALL-UNNAMED --add-opens=java.prefs/java.util.prefs=ALL-UNNAMED --add-exports=jdk.compiler/com.sun.tools.javac.api=ALL-UNNAMED --add-exports=jdk.compiler/com.sun.tools.javac.util=ALL-UNNAMED --add-opens=java.base/java.nio.charset=ALL-UNNAMED --add-opens=java.base/java.net=ALL-UNNAMED --add-opens=java.base/java.util.concurrent=ALL-UNNAMED --add-opens=java.base/java.util.concurrent.atomic=ALL-UNNAMED --add-opens=java.xml/javax.xml.namespace=ALL-UNNAMED --add-opens=java.base/java.time=ALL-UNNAMED -Xmx2048m -Dfile.encoding=UTF-8 -Duser.country=US -Duser.language=en -Duser.variant -javaagent:C:\Users\Admin\.gradle\wrapper\dists\gradle-9.6.0-bin\42k10rwplmzkhuboz9kdazi7s\gradle-9.6.0\lib\agents\gradle-instrumentation-agent-9.6.0.jar 
java_command: org.gradle.launcher.daemon.bootstrap.GradleDaemon 9.6.0
java_class_path (initial): C:\Users\Admin\.gradle\wrapper\dists\gradle-9.6.0-bin\42k10rwplmzkhuboz9kdazi7s\gradle-9.6.0\lib\gradle-daemon-main-9.6.0.jar
Launcher Type: SUN_STANDARD

[Global flags]
     intx CICompilerCount                          = 4                                         {product} {ergonomic}
     uint ConcGCThreads                            = 3                                         {product} {ergonomic}
     uint G1ConcRefinementThreads                  = 10                                        {product} {ergonomic}
   size_t G1HeapRegionSize                         = 1048576                                   {product} {ergonomic}
    uintx GCDrainStackTargetSize                   = 64                                        {product} {ergonomic}
   size_t InitialHeapSize                          = 266338304                                 {product} {ergonomic}
   size_t MarkStackSize                            = 4194304                                   {product} {ergonomic}
   size_t MaxHeapSize                              = 2147483648                                {product} {command line}
   size_t MaxNewSize                               = 1287651328                                {product} {ergonomic}
   size_t MinHeapDeltaBytes                        = 1048576                                   {product} {ergonomic}
   size_t MinHeapSize                              = 8388608                                   {product} {ergonomic}
    uintx NonNMethodCodeHeapSize                   = 5839372                                {pd product} {ergonomic}
    uintx NonProfiledCodeHeapSize                  = 122909434                              {pd product} {ergonomic}
    uintx ProfiledCodeHeapSize                     = 122909434                              {pd product} {ergonomic}
    uintx ReservedCodeCacheSize                    = 251658240                              {pd product} {ergonomic}
     bool SegmentedCodeCache                       = true                                      {product} {ergonomic}
   size_t SoftMaxHeapSize                          = 2147483648                             {manageable} {ergonomic}
     bool UseCompressedOops                        = true                           {product lp64_product} {ergonomic}
     bool UseG1GC                                  = true                                      {product} {ergonomic}
     bool UseLargePagesIndividualAllocation        = false                                  {pd product} {ergonomic}

Logging:
Log output configuration:
 #0: stdout all=warning uptime,level,tags foldmultilines=false
 #1: stderr all=off uptime,level,tags foldmultilines=false

Environment Variables:
PATH=C:\Program Files (x86)\Common Files\Oracle\Java\java8path;C:\Program Files (x86)\Common Files\Oracle\Java\javapath;C:\Program Files\NVIDIA GPU Computing Toolkit\CUDA\v12.4\bin;C:\Program Files\NVIDIA GPU Computing Toolkit\CUDA\v12.4\libnvvp;C:\WINDOWS\system32;C:\WINDOWS;C:\WINDOWS\System32\Wbem;C:\WINDOWS\System32\WindowsPowerShell\v1.0\;C:\WINDOWS\System32\OpenSSH\;C:\Program Files\NVIDIA Corporation\NVIDIA App\NvDLISR;C:\Program Files\Cloudflare\Cloudflare WARP\;C:\Program Files\dotnet\;C:\Program Files (x86)\NVIDIA Corporation\PhysX\Common;C:\msys64\ucrt64\bin;C:\Program Files\Microsoft SQL Server\170\Tools\Binn\;C:\Program Files\Microsoft SQL Server\Client SDK\ODBC\170\Tools\Binn\;C:\Program Files (x86)\Microsoft SQL Server\170\Tools\Binn\;C:\Program Files\Microsoft SQL Server\Client SDK\ODBC\180\Tools\Binn\;C:\Program Files\Microsoft SQL Server\170\DTS\Binn\;C:\Program Files\Git\cmd;C:\Program Files\NVIDIA Corporation\Nsight Compute 2024.1.0\;C:\Program Files (x86)\Microsoft Visual Studio\2022\BuildTools\VC\Tools\MSVC\14.44.35207\bin\Hostx64\x64;C:\Program Files (x86)\Microsoft Visual Studio\2022\BuildTools\Common7\IDE;C:\Program Files\nodejs\;C:\Program Files\MySQL\MySQL Shell 8.0\bin\;C:\Users\Admin\AppData\Local\Programs\Python\Python311\Scripts\;C:\Users\Admin\AppData\Local\Programs\Python\Python311\;C:\Users\Admin\AppData\Local\Programs\Python\Python312\Scripts\;C:\Users\Admin\AppData\Local\Programs\Python\Python312\;C:\Users\Admin\AppData\Local\Microsoft\WindowsApps;C:\Users\Admin\AppData\Local\Programs\Microsoft VS Code\bin;C:\Users\Admin\AppData\Local\Programs\Azure Data Studio\bin;C:\Users\Admin\AppData\Local\Programs\Antigravity\bin;E:\JetBrains\PyCharm 2026.1\bin;E:\JetBrains\JetBrains Rider 2026.1.1\bin;C:\Users\Admin\AppData\Roaming\npm;E:\Antigravity IDE\bin;C:\Users\Admin\.dotnet\tools;C:\Users\Admin\AppData\Local\Microsoft\WinGet\Links;C:\Users\Admin\AppData\Local\Programs\Antigravity IDE\bin
USERNAME=Admin
OS=Windows_NT
PROCESSOR_IDENTIFIER=Intel64 Family 6 Model 151 Stepping 2, GenuineIntel
TMP=C:\Users\Admin\AppData\Local\Temp
TEMP=C:\Users\Admin\AppData\Local\Temp




Periodic native trim disabled

---------------  S Y S T E M  ---------------

OS:
 Windows 11 , 64 bit Build 26100 (10.0.26100.7309)
OS uptime: 0 days 7:59 hours
Hyper-V role detected

CPU: total 12 (initial active 12) (6 cores per cpu, 2 threads per core) family 6 model 151 stepping 2 microcode 0x23, cx8, cmov, fxsr, ht, mmx, 3dnowpref, sse, sse2, sse3, ssse3, sse4.1, sse4.2, popcnt, lzcnt, tsc, tscinvbit, avx, avx2, aes, erms, clmul, bmi1, bmi2, adx, sha, fma, vzeroupper, clflush, clflushopt, clwb, hv, serialize, rdtscp, rdpid, fsrm, f16c, cet_ibt, cet_ss
Processor Information for the first 12 processors :
  Max Mhz: 2500, Current Mhz: 2500, Mhz Limit: 2500

Memory: 4k page, system-wide physical 16197M (784M free)
TotalPageFile size 28485M (AvailPageFile size 15M)
current process WorkingSet (physical memory assigned to process): 400M, peak: 410M
current process commit charge ("private bytes"): 449M, peak: 460M

vm_info: OpenJDK 64-Bit Server VM (21.0.8+9-LTS) for windows-amd64 JRE (21.0.8+9-LTS), built on 2025-07-10T20:22:44Z by "MicrosoftCorporation" with unknown MS VC++:1944

END.
